2016-09-10 17:52:19 [127.0.0.1][-][-][info][application] [seller][front\controllers\UserPassportController][actionGetCode][][0][success] time_used[1076]
    in E:\app.xiaomaijr.com\api\controllers\ApiBaseController.php:91
    in E:\app.xiaomaijr.com\front\controllers\UserPassportController.php:62
2016-09-10 17:52:17 [127.0.0.1][-][-][info][application] $_POST = [
    'account' => '18679404215'
]

$_COOKIE = [
    'a2749_times' => '1'
    'Hm_lvt_28b51bc33cffaa9efa2aea9ccdc72f7a' => '1472115351'
]

$_SERVER = [
    'REDIRECT_MIBDIRS' => 'D:/Xampp/php/extras/mibs'
    'REDIRECT_MYSQL_HOME' => '\\xampp\\mysql\\bin'
    'REDIRECT_OPENSSL_CONF' => 'D:/Xampp/apache/bin/openssl.cnf'
    'REDIRECT_PHP_PEAR_SYSCONF_DIR' => '\\xampp\\php'
    'REDIRECT_PHPRC' => '\\xampp\\php'
    'REDIRECT_TMP' => '\\xampp\\tmp'
    'REDIRECT_STATUS' => '200'
    'MIBDIRS' => 'D:/Xampp/php/extras/mibs'
    'MYSQL_HOME' => '\\xampp\\mysql\\bin'
    'OPENSSL_CONF' => 'D:/Xampp/apache/bin/openssl.cnf'
    'PHP_PEAR_SYSCONF_DIR' => '\\xampp\\php'
    'PHPRC' => '\\xampp\\php'
    'TMP' => '\\xampp\\tmp'
    'HTTP_HOST' => 'www.yiyuan.com'
    'HTTP_CONNECTION' => 'keep-alive'
    'CONTENT_LENGTH' => '19'
    'HTTP_ACCEPT' => 'application/json, text/javascript, */*; q=0.01'
    'HTTP_ORIGIN' => 'http://www.yiyuan.com'
    'HTTP_X_REQUESTED_WITH' => 'XMLHttpRequest'
    'HTTP_USER_AGENT' => 'Mozilla/5.0 (Windows NT 6.1; WOW64) AppleWebKit/537.36 (KHTML, like Gecko) Chrome/50.0.2661.94 Safari/537.36'
    'CONTENT_TYPE' => 'application/x-www-form-urlencoded; charset=UTF-8'
    'HTTP_REFERER' => 'http://www.yiyuan.com/user-passport/login-view'
    'HTTP_ACCEPT_ENCODING' => 'gzip, deflate'
    'HTTP_ACCEPT_LANGUAGE' => 'zh-CN,zh;q=0.8'
    'HTTP_COOKIE' => 'a2749_times=1; Hm_lvt_28b51bc33cffaa9efa2aea9ccdc72f7a=1472115351'
    'PATH' => 'C:\\Program Files (x86)\\Common Files\\NetSarang;C:\\Program Files (x86)\\Intel\\iCLS Client\\;C:\\Program Files\\Intel\\iCLS Client\\;C:\\Windows\\system32;C:\\Windows;C:\\Windows\\System32\\Wbem;C:\\Windows\\System32\\WindowsPowerShell\\v1.0\\;C:\\Program Files\\Lenovo\\Fingerprint Manager Pro\\;C:\\Program Files\\Intel\\Intel(R) Management Engine Components\\DAL;C:\\Program Files (x86)\\Intel\\Intel(R) Management Engine Components\\DAL;C:\\Program Files\\Intel\\Intel(R) Management Engine Components\\IPT;C:\\Program Files (x86)\\Intel\\Intel(R) Management Engine Components\\IPT;D:\\TortoiseSVN\\bin;C:\\Program Files (x86)\\AOMEI Backupper 2.1;C:\\Program Files\\MIT\\Kerberos\\bin'
    'SystemRoot' => 'C:\\Windows'
    'COMSPEC' => 'C:\\Windows\\system32\\cmd.exe'
    'PATHEXT' => '.COM;.EXE;.BAT;.CMD;.VBS;.VBE;.JS;.JSE;.WSF;.WSH;.MSC'
    'WINDIR' => 'C:\\Windows'
    'SERVER_SIGNATURE' => '<address>Apache/2.4.17 (Win32) OpenSSL/1.0.2d PHP/5.6.14 Server at www.yiyuan.com Port 80</address>
'
    'SERVER_SOFTWARE' => 'Apache/2.4.17 (Win32) OpenSSL/1.0.2d PHP/5.6.14'
    'SERVER_NAME' => 'www.yiyuan.com'
    'SERVER_ADDR' => '127.0.0.1'
    'SERVER_PORT' => '80'
    'REMOTE_ADDR' => '127.0.0.1'
    'DOCUMENT_ROOT' => 'E:/app.xiaomaijr.com/front/web/'
    'REQUEST_SCHEME' => 'http'
    'CONTEXT_PREFIX' => ''
    'CONTEXT_DOCUMENT_ROOT' => 'E:/app.xiaomaijr.com/front/web/'
    'SERVER_ADMIN' => '409838862@qq.com'
    'SCRIPT_FILENAME' => 'E:/app.xiaomaijr.com/front/web/index.php'
    'REMOTE_PORT' => '57805'
    'REDIRECT_URL' => 'http://www.yiyuan.com/user-passport/get-code'
    'GATEWAY_INTERFACE' => 'CGI/1.1'
    'SERVER_PROTOCOL' => 'HTTP/1.1'
    'REQUEST_METHOD' => 'POST'
    'QUERY_STRING' => ''
    'REQUEST_URI' => '/user-passport/get-code'
    'SCRIPT_NAME' => '/index.php'
    'PATH_INFO' => '/web/user-passport/get-code'
    'PATH_TRANSLATED' => 'redirect:\\index.php\\web\\web\\user-passport\\get-code\\user-passport\\get-code'
    'PHP_SELF' => '/index.php/web/user-passport/get-code'
    'REQUEST_TIME_FLOAT' => 1473501137.167
    'REQUEST_TIME' => 1473501137
]
2016-09-10 17:53:44 [127.0.0.1][-][-][info][application] [seller][front\controllers\UserPassportController][actionGetCode][][0][success] time_used[1047]
    in E:\app.xiaomaijr.com\api\controllers\ApiBaseController.php:91
    in E:\app.xiaomaijr.com\front\controllers\UserPassportController.php:62
2016-09-10 17:53:42 [127.0.0.1][-][-][info][application] $_POST = [
    'account' => '18679404215'
]

$_COOKIE = [
    'a2749_times' => '1'
    'Hm_lvt_28b51bc33cffaa9efa2aea9ccdc72f7a' => '1472115351'
]

$_SERVER = [
    'REDIRECT_MIBDIRS' => 'D:/Xampp/php/extras/mibs'
    'REDIRECT_MYSQL_HOME' => '\\xampp\\mysql\\bin'
    'REDIRECT_OPENSSL_CONF' => 'D:/Xampp/apache/bin/openssl.cnf'
    'REDIRECT_PHP_PEAR_SYSCONF_DIR' => '\\xampp\\php'
    'REDIRECT_PHPRC' => '\\xampp\\php'
    'REDIRECT_TMP' => '\\xampp\\tmp'
    'REDIRECT_STATUS' => '200'
    'MIBDIRS' => 'D:/Xampp/php/extras/mibs'
    'MYSQL_HOME' => '\\xampp\\mysql\\bin'
    'OPENSSL_CONF' => 'D:/Xampp/apache/bin/openssl.cnf'
    'PHP_PEAR_SYSCONF_DIR' => '\\xampp\\php'
    'PHPRC' => '\\xampp\\php'
    'TMP' => '\\xampp\\tmp'
    'HTTP_HOST' => 'www.yiyuan.com'
    'HTTP_CONNECTION' => 'keep-alive'
    'CONTENT_LENGTH' => '19'
    'HTTP_ACCEPT' => 'application/json, text/javascript, */*; q=0.01'
    'HTTP_ORIGIN' => 'http://www.yiyuan.com'
    'HTTP_X_REQUESTED_WITH' => 'XMLHttpRequest'
    'HTTP_USER_AGENT' => 'Mozilla/5.0 (Windows NT 6.1; WOW64) AppleWebKit/537.36 (KHTML, like Gecko) Chrome/50.0.2661.94 Safari/537.36'
    'CONTENT_TYPE' => 'application/x-www-form-urlencoded; charset=UTF-8'
    'HTTP_REFERER' => 'http://www.yiyuan.com/user-passport/login-view'
    'HTTP_ACCEPT_ENCODING' => 'gzip, deflate'
    'HTTP_ACCEPT_LANGUAGE' => 'zh-CN,zh;q=0.8'
    'HTTP_COOKIE' => 'a2749_times=1; Hm_lvt_28b51bc33cffaa9efa2aea9ccdc72f7a=1472115351'
    'PATH' => 'C:\\Program Files (x86)\\Common Files\\NetSarang;C:\\Program Files (x86)\\Intel\\iCLS Client\\;C:\\Program Files\\Intel\\iCLS Client\\;C:\\Windows\\system32;C:\\Windows;C:\\Windows\\System32\\Wbem;C:\\Windows\\System32\\WindowsPowerShell\\v1.0\\;C:\\Program Files\\Lenovo\\Fingerprint Manager Pro\\;C:\\Program Files\\Intel\\Intel(R) Management Engine Components\\DAL;C:\\Program Files (x86)\\Intel\\Intel(R) Management Engine Components\\DAL;C:\\Program Files\\Intel\\Intel(R) Management Engine Components\\IPT;C:\\Program Files (x86)\\Intel\\Intel(R) Management Engine Components\\IPT;D:\\TortoiseSVN\\bin;C:\\Program Files (x86)\\AOMEI Backupper 2.1;C:\\Program Files\\MIT\\Kerberos\\bin'
    'SystemRoot' => 'C:\\Windows'
    'COMSPEC' => 'C:\\Windows\\system32\\cmd.exe'
    'PATHEXT' => '.COM;.EXE;.BAT;.CMD;.VBS;.VBE;.JS;.JSE;.WSF;.WSH;.MSC'
    'WINDIR' => 'C:\\Windows'
    'SERVER_SIGNATURE' => '<address>Apache/2.4.17 (Win32) OpenSSL/1.0.2d PHP/5.6.14 Server at www.yiyuan.com Port 80</address>
'
    'SERVER_SOFTWARE' => 'Apache/2.4.17 (Win32) OpenSSL/1.0.2d PHP/5.6.14'
    'SERVER_NAME' => 'www.yiyuan.com'
    'SERVER_ADDR' => '127.0.0.1'
    'SERVER_PORT' => '80'
    'REMOTE_ADDR' => '127.0.0.1'
    'DOCUMENT_ROOT' => 'E:/app.xiaomaijr.com/front/web/'
    'REQUEST_SCHEME' => 'http'
    'CONTEXT_PREFIX' => ''
    'CONTEXT_DOCUMENT_ROOT' => 'E:/app.xiaomaijr.com/front/web/'
    'SERVER_ADMIN' => '409838862@qq.com'
    'SCRIPT_FILENAME' => 'E:/app.xiaomaijr.com/front/web/index.php'
    'REMOTE_PORT' => '64880'
    'REDIRECT_URL' => 'http://www.yiyuan.com/user-passport/get-code'
    'GATEWAY_INTERFACE' => 'CGI/1.1'
    'SERVER_PROTOCOL' => 'HTTP/1.1'
    'REQUEST_METHOD' => 'POST'
    'QUERY_STRING' => ''
    'REQUEST_URI' => '/user-passport/get-code'
    'SCRIPT_NAME' => '/index.php'
    'PATH_INFO' => '/web/user-passport/get-code'
    'PATH_TRANSLATED' => 'redirect:\\index.php\\web\\web\\user-passport\\get-code\\user-passport\\get-code'
    'PHP_SELF' => '/index.php/web/user-passport/get-code'
    'REQUEST_TIME_FLOAT' => 1473501222.903
    'REQUEST_TIME' => 1473501222
]
2016-09-10 17:55:53 [127.0.0.1][-][-][info][application] [seller][front\controllers\UserPassportController][actionGetCode][][0][success] time_used[1055]
    in E:\app.xiaomaijr.com\api\controllers\ApiBaseController.php:91
    in E:\app.xiaomaijr.com\front\controllers\UserPassportController.php:62
2016-09-10 17:55:51 [127.0.0.1][-][-][info][application] $_POST = [
    'account' => '18679404215'
]

$_COOKIE = [
    'a2749_times' => '1'
    'Hm_lvt_28b51bc33cffaa9efa2aea9ccdc72f7a' => '1472115351'
]

$_SERVER = [
    'REDIRECT_MIBDIRS' => 'D:/Xampp/php/extras/mibs'
    'REDIRECT_MYSQL_HOME' => '\\xampp\\mysql\\bin'
    'REDIRECT_OPENSSL_CONF' => 'D:/Xampp/apache/bin/openssl.cnf'
    'REDIRECT_PHP_PEAR_SYSCONF_DIR' => '\\xampp\\php'
    'REDIRECT_PHPRC' => '\\xampp\\php'
    'REDIRECT_TMP' => '\\xampp\\tmp'
    'REDIRECT_STATUS' => '200'
    'MIBDIRS' => 'D:/Xampp/php/extras/mibs'
    'MYSQL_HOME' => '\\xampp\\mysql\\bin'
    'OPENSSL_CONF' => 'D:/Xampp/apache/bin/openssl.cnf'
    'PHP_PEAR_SYSCONF_DIR' => '\\xampp\\php'
    'PHPRC' => '\\xampp\\php'
    'TMP' => '\\xampp\\tmp'
    'HTTP_HOST' => 'www.yiyuan.com'
    'HTTP_CONNECTION' => 'keep-alive'
    'CONTENT_LENGTH' => '19'
    'HTTP_ACCEPT' => 'application/json, text/javascript, */*; q=0.01'
    'HTTP_ORIGIN' => 'http://www.yiyuan.com'
    'HTTP_X_REQUESTED_WITH' => 'XMLHttpRequest'
    'HTTP_USER_AGENT' => 'Mozilla/5.0 (Windows NT 6.1; WOW64) AppleWebKit/537.36 (KHTML, like Gecko) Chrome/50.0.2661.94 Safari/537.36'
    'CONTENT_TYPE' => 'application/x-www-form-urlencoded; charset=UTF-8'
    'HTTP_REFERER' => 'http://www.yiyuan.com/user-passport/login-view'
    'HTTP_ACCEPT_ENCODING' => 'gzip, deflate'
    'HTTP_ACCEPT_LANGUAGE' => 'zh-CN,zh;q=0.8'
    'HTTP_COOKIE' => 'a2749_times=1; Hm_lvt_28b51bc33cffaa9efa2aea9ccdc72f7a=1472115351'
    'PATH' => 'C:\\Program Files (x86)\\Common Files\\NetSarang;C:\\Program Files (x86)\\Intel\\iCLS Client\\;C:\\Program Files\\Intel\\iCLS Client\\;C:\\Windows\\system32;C:\\Windows;C:\\Windows\\System32\\Wbem;C:\\Windows\\System32\\WindowsPowerShell\\v1.0\\;C:\\Program Files\\Lenovo\\Fingerprint Manager Pro\\;C:\\Program Files\\Intel\\Intel(R) Management Engine Components\\DAL;C:\\Program Files (x86)\\Intel\\Intel(R) Management Engine Components\\DAL;C:\\Program Files\\Intel\\Intel(R) Management Engine Components\\IPT;C:\\Program Files (x86)\\Intel\\Intel(R) Management Engine Components\\IPT;D:\\TortoiseSVN\\bin;C:\\Program Files (x86)\\AOMEI Backupper 2.1;C:\\Program Files\\MIT\\Kerberos\\bin'
    'SystemRoot' => 'C:\\Windows'
    'COMSPEC' => 'C:\\Windows\\system32\\cmd.exe'
    'PATHEXT' => '.COM;.EXE;.BAT;.CMD;.VBS;.VBE;.JS;.JSE;.WSF;.WSH;.MSC'
    'WINDIR' => 'C:\\Windows'
    'SERVER_SIGNATURE' => '<address>Apache/2.4.17 (Win32) OpenSSL/1.0.2d PHP/5.6.14 Server at www.yiyuan.com Port 80</address>
'
    'SERVER_SOFTWARE' => 'Apache/2.4.17 (Win32) OpenSSL/1.0.2d PHP/5.6.14'
    'SERVER_NAME' => 'www.yiyuan.com'
    'SERVER_ADDR' => '127.0.0.1'
    'SERVER_PORT' => '80'
    'REMOTE_ADDR' => '127.0.0.1'
    'DOCUMENT_ROOT' => 'E:/app.xiaomaijr.com/front/web/'
    'REQUEST_SCHEME' => 'http'
    'CONTEXT_PREFIX' => ''
    'CONTEXT_DOCUMENT_ROOT' => 'E:/app.xiaomaijr.com/front/web/'
    'SERVER_ADMIN' => '409838862@qq.com'
    'SCRIPT_FILENAME' => 'E:/app.xiaomaijr.com/front/web/index.php'
    'REMOTE_PORT' => '65404'
    'REDIRECT_URL' => 'http://www.yiyuan.com/user-passport/get-code'
    'GATEWAY_INTERFACE' => 'CGI/1.1'
    'SERVER_PROTOCOL' => 'HTTP/1.1'
    'REQUEST_METHOD' => 'POST'
    'QUERY_STRING' => ''
    'REQUEST_URI' => '/user-passport/get-code'
    'SCRIPT_NAME' => '/index.php'
    'PATH_INFO' => '/web/user-passport/get-code'
    'PATH_TRANSLATED' => 'redirect:\\index.php\\web\\web\\user-passport\\get-code\\user-passport\\get-code'
    'PHP_SELF' => '/index.php/web/user-passport/get-code'
    'REQUEST_TIME_FLOAT' => 1473501351.598
    'REQUEST_TIME' => 1473501351
]
2016-09-10 17:57:19 [127.0.0.1][-][-][info][application] [seller][front\controllers\UserPassportController][actionLogin][][0][success] time_used[64]
    in E:\app.xiaomaijr.com\api\controllers\ApiBaseController.php:91
    in E:\app.xiaomaijr.com\front\controllers\UserPassportController.php:135
2016-09-10 17:57:18 [127.0.0.1][-][-][info][application] $_POST = [
    'account' => '18679404215'
    'auth_code' => '610397'
]

$_COOKIE = [
    'a2749_times' => '1'
    'Hm_lvt_28b51bc33cffaa9efa2aea9ccdc72f7a' => '1472115351'
]

$_SESSION = [
    'MOBILE' => '18679404215'
    'USER_ID' => 1
]

$_SERVER = [
    'REDIRECT_MIBDIRS' => 'D:/Xampp/php/extras/mibs'
    'REDIRECT_MYSQL_HOME' => '\\xampp\\mysql\\bin'
    'REDIRECT_OPENSSL_CONF' => 'D:/Xampp/apache/bin/openssl.cnf'
    'REDIRECT_PHP_PEAR_SYSCONF_DIR' => '\\xampp\\php'
    'REDIRECT_PHPRC' => '\\xampp\\php'
    'REDIRECT_TMP' => '\\xampp\\tmp'
    'REDIRECT_STATUS' => '200'
    'MIBDIRS' => 'D:/Xampp/php/extras/mibs'
    'MYSQL_HOME' => '\\xampp\\mysql\\bin'
    'OPENSSL_CONF' => 'D:/Xampp/apache/bin/openssl.cnf'
    'PHP_PEAR_SYSCONF_DIR' => '\\xampp\\php'
    'PHPRC' => '\\xampp\\php'
    'TMP' => '\\xampp\\tmp'
    'HTTP_HOST' => 'www.yiyuan.com'
    'HTTP_CONNECTION' => 'keep-alive'
    'CONTENT_LENGTH' => '36'
    'HTTP_ACCEPT' => 'application/json, text/javascript, */*; q=0.01'
    'HTTP_ORIGIN' => 'http://www.yiyuan.com'
    'HTTP_X_REQUESTED_WITH' => 'XMLHttpRequest'
    'HTTP_USER_AGENT' => 'Mozilla/5.0 (Windows NT 6.1; WOW64) AppleWebKit/537.36 (KHTML, like Gecko) Chrome/50.0.2661.94 Safari/537.36'
    'CONTENT_TYPE' => 'application/x-www-form-urlencoded; charset=UTF-8'
    'HTTP_REFERER' => 'http://www.yiyuan.com/user-passport/login-view'
    'HTTP_ACCEPT_ENCODING' => 'gzip, deflate'
    'HTTP_ACCEPT_LANGUAGE' => 'zh-CN,zh;q=0.8'
    'HTTP_COOKIE' => 'a2749_times=1; Hm_lvt_28b51bc33cffaa9efa2aea9ccdc72f7a=1472115351'
    'PATH' => 'C:\\Program Files (x86)\\Common Files\\NetSarang;C:\\Program Files (x86)\\Intel\\iCLS Client\\;C:\\Program Files\\Intel\\iCLS Client\\;C:\\Windows\\system32;C:\\Windows;C:\\Windows\\System32\\Wbem;C:\\Windows\\System32\\WindowsPowerShell\\v1.0\\;C:\\Program Files\\Lenovo\\Fingerprint Manager Pro\\;C:\\Program Files\\Intel\\Intel(R) Management Engine Components\\DAL;C:\\Program Files (x86)\\Intel\\Intel(R) Management Engine Components\\DAL;C:\\Program Files\\Intel\\Intel(R) Management Engine Components\\IPT;C:\\Program Files (x86)\\Intel\\Intel(R) Management Engine Components\\IPT;D:\\TortoiseSVN\\bin;C:\\Program Files (x86)\\AOMEI Backupper 2.1;C:\\Program Files\\MIT\\Kerberos\\bin'
    'SystemRoot' => 'C:\\Windows'
    'COMSPEC' => 'C:\\Windows\\system32\\cmd.exe'
    'PATHEXT' => '.COM;.EXE;.BAT;.CMD;.VBS;.VBE;.JS;.JSE;.WSF;.WSH;.MSC'
    'WINDIR' => 'C:\\Windows'
    'SERVER_SIGNATURE' => '<address>Apache/2.4.17 (Win32) OpenSSL/1.0.2d PHP/5.6.14 Server at www.yiyuan.com Port 80</address>
'
    'SERVER_SOFTWARE' => 'Apache/2.4.17 (Win32) OpenSSL/1.0.2d PHP/5.6.14'
    'SERVER_NAME' => 'www.yiyuan.com'
    'SERVER_ADDR' => '127.0.0.1'
    'SERVER_PORT' => '80'
    'REMOTE_ADDR' => '127.0.0.1'
    'DOCUMENT_ROOT' => 'E:/app.xiaomaijr.com/front/web/'
    'REQUEST_SCHEME' => 'http'
    'CONTEXT_PREFIX' => ''
    'CONTEXT_DOCUMENT_ROOT' => 'E:/app.xiaomaijr.com/front/web/'
    'SERVER_ADMIN' => '409838862@qq.com'
    'SCRIPT_FILENAME' => 'E:/app.xiaomaijr.com/front/web/index.php'
    'REMOTE_PORT' => '58692'
    'REDIRECT_URL' => 'http://www.yiyuan.com/user-passport/login'
    'GATEWAY_INTERFACE' => 'CGI/1.1'
    'SERVER_PROTOCOL' => 'HTTP/1.1'
    'REQUEST_METHOD' => 'POST'
    'QUERY_STRING' => ''
    'REQUEST_URI' => '/user-passport/login'
    'SCRIPT_NAME' => '/index.php'
    'PATH_INFO' => '/web/user-passport/login'
    'PATH_TRANSLATED' => 'redirect:\\index.php\\web\\web\\user-passport\\login\\user-passport\\login'
    'PHP_SELF' => '/index.php/web/user-passport/login'
    'REQUEST_TIME_FLOAT' => 1473501438.041
    'REQUEST_TIME' => 1473501438
]
