2016-10-31 11:31:12 [127.0.0.1][-][-][info][application] [seller][front\controllers\MemberController][actionProvince][][0][success] time_used[1037]
    in E:\app.xiaomaijr.com\front\controllers\BaseController.php:96
    in E:\app.xiaomaijr.com\front\controllers\MemberController.php:99
2016-10-31 11:31:09 [127.0.0.1][-][-][info][application] $_COOKIE = [
    'PHPSESSID' => 'hmj8nu3213afm1hm8at4ul03a0'
    '_csrf' => '2adb2819862aadebfd62cf72a8ff0d91b59ea55fe19df83ba20fef2e3767853ca:2:{i:0;s:5:\"_csrf\";i:1;s:32:\"eMu1XqvEh38IX8eGYINT16qKKzPoZJFz\";}'
]

$_SESSION = [
    'MOBILE' => '18679404215'
    'USER_ID' => 1
    'CATEGORYS' => [
        0 => [
            'id' => '1'
            'name' => '数码影音'
            'parent' => '0'
            'is_del' => '0'
            'create_time' => '2147483647'
            'update_time' => '0'
        ]
        1 => [
            'id' => '2'
            'name' => '其它商品'
            'parent' => '0'
            'is_del' => '0'
            'create_time' => '2147483647'
            'update_time' => '0'
        ]
        2 => [
            'id' => '3'
            'name' => '手机平板'
            'parent' => '0'
            'is_del' => '0'
            'create_time' => '2147483647'
            'update_time' => '0'
        ]
    ]
    'CURURL' => '/member/province'
]

$_SERVER = [
    'REDIRECT_MIBDIRS' => 'D:/Xampp/php/extras/mibs'
    'REDIRECT_MYSQL_HOME' => '\\xampp\\mysql\\bin'
    'REDIRECT_OPENSSL_CONF' => 'D:/Xampp/apache/bin/openssl.cnf'
    'REDIRECT_PHP_PEAR_SYSCONF_DIR' => '\\xampp\\php'
    'REDIRECT_PHPRC' => '\\xampp\\php'
    'REDIRECT_TMP' => '\\xampp\\tmp'
    'REDIRECT_STATUS' => '200'
    'MIBDIRS' => 'D:/Xampp/php/extras/mibs'
    'MYSQL_HOME' => '\\xampp\\mysql\\bin'
    'OPENSSL_CONF' => 'D:/Xampp/apache/bin/openssl.cnf'
    'PHP_PEAR_SYSCONF_DIR' => '\\xampp\\php'
    'PHPRC' => '\\xampp\\php'
    'TMP' => '\\xampp\\tmp'
    'HTTP_HOST' => 'www.yiyuan.com'
    'HTTP_CONNECTION' => 'keep-alive'
    'HTTP_CACHE_CONTROL' => 'max-age=0'
    'HTTP_ACCEPT' => 'text/html,application/xhtml+xml,application/xml;q=0.9,image/webp,*/*;q=0.8'
    'HTTP_UPGRADE_INSECURE_REQUESTS' => '1'
    'HTTP_USER_AGENT' => 'Mozilla/5.0 (Windows NT 6.1; WOW64) AppleWebKit/537.36 (KHTML, like Gecko) Chrome/50.0.2661.94 Safari/537.36'
    'HTTP_ACCEPT_ENCODING' => 'gzip, deflate, sdch'
    'HTTP_ACCEPT_LANGUAGE' => 'zh-CN,zh;q=0.8'
    'HTTP_COOKIE' => 'PHPSESSID=hmj8nu3213afm1hm8at4ul03a0; _csrf=2adb2819862aadebfd62cf72a8ff0d91b59ea55fe19df83ba20fef2e3767853ca%3A2%3A%7Bi%3A0%3Bs%3A5%3A%22_csrf%22%3Bi%3A1%3Bs%3A32%3A%22eMu1XqvEh38IX8eGYINT16qKKzPoZJFz%22%3B%7D'
    'PATH' => 'C:\\Program Files (x86)\\Common Files\\NetSarang;C:\\Program Files (x86)\\Intel\\iCLS Client\\;C:\\Program Files\\Intel\\iCLS Client\\;C:\\Windows\\system32;C:\\Windows;C:\\Windows\\System32\\Wbem;C:\\Windows\\System32\\WindowsPowerShell\\v1.0\\;C:\\Program Files\\Lenovo\\Fingerprint Manager Pro\\;C:\\Program Files\\Intel\\Intel(R) Management Engine Components\\DAL;C:\\Program Files (x86)\\Intel\\Intel(R) Management Engine Components\\DAL;C:\\Program Files\\Intel\\Intel(R) Management Engine Components\\IPT;C:\\Program Files (x86)\\Intel\\Intel(R) Management Engine Components\\IPT;D:\\TortoiseSVN\\bin;C:\\Program Files (x86)\\AOMEI Backupper 2.1;C:\\Program Files\\MIT\\Kerberos\\bin'
    'SystemRoot' => 'C:\\Windows'
    'COMSPEC' => 'C:\\Windows\\system32\\cmd.exe'
    'PATHEXT' => '.COM;.EXE;.BAT;.CMD;.VBS;.VBE;.JS;.JSE;.WSF;.WSH;.MSC'
    'WINDIR' => 'C:\\Windows'
    'SERVER_SIGNATURE' => '<address>Apache/2.4.17 (Win32) OpenSSL/1.0.2d PHP/5.6.14 Server at www.yiyuan.com Port 80</address>
'
    'SERVER_SOFTWARE' => 'Apache/2.4.17 (Win32) OpenSSL/1.0.2d PHP/5.6.14'
    'SERVER_NAME' => 'www.yiyuan.com'
    'SERVER_ADDR' => '127.0.0.1'
    'SERVER_PORT' => '80'
    'REMOTE_ADDR' => '127.0.0.1'
    'DOCUMENT_ROOT' => 'E:/app.xiaomaijr.com/front/web/'
    'REQUEST_SCHEME' => 'http'
    'CONTEXT_PREFIX' => ''
    'CONTEXT_DOCUMENT_ROOT' => 'E:/app.xiaomaijr.com/front/web/'
    'SERVER_ADMIN' => '409838862@qq.com'
    'SCRIPT_FILENAME' => 'E:/app.xiaomaijr.com/front/web/index.php'
    'REMOTE_PORT' => '57552'
    'REDIRECT_URL' => 'http://www.yiyuan.com/member/province'
    'GATEWAY_INTERFACE' => 'CGI/1.1'
    'SERVER_PROTOCOL' => 'HTTP/1.1'
    'REQUEST_METHOD' => 'GET'
    'QUERY_STRING' => ''
    'REQUEST_URI' => '/member/province'
    'SCRIPT_NAME' => '/index.php'
    'PATH_INFO' => '/web/member/province'
    'PATH_TRANSLATED' => 'redirect:\\index.php\\web\\web\\member\\province\\member\\province'
    'PHP_SELF' => '/index.php/web/member/province'
    'REQUEST_TIME_FLOAT' => 1477884669.97
    'REQUEST_TIME' => 1477884669
]
2016-10-31 11:32:11 [127.0.0.1][-][-][info][application] [seller][front\controllers\MemberController][actionProvince][][0][success] time_used[1035]
    in E:\app.xiaomaijr.com\front\controllers\BaseController.php:96
    in E:\app.xiaomaijr.com\front\controllers\MemberController.php:99
2016-10-31 11:32:09 [127.0.0.1][-][-][info][application] $_COOKIE = [
    'PHPSESSID' => 'hmj8nu3213afm1hm8at4ul03a0'
    '_csrf' => '2adb2819862aadebfd62cf72a8ff0d91b59ea55fe19df83ba20fef2e3767853ca:2:{i:0;s:5:\"_csrf\";i:1;s:32:\"eMu1XqvEh38IX8eGYINT16qKKzPoZJFz\";}'
]

$_SESSION = [
    'MOBILE' => '18679404215'
    'USER_ID' => 1
    'CATEGORYS' => [
        0 => [
            'id' => '1'
            'name' => '数码影音'
            'parent' => '0'
            'is_del' => '0'
            'create_time' => '2147483647'
            'update_time' => '0'
        ]
        1 => [
            'id' => '2'
            'name' => '其它商品'
            'parent' => '0'
            'is_del' => '0'
            'create_time' => '2147483647'
            'update_time' => '0'
        ]
        2 => [
            'id' => '3'
            'name' => '手机平板'
            'parent' => '0'
            'is_del' => '0'
            'create_time' => '2147483647'
            'update_time' => '0'
        ]
    ]
    'CURURL' => '/member/province'
]

$_SERVER = [
    'REDIRECT_MIBDIRS' => 'D:/Xampp/php/extras/mibs'
    'REDIRECT_MYSQL_HOME' => '\\xampp\\mysql\\bin'
    'REDIRECT_OPENSSL_CONF' => 'D:/Xampp/apache/bin/openssl.cnf'
    'REDIRECT_PHP_PEAR_SYSCONF_DIR' => '\\xampp\\php'
    'REDIRECT_PHPRC' => '\\xampp\\php'
    'REDIRECT_TMP' => '\\xampp\\tmp'
    'REDIRECT_STATUS' => '200'
    'MIBDIRS' => 'D:/Xampp/php/extras/mibs'
    'MYSQL_HOME' => '\\xampp\\mysql\\bin'
    'OPENSSL_CONF' => 'D:/Xampp/apache/bin/openssl.cnf'
    'PHP_PEAR_SYSCONF_DIR' => '\\xampp\\php'
    'PHPRC' => '\\xampp\\php'
    'TMP' => '\\xampp\\tmp'
    'HTTP_HOST' => 'www.yiyuan.com'
    'HTTP_CONNECTION' => 'keep-alive'
    'HTTP_CACHE_CONTROL' => 'max-age=0'
    'HTTP_ACCEPT' => 'text/html,application/xhtml+xml,application/xml;q=0.9,image/webp,*/*;q=0.8'
    'HTTP_UPGRADE_INSECURE_REQUESTS' => '1'
    'HTTP_USER_AGENT' => 'Mozilla/5.0 (Windows NT 6.1; WOW64) AppleWebKit/537.36 (KHTML, like Gecko) Chrome/50.0.2661.94 Safari/537.36'
    'HTTP_ACCEPT_ENCODING' => 'gzip, deflate, sdch'
    'HTTP_ACCEPT_LANGUAGE' => 'zh-CN,zh;q=0.8'
    'HTTP_COOKIE' => 'PHPSESSID=hmj8nu3213afm1hm8at4ul03a0; _csrf=2adb2819862aadebfd62cf72a8ff0d91b59ea55fe19df83ba20fef2e3767853ca%3A2%3A%7Bi%3A0%3Bs%3A5%3A%22_csrf%22%3Bi%3A1%3Bs%3A32%3A%22eMu1XqvEh38IX8eGYINT16qKKzPoZJFz%22%3B%7D'
    'PATH' => 'C:\\Program Files (x86)\\Common Files\\NetSarang;C:\\Program Files (x86)\\Intel\\iCLS Client\\;C:\\Program Files\\Intel\\iCLS Client\\;C:\\Windows\\system32;C:\\Windows;C:\\Windows\\System32\\Wbem;C:\\Windows\\System32\\WindowsPowerShell\\v1.0\\;C:\\Program Files\\Lenovo\\Fingerprint Manager Pro\\;C:\\Program Files\\Intel\\Intel(R) Management Engine Components\\DAL;C:\\Program Files (x86)\\Intel\\Intel(R) Management Engine Components\\DAL;C:\\Program Files\\Intel\\Intel(R) Management Engine Components\\IPT;C:\\Program Files (x86)\\Intel\\Intel(R) Management Engine Components\\IPT;D:\\TortoiseSVN\\bin;C:\\Program Files (x86)\\AOMEI Backupper 2.1;C:\\Program Files\\MIT\\Kerberos\\bin'
    'SystemRoot' => 'C:\\Windows'
    'COMSPEC' => 'C:\\Windows\\system32\\cmd.exe'
    'PATHEXT' => '.COM;.EXE;.BAT;.CMD;.VBS;.VBE;.JS;.JSE;.WSF;.WSH;.MSC'
    'WINDIR' => 'C:\\Windows'
    'SERVER_SIGNATURE' => '<address>Apache/2.4.17 (Win32) OpenSSL/1.0.2d PHP/5.6.14 Server at www.yiyuan.com Port 80</address>
'
    'SERVER_SOFTWARE' => 'Apache/2.4.17 (Win32) OpenSSL/1.0.2d PHP/5.6.14'
    'SERVER_NAME' => 'www.yiyuan.com'
    'SERVER_ADDR' => '127.0.0.1'
    'SERVER_PORT' => '80'
    'REMOTE_ADDR' => '127.0.0.1'
    'DOCUMENT_ROOT' => 'E:/app.xiaomaijr.com/front/web/'
    'REQUEST_SCHEME' => 'http'
    'CONTEXT_PREFIX' => ''
    'CONTEXT_DOCUMENT_ROOT' => 'E:/app.xiaomaijr.com/front/web/'
    'SERVER_ADMIN' => '409838862@qq.com'
    'SCRIPT_FILENAME' => 'E:/app.xiaomaijr.com/front/web/index.php'
    'REMOTE_PORT' => '57810'
    'REDIRECT_URL' => 'http://www.yiyuan.com/member/province'
    'GATEWAY_INTERFACE' => 'CGI/1.1'
    'SERVER_PROTOCOL' => 'HTTP/1.1'
    'REQUEST_METHOD' => 'GET'
    'QUERY_STRING' => ''
    'REQUEST_URI' => '/member/province'
    'SCRIPT_NAME' => '/index.php'
    'PATH_INFO' => '/web/member/province'
    'PATH_TRANSLATED' => 'redirect:\\index.php\\web\\web\\member\\province\\member\\province'
    'PHP_SELF' => '/index.php/web/member/province'
    'REQUEST_TIME_FLOAT' => 1477884729.474
    'REQUEST_TIME' => 1477884729
]
2016-10-31 11:33:59 [127.0.0.1][-][-][info][application] [seller][front\controllers\MemberController][actionCity][][0][success] time_used[1037]
    in E:\app.xiaomaijr.com\front\controllers\BaseController.php:96
    in E:\app.xiaomaijr.com\front\controllers\MemberController.php:128
2016-10-31 11:33:57 [127.0.0.1][-][-][info][application] $_GET = [
    'province_id' => '1'
]

$_COOKIE = [
    'PHPSESSID' => 'hmj8nu3213afm1hm8at4ul03a0'
    '_csrf' => '2adb2819862aadebfd62cf72a8ff0d91b59ea55fe19df83ba20fef2e3767853ca:2:{i:0;s:5:\"_csrf\";i:1;s:32:\"eMu1XqvEh38IX8eGYINT16qKKzPoZJFz\";}'
]

$_SESSION = [
    'MOBILE' => '18679404215'
    'USER_ID' => 1
    'CATEGORYS' => [
        0 => [
            'id' => '1'
            'name' => '数码影音'
            'parent' => '0'
            'is_del' => '0'
            'create_time' => '2147483647'
            'update_time' => '0'
        ]
        1 => [
            'id' => '2'
            'name' => '其它商品'
            'parent' => '0'
            'is_del' => '0'
            'create_time' => '2147483647'
            'update_time' => '0'
        ]
        2 => [
            'id' => '3'
            'name' => '手机平板'
            'parent' => '0'
            'is_del' => '0'
            'create_time' => '2147483647'
            'update_time' => '0'
        ]
    ]
    'CURURL' => '/member/city'
]

$_SERVER = [
    'REDIRECT_MIBDIRS' => 'D:/Xampp/php/extras/mibs'
    'REDIRECT_MYSQL_HOME' => '\\xampp\\mysql\\bin'
    'REDIRECT_OPENSSL_CONF' => 'D:/Xampp/apache/bin/openssl.cnf'
    'REDIRECT_PHP_PEAR_SYSCONF_DIR' => '\\xampp\\php'
    'REDIRECT_PHPRC' => '\\xampp\\php'
    'REDIRECT_TMP' => '\\xampp\\tmp'
    'REDIRECT_STATUS' => '200'
    'MIBDIRS' => 'D:/Xampp/php/extras/mibs'
    'MYSQL_HOME' => '\\xampp\\mysql\\bin'
    'OPENSSL_CONF' => 'D:/Xampp/apache/bin/openssl.cnf'
    'PHP_PEAR_SYSCONF_DIR' => '\\xampp\\php'
    'PHPRC' => '\\xampp\\php'
    'TMP' => '\\xampp\\tmp'
    'HTTP_HOST' => 'www.yiyuan.com'
    'HTTP_CONNECTION' => 'keep-alive'
    'HTTP_CACHE_CONTROL' => 'max-age=0'
    'HTTP_ACCEPT' => 'text/html,application/xhtml+xml,application/xml;q=0.9,image/webp,*/*;q=0.8'
    'HTTP_UPGRADE_INSECURE_REQUESTS' => '1'
    'HTTP_USER_AGENT' => 'Mozilla/5.0 (Windows NT 6.1; WOW64) AppleWebKit/537.36 (KHTML, like Gecko) Chrome/50.0.2661.94 Safari/537.36'
    'HTTP_ACCEPT_ENCODING' => 'gzip, deflate, sdch'
    'HTTP_ACCEPT_LANGUAGE' => 'zh-CN,zh;q=0.8'
    'HTTP_COOKIE' => 'PHPSESSID=hmj8nu3213afm1hm8at4ul03a0; _csrf=2adb2819862aadebfd62cf72a8ff0d91b59ea55fe19df83ba20fef2e3767853ca%3A2%3A%7Bi%3A0%3Bs%3A5%3A%22_csrf%22%3Bi%3A1%3Bs%3A32%3A%22eMu1XqvEh38IX8eGYINT16qKKzPoZJFz%22%3B%7D'
    'PATH' => 'C:\\Program Files (x86)\\Common Files\\NetSarang;C:\\Program Files (x86)\\Intel\\iCLS Client\\;C:\\Program Files\\Intel\\iCLS Client\\;C:\\Windows\\system32;C:\\Windows;C:\\Windows\\System32\\Wbem;C:\\Windows\\System32\\WindowsPowerShell\\v1.0\\;C:\\Program Files\\Lenovo\\Fingerprint Manager Pro\\;C:\\Program Files\\Intel\\Intel(R) Management Engine Components\\DAL;C:\\Program Files (x86)\\Intel\\Intel(R) Management Engine Components\\DAL;C:\\Program Files\\Intel\\Intel(R) Management Engine Components\\IPT;C:\\Program Files (x86)\\Intel\\Intel(R) Management Engine Components\\IPT;D:\\TortoiseSVN\\bin;C:\\Program Files (x86)\\AOMEI Backupper 2.1;C:\\Program Files\\MIT\\Kerberos\\bin'
    'SystemRoot' => 'C:\\Windows'
    'COMSPEC' => 'C:\\Windows\\system32\\cmd.exe'
    'PATHEXT' => '.COM;.EXE;.BAT;.CMD;.VBS;.VBE;.JS;.JSE;.WSF;.WSH;.MSC'
    'WINDIR' => 'C:\\Windows'
    'SERVER_SIGNATURE' => '<address>Apache/2.4.17 (Win32) OpenSSL/1.0.2d PHP/5.6.14 Server at www.yiyuan.com Port 80</address>
'
    'SERVER_SOFTWARE' => 'Apache/2.4.17 (Win32) OpenSSL/1.0.2d PHP/5.6.14'
    'SERVER_NAME' => 'www.yiyuan.com'
    'SERVER_ADDR' => '127.0.0.1'
    'SERVER_PORT' => '80'
    'REMOTE_ADDR' => '127.0.0.1'
    'DOCUMENT_ROOT' => 'E:/app.xiaomaijr.com/front/web/'
    'REQUEST_SCHEME' => 'http'
    'CONTEXT_PREFIX' => ''
    'CONTEXT_DOCUMENT_ROOT' => 'E:/app.xiaomaijr.com/front/web/'
    'SERVER_ADMIN' => '409838862@qq.com'
    'SCRIPT_FILENAME' => 'E:/app.xiaomaijr.com/front/web/index.php'
    'REMOTE_PORT' => '58275'
    'REDIRECT_QUERY_STRING' => 'province_id=1'
    'REDIRECT_URL' => 'http://www.yiyuan.com/member/city?province_id=1'
    'GATEWAY_INTERFACE' => 'CGI/1.1'
    'SERVER_PROTOCOL' => 'HTTP/1.1'
    'REQUEST_METHOD' => 'GET'
    'QUERY_STRING' => 'province_id=1'
    'REQUEST_URI' => '/member/city?province_id=1'
    'SCRIPT_NAME' => '/index.php'
    'PATH_INFO' => '/web/member/city'
    'PATH_TRANSLATED' => 'redirect:\\index.php\\web\\web\\member\\city\\member\\city'
    'PHP_SELF' => '/index.php/web/member/city'
    'REQUEST_TIME_FLOAT' => 1477884837.015
    'REQUEST_TIME' => 1477884837
]
2016-10-31 11:34:07 [127.0.0.1][-][-][info][application] [seller][front\controllers\MemberController][actionCity][][0][success] time_used[1051]
    in E:\app.xiaomaijr.com\front\controllers\BaseController.php:96
    in E:\app.xiaomaijr.com\front\controllers\MemberController.php:128
2016-10-31 11:34:05 [127.0.0.1][-][-][info][application] $_GET = [
    'province_id' => '11'
]

$_COOKIE = [
    'PHPSESSID' => 'hmj8nu3213afm1hm8at4ul03a0'
    '_csrf' => '2adb2819862aadebfd62cf72a8ff0d91b59ea55fe19df83ba20fef2e3767853ca:2:{i:0;s:5:\"_csrf\";i:1;s:32:\"eMu1XqvEh38IX8eGYINT16qKKzPoZJFz\";}'
]

$_SESSION = [
    'MOBILE' => '18679404215'
    'USER_ID' => 1
    'CATEGORYS' => [
        0 => [
            'id' => '1'
            'name' => '数码影音'
            'parent' => '0'
            'is_del' => '0'
            'create_time' => '2147483647'
            'update_time' => '0'
        ]
        1 => [
            'id' => '2'
            'name' => '其它商品'
            'parent' => '0'
            'is_del' => '0'
            'create_time' => '2147483647'
            'update_time' => '0'
        ]
        2 => [
            'id' => '3'
            'name' => '手机平板'
            'parent' => '0'
            'is_del' => '0'
            'create_time' => '2147483647'
            'update_time' => '0'
        ]
    ]
    'CURURL' => '/member/city'
]

$_SERVER = [
    'REDIRECT_MIBDIRS' => 'D:/Xampp/php/extras/mibs'
    'REDIRECT_MYSQL_HOME' => '\\xampp\\mysql\\bin'
    'REDIRECT_OPENSSL_CONF' => 'D:/Xampp/apache/bin/openssl.cnf'
    'REDIRECT_PHP_PEAR_SYSCONF_DIR' => '\\xampp\\php'
    'REDIRECT_PHPRC' => '\\xampp\\php'
    'REDIRECT_TMP' => '\\xampp\\tmp'
    'REDIRECT_STATUS' => '200'
    'MIBDIRS' => 'D:/Xampp/php/extras/mibs'
    'MYSQL_HOME' => '\\xampp\\mysql\\bin'
    'OPENSSL_CONF' => 'D:/Xampp/apache/bin/openssl.cnf'
    'PHP_PEAR_SYSCONF_DIR' => '\\xampp\\php'
    'PHPRC' => '\\xampp\\php'
    'TMP' => '\\xampp\\tmp'
    'HTTP_HOST' => 'www.yiyuan.com'
    'HTTP_CONNECTION' => 'keep-alive'
    'HTTP_ACCEPT' => 'text/html,application/xhtml+xml,application/xml;q=0.9,image/webp,*/*;q=0.8'
    'HTTP_UPGRADE_INSECURE_REQUESTS' => '1'
    'HTTP_USER_AGENT' => 'Mozilla/5.0 (Windows NT 6.1; WOW64) AppleWebKit/537.36 (KHTML, like Gecko) Chrome/50.0.2661.94 Safari/537.36'
    'HTTP_ACCEPT_ENCODING' => 'gzip, deflate, sdch'
    'HTTP_ACCEPT_LANGUAGE' => 'zh-CN,zh;q=0.8'
    'HTTP_COOKIE' => 'PHPSESSID=hmj8nu3213afm1hm8at4ul03a0; _csrf=2adb2819862aadebfd62cf72a8ff0d91b59ea55fe19df83ba20fef2e3767853ca%3A2%3A%7Bi%3A0%3Bs%3A5%3A%22_csrf%22%3Bi%3A1%3Bs%3A32%3A%22eMu1XqvEh38IX8eGYINT16qKKzPoZJFz%22%3B%7D'
    'PATH' => 'C:\\Program Files (x86)\\Common Files\\NetSarang;C:\\Program Files (x86)\\Intel\\iCLS Client\\;C:\\Program Files\\Intel\\iCLS Client\\;C:\\Windows\\system32;C:\\Windows;C:\\Windows\\System32\\Wbem;C:\\Windows\\System32\\WindowsPowerShell\\v1.0\\;C:\\Program Files\\Lenovo\\Fingerprint Manager Pro\\;C:\\Program Files\\Intel\\Intel(R) Management Engine Components\\DAL;C:\\Program Files (x86)\\Intel\\Intel(R) Management Engine Components\\DAL;C:\\Program Files\\Intel\\Intel(R) Management Engine Components\\IPT;C:\\Program Files (x86)\\Intel\\Intel(R) Management Engine Components\\IPT;D:\\TortoiseSVN\\bin;C:\\Program Files (x86)\\AOMEI Backupper 2.1;C:\\Program Files\\MIT\\Kerberos\\bin'
    'SystemRoot' => 'C:\\Windows'
    'COMSPEC' => 'C:\\Windows\\system32\\cmd.exe'
    'PATHEXT' => '.COM;.EXE;.BAT;.CMD;.VBS;.VBE;.JS;.JSE;.WSF;.WSH;.MSC'
    'WINDIR' => 'C:\\Windows'
    'SERVER_SIGNATURE' => '<address>Apache/2.4.17 (Win32) OpenSSL/1.0.2d PHP/5.6.14 Server at www.yiyuan.com Port 80</address>
'
    'SERVER_SOFTWARE' => 'Apache/2.4.17 (Win32) OpenSSL/1.0.2d PHP/5.6.14'
    'SERVER_NAME' => 'www.yiyuan.com'
    'SERVER_ADDR' => '127.0.0.1'
    'SERVER_PORT' => '80'
    'REMOTE_ADDR' => '127.0.0.1'
    'DOCUMENT_ROOT' => 'E:/app.xiaomaijr.com/front/web/'
    'REQUEST_SCHEME' => 'http'
    'CONTEXT_PREFIX' => ''
    'CONTEXT_DOCUMENT_ROOT' => 'E:/app.xiaomaijr.com/front/web/'
    'SERVER_ADMIN' => '409838862@qq.com'
    'SCRIPT_FILENAME' => 'E:/app.xiaomaijr.com/front/web/index.php'
    'REMOTE_PORT' => '58313'
    'REDIRECT_QUERY_STRING' => 'province_id=11'
    'REDIRECT_URL' => 'http://www.yiyuan.com/member/city?province_id=11'
    'GATEWAY_INTERFACE' => 'CGI/1.1'
    'SERVER_PROTOCOL' => 'HTTP/1.1'
    'REQUEST_METHOD' => 'GET'
    'QUERY_STRING' => 'province_id=11'
    'REQUEST_URI' => '/member/city?province_id=11'
    'SCRIPT_NAME' => '/index.php'
    'PATH_INFO' => '/web/member/city'
    'PATH_TRANSLATED' => 'redirect:\\index.php\\web\\web\\member\\city\\member\\city'
    'PHP_SELF' => '/index.php/web/member/city'
    'REQUEST_TIME_FLOAT' => 1477884845.334
    'REQUEST_TIME' => 1477884845
]
2016-10-31 11:35:49 [127.0.0.1][-][-][info][application] [seller][front\controllers\MemberController][actionDistrict][][0][success] time_used[1029]
    in E:\app.xiaomaijr.com\front\controllers\BaseController.php:96
    in E:\app.xiaomaijr.com\front\controllers\MemberController.php:158
2016-10-31 11:35:47 [127.0.0.1][-][-][info][application] $_GET = [
    'city_id' => '11'
]

$_COOKIE = [
    'PHPSESSID' => 'hmj8nu3213afm1hm8at4ul03a0'
    '_csrf' => '2adb2819862aadebfd62cf72a8ff0d91b59ea55fe19df83ba20fef2e3767853ca:2:{i:0;s:5:\"_csrf\";i:1;s:32:\"eMu1XqvEh38IX8eGYINT16qKKzPoZJFz\";}'
]

$_SESSION = [
    'MOBILE' => '18679404215'
    'USER_ID' => 1
    'CATEGORYS' => [
        0 => [
            'id' => '1'
            'name' => '数码影音'
            'parent' => '0'
            'is_del' => '0'
            'create_time' => '2147483647'
            'update_time' => '0'
        ]
        1 => [
            'id' => '2'
            'name' => '其它商品'
            'parent' => '0'
            'is_del' => '0'
            'create_time' => '2147483647'
            'update_time' => '0'
        ]
        2 => [
            'id' => '3'
            'name' => '手机平板'
            'parent' => '0'
            'is_del' => '0'
            'create_time' => '2147483647'
            'update_time' => '0'
        ]
    ]
    'CURURL' => '/member/district'
]

$_SERVER = [
    'REDIRECT_MIBDIRS' => 'D:/Xampp/php/extras/mibs'
    'REDIRECT_MYSQL_HOME' => '\\xampp\\mysql\\bin'
    'REDIRECT_OPENSSL_CONF' => 'D:/Xampp/apache/bin/openssl.cnf'
    'REDIRECT_PHP_PEAR_SYSCONF_DIR' => '\\xampp\\php'
    'REDIRECT_PHPRC' => '\\xampp\\php'
    'REDIRECT_TMP' => '\\xampp\\tmp'
    'REDIRECT_STATUS' => '200'
    'MIBDIRS' => 'D:/Xampp/php/extras/mibs'
    'MYSQL_HOME' => '\\xampp\\mysql\\bin'
    'OPENSSL_CONF' => 'D:/Xampp/apache/bin/openssl.cnf'
    'PHP_PEAR_SYSCONF_DIR' => '\\xampp\\php'
    'PHPRC' => '\\xampp\\php'
    'TMP' => '\\xampp\\tmp'
    'HTTP_HOST' => 'www.yiyuan.com'
    'HTTP_CONNECTION' => 'keep-alive'
    'HTTP_CACHE_CONTROL' => 'max-age=0'
    'HTTP_ACCEPT' => 'text/html,application/xhtml+xml,application/xml;q=0.9,image/webp,*/*;q=0.8'
    'HTTP_UPGRADE_INSECURE_REQUESTS' => '1'
    'HTTP_USER_AGENT' => 'Mozilla/5.0 (Windows NT 6.1; WOW64) AppleWebKit/537.36 (KHTML, like Gecko) Chrome/50.0.2661.94 Safari/537.36'
    'HTTP_ACCEPT_ENCODING' => 'gzip, deflate, sdch'
    'HTTP_ACCEPT_LANGUAGE' => 'zh-CN,zh;q=0.8'
    'HTTP_COOKIE' => 'PHPSESSID=hmj8nu3213afm1hm8at4ul03a0; _csrf=2adb2819862aadebfd62cf72a8ff0d91b59ea55fe19df83ba20fef2e3767853ca%3A2%3A%7Bi%3A0%3Bs%3A5%3A%22_csrf%22%3Bi%3A1%3Bs%3A32%3A%22eMu1XqvEh38IX8eGYINT16qKKzPoZJFz%22%3B%7D'
    'PATH' => 'C:\\Program Files (x86)\\Common Files\\NetSarang;C:\\Program Files (x86)\\Intel\\iCLS Client\\;C:\\Program Files\\Intel\\iCLS Client\\;C:\\Windows\\system32;C:\\Windows;C:\\Windows\\System32\\Wbem;C:\\Windows\\System32\\WindowsPowerShell\\v1.0\\;C:\\Program Files\\Lenovo\\Fingerprint Manager Pro\\;C:\\Program Files\\Intel\\Intel(R) Management Engine Components\\DAL;C:\\Program Files (x86)\\Intel\\Intel(R) Management Engine Components\\DAL;C:\\Program Files\\Intel\\Intel(R) Management Engine Components\\IPT;C:\\Program Files (x86)\\Intel\\Intel(R) Management Engine Components\\IPT;D:\\TortoiseSVN\\bin;C:\\Program Files (x86)\\AOMEI Backupper 2.1;C:\\Program Files\\MIT\\Kerberos\\bin'
    'SystemRoot' => 'C:\\Windows'
    'COMSPEC' => 'C:\\Windows\\system32\\cmd.exe'
    'PATHEXT' => '.COM;.EXE;.BAT;.CMD;.VBS;.VBE;.JS;.JSE;.WSF;.WSH;.MSC'
    'WINDIR' => 'C:\\Windows'
    'SERVER_SIGNATURE' => '<address>Apache/2.4.17 (Win32) OpenSSL/1.0.2d PHP/5.6.14 Server at www.yiyuan.com Port 80</address>
'
    'SERVER_SOFTWARE' => 'Apache/2.4.17 (Win32) OpenSSL/1.0.2d PHP/5.6.14'
    'SERVER_NAME' => 'www.yiyuan.com'
    'SERVER_ADDR' => '127.0.0.1'
    'SERVER_PORT' => '80'
    'REMOTE_ADDR' => '127.0.0.1'
    'DOCUMENT_ROOT' => 'E:/app.xiaomaijr.com/front/web/'
    'REQUEST_SCHEME' => 'http'
    'CONTEXT_PREFIX' => ''
    'CONTEXT_DOCUMENT_ROOT' => 'E:/app.xiaomaijr.com/front/web/'
    'SERVER_ADMIN' => '409838862@qq.com'
    'SCRIPT_FILENAME' => 'E:/app.xiaomaijr.com/front/web/index.php'
    'REMOTE_PORT' => '56980'
    'REDIRECT_QUERY_STRING' => 'city_id=11'
    'REDIRECT_URL' => 'http://www.yiyuan.com/member/district?city_id=11'
    'GATEWAY_INTERFACE' => 'CGI/1.1'
    'SERVER_PROTOCOL' => 'HTTP/1.1'
    'REQUEST_METHOD' => 'GET'
    'QUERY_STRING' => 'city_id=11'
    'REQUEST_URI' => '/member/district?city_id=11'
    'SCRIPT_NAME' => '/index.php'
    'PATH_INFO' => '/web/member/district'
    'PATH_TRANSLATED' => 'redirect:\\index.php\\web\\web\\member\\district\\member\\district'
    'PHP_SELF' => '/index.php/web/member/district'
    'REQUEST_TIME_FLOAT' => 1477884947.464
    'REQUEST_TIME' => 1477884947
]
2016-10-31 12:11:44 [127.0.0.1][-][-][info][application] [seller][front\controllers\MemberController][actionProvince][][0][success] time_used[1051]
    in E:\app.xiaomaijr.com\front\controllers\BaseController.php:96
    in E:\app.xiaomaijr.com\front\controllers\MemberController.php:100
2016-10-31 12:11:42 [127.0.0.1][-][-][info][application] $_COOKIE = [
    'PHPSESSID' => 'hmj8nu3213afm1hm8at4ul03a0'
    '_csrf' => '2adb2819862aadebfd62cf72a8ff0d91b59ea55fe19df83ba20fef2e3767853ca:2:{i:0;s:5:\"_csrf\";i:1;s:32:\"eMu1XqvEh38IX8eGYINT16qKKzPoZJFz\";}'
]

$_SESSION = [
    'MOBILE' => '18679404215'
    'USER_ID' => 1
    'CATEGORYS' => [
        0 => [
            'id' => '1'
            'name' => '数码影音'
            'parent' => '0'
            'is_del' => '0'
            'create_time' => '2147483647'
            'update_time' => '0'
        ]
        1 => [
            'id' => '2'
            'name' => '其它商品'
            'parent' => '0'
            'is_del' => '0'
            'create_time' => '2147483647'
            'update_time' => '0'
        ]
        2 => [
            'id' => '3'
            'name' => '手机平板'
            'parent' => '0'
            'is_del' => '0'
            'create_time' => '2147483647'
            'update_time' => '0'
        ]
    ]
    'CURURL' => '/member/province'
]

$_SERVER = [
    'REDIRECT_MIBDIRS' => 'D:/Xampp/php/extras/mibs'
    'REDIRECT_MYSQL_HOME' => '\\xampp\\mysql\\bin'
    'REDIRECT_OPENSSL_CONF' => 'D:/Xampp/apache/bin/openssl.cnf'
    'REDIRECT_PHP_PEAR_SYSCONF_DIR' => '\\xampp\\php'
    'REDIRECT_PHPRC' => '\\xampp\\php'
    'REDIRECT_TMP' => '\\xampp\\tmp'
    'REDIRECT_STATUS' => '200'
    'MIBDIRS' => 'D:/Xampp/php/extras/mibs'
    'MYSQL_HOME' => '\\xampp\\mysql\\bin'
    'OPENSSL_CONF' => 'D:/Xampp/apache/bin/openssl.cnf'
    'PHP_PEAR_SYSCONF_DIR' => '\\xampp\\php'
    'PHPRC' => '\\xampp\\php'
    'TMP' => '\\xampp\\tmp'
    'HTTP_HOST' => 'www.yiyuan.com'
    'HTTP_CONNECTION' => 'keep-alive'
    'CONTENT_LENGTH' => '0'
    'HTTP_ACCEPT' => 'application/json, text/javascript, */*; q=0.01'
    'HTTP_ORIGIN' => 'http://www.yiyuan.com'
    'HTTP_X_REQUESTED_WITH' => 'XMLHttpRequest'
    'HTTP_USER_AGENT' => 'Mozilla/5.0 (Windows NT 6.1; WOW64) AppleWebKit/537.36 (KHTML, like Gecko) Chrome/50.0.2661.94 Safari/537.36'
    'HTTP_REFERER' => 'http://www.yiyuan.com/user-center/address-list'
    'HTTP_ACCEPT_ENCODING' => 'gzip, deflate'
    'HTTP_ACCEPT_LANGUAGE' => 'zh-CN,zh;q=0.8'
    'HTTP_COOKIE' => 'PHPSESSID=hmj8nu3213afm1hm8at4ul03a0; _csrf=2adb2819862aadebfd62cf72a8ff0d91b59ea55fe19df83ba20fef2e3767853ca%3A2%3A%7Bi%3A0%3Bs%3A5%3A%22_csrf%22%3Bi%3A1%3Bs%3A32%3A%22eMu1XqvEh38IX8eGYINT16qKKzPoZJFz%22%3B%7D'
    'PATH' => 'C:\\Program Files (x86)\\Common Files\\NetSarang;C:\\Program Files (x86)\\Intel\\iCLS Client\\;C:\\Program Files\\Intel\\iCLS Client\\;C:\\Windows\\system32;C:\\Windows;C:\\Windows\\System32\\Wbem;C:\\Windows\\System32\\WindowsPowerShell\\v1.0\\;C:\\Program Files\\Lenovo\\Fingerprint Manager Pro\\;C:\\Program Files\\Intel\\Intel(R) Management Engine Components\\DAL;C:\\Program Files (x86)\\Intel\\Intel(R) Management Engine Components\\DAL;C:\\Program Files\\Intel\\Intel(R) Management Engine Components\\IPT;C:\\Program Files (x86)\\Intel\\Intel(R) Management Engine Components\\IPT;D:\\TortoiseSVN\\bin;C:\\Program Files (x86)\\AOMEI Backupper 2.1;C:\\Program Files\\MIT\\Kerberos\\bin'
    'SystemRoot' => 'C:\\Windows'
    'COMSPEC' => 'C:\\Windows\\system32\\cmd.exe'
    'PATHEXT' => '.COM;.EXE;.BAT;.CMD;.VBS;.VBE;.JS;.JSE;.WSF;.WSH;.MSC'
    'WINDIR' => 'C:\\Windows'
    'SERVER_SIGNATURE' => '<address>Apache/2.4.17 (Win32) OpenSSL/1.0.2d PHP/5.6.14 Server at www.yiyuan.com Port 80</address>
'
    'SERVER_SOFTWARE' => 'Apache/2.4.17 (Win32) OpenSSL/1.0.2d PHP/5.6.14'
    'SERVER_NAME' => 'www.yiyuan.com'
    'SERVER_ADDR' => '127.0.0.1'
    'SERVER_PORT' => '80'
    'REMOTE_ADDR' => '127.0.0.1'
    'DOCUMENT_ROOT' => 'E:/app.xiaomaijr.com/front/web/'
    'REQUEST_SCHEME' => 'http'
    'CONTEXT_PREFIX' => ''
    'CONTEXT_DOCUMENT_ROOT' => 'E:/app.xiaomaijr.com/front/web/'
    'SERVER_ADMIN' => '409838862@qq.com'
    'SCRIPT_FILENAME' => 'E:/app.xiaomaijr.com/front/web/index.php'
    'REMOTE_PORT' => '62812'
    'REDIRECT_URL' => 'http://www.yiyuan.com/member/province'
    'GATEWAY_INTERFACE' => 'CGI/1.1'
    'SERVER_PROTOCOL' => 'HTTP/1.1'
    'REQUEST_METHOD' => 'POST'
    'QUERY_STRING' => ''
    'REQUEST_URI' => '/member/province'
    'SCRIPT_NAME' => '/index.php'
    'PATH_INFO' => '/web/member/province'
    'PATH_TRANSLATED' => 'redirect:\\index.php\\web\\web\\member\\province\\member\\province'
    'PHP_SELF' => '/index.php/web/member/province'
    'REQUEST_TIME_FLOAT' => 1477887102.715
    'REQUEST_TIME' => 1477887102
]
2016-10-31 12:13:42 [127.0.0.1][-][-][info][application] [seller][front\controllers\MemberController][actionProvince][][0][success] time_used[1026]
    in E:\app.xiaomaijr.com\front\controllers\BaseController.php:96
    in E:\app.xiaomaijr.com\front\controllers\MemberController.php:100
2016-10-31 12:13:40 [127.0.0.1][-][-][info][application] $_COOKIE = [
    'PHPSESSID' => 'hmj8nu3213afm1hm8at4ul03a0'
    '_csrf' => '2adb2819862aadebfd62cf72a8ff0d91b59ea55fe19df83ba20fef2e3767853ca:2:{i:0;s:5:\"_csrf\";i:1;s:32:\"eMu1XqvEh38IX8eGYINT16qKKzPoZJFz\";}'
]

$_SESSION = [
    'MOBILE' => '18679404215'
    'USER_ID' => 1
    'CATEGORYS' => [
        0 => [
            'id' => '1'
            'name' => '数码影音'
            'parent' => '0'
            'is_del' => '0'
            'create_time' => '2147483647'
            'update_time' => '0'
        ]
        1 => [
            'id' => '2'
            'name' => '其它商品'
            'parent' => '0'
            'is_del' => '0'
            'create_time' => '2147483647'
            'update_time' => '0'
        ]
        2 => [
            'id' => '3'
            'name' => '手机平板'
            'parent' => '0'
            'is_del' => '0'
            'create_time' => '2147483647'
            'update_time' => '0'
        ]
    ]
    'CURURL' => '/member/province'
]

$_SERVER = [
    'REDIRECT_MIBDIRS' => 'D:/Xampp/php/extras/mibs'
    'REDIRECT_MYSQL_HOME' => '\\xampp\\mysql\\bin'
    'REDIRECT_OPENSSL_CONF' => 'D:/Xampp/apache/bin/openssl.cnf'
    'REDIRECT_PHP_PEAR_SYSCONF_DIR' => '\\xampp\\php'
    'REDIRECT_PHPRC' => '\\xampp\\php'
    'REDIRECT_TMP' => '\\xampp\\tmp'
    'REDIRECT_STATUS' => '200'
    'MIBDIRS' => 'D:/Xampp/php/extras/mibs'
    'MYSQL_HOME' => '\\xampp\\mysql\\bin'
    'OPENSSL_CONF' => 'D:/Xampp/apache/bin/openssl.cnf'
    'PHP_PEAR_SYSCONF_DIR' => '\\xampp\\php'
    'PHPRC' => '\\xampp\\php'
    'TMP' => '\\xampp\\tmp'
    'HTTP_HOST' => 'www.yiyuan.com'
    'HTTP_CONNECTION' => 'keep-alive'
    'CONTENT_LENGTH' => '0'
    'HTTP_ACCEPT' => 'application/json, text/javascript, */*; q=0.01'
    'HTTP_ORIGIN' => 'http://www.yiyuan.com'
    'HTTP_X_REQUESTED_WITH' => 'XMLHttpRequest'
    'HTTP_USER_AGENT' => 'Mozilla/5.0 (Windows NT 6.1; WOW64) AppleWebKit/537.36 (KHTML, like Gecko) Chrome/50.0.2661.94 Safari/537.36'
    'HTTP_REFERER' => 'http://www.yiyuan.com/user-center/address-list'
    'HTTP_ACCEPT_ENCODING' => 'gzip, deflate'
    'HTTP_ACCEPT_LANGUAGE' => 'zh-CN,zh;q=0.8'
    'HTTP_COOKIE' => 'PHPSESSID=hmj8nu3213afm1hm8at4ul03a0; _csrf=2adb2819862aadebfd62cf72a8ff0d91b59ea55fe19df83ba20fef2e3767853ca%3A2%3A%7Bi%3A0%3Bs%3A5%3A%22_csrf%22%3Bi%3A1%3Bs%3A32%3A%22eMu1XqvEh38IX8eGYINT16qKKzPoZJFz%22%3B%7D'
    'PATH' => 'C:\\Program Files (x86)\\Common Files\\NetSarang;C:\\Program Files (x86)\\Intel\\iCLS Client\\;C:\\Program Files\\Intel\\iCLS Client\\;C:\\Windows\\system32;C:\\Windows;C:\\Windows\\System32\\Wbem;C:\\Windows\\System32\\WindowsPowerShell\\v1.0\\;C:\\Program Files\\Lenovo\\Fingerprint Manager Pro\\;C:\\Program Files\\Intel\\Intel(R) Management Engine Components\\DAL;C:\\Program Files (x86)\\Intel\\Intel(R) Management Engine Components\\DAL;C:\\Program Files\\Intel\\Intel(R) Management Engine Components\\IPT;C:\\Program Files (x86)\\Intel\\Intel(R) Management Engine Components\\IPT;D:\\TortoiseSVN\\bin;C:\\Program Files (x86)\\AOMEI Backupper 2.1;C:\\Program Files\\MIT\\Kerberos\\bin'
    'SystemRoot' => 'C:\\Windows'
    'COMSPEC' => 'C:\\Windows\\system32\\cmd.exe'
    'PATHEXT' => '.COM;.EXE;.BAT;.CMD;.VBS;.VBE;.JS;.JSE;.WSF;.WSH;.MSC'
    'WINDIR' => 'C:\\Windows'
    'SERVER_SIGNATURE' => '<address>Apache/2.4.17 (Win32) OpenSSL/1.0.2d PHP/5.6.14 Server at www.yiyuan.com Port 80</address>
'
    'SERVER_SOFTWARE' => 'Apache/2.4.17 (Win32) OpenSSL/1.0.2d PHP/5.6.14'
    'SERVER_NAME' => 'www.yiyuan.com'
    'SERVER_ADDR' => '127.0.0.1'
    'SERVER_PORT' => '80'
    'REMOTE_ADDR' => '127.0.0.1'
    'DOCUMENT_ROOT' => 'E:/app.xiaomaijr.com/front/web/'
    'REQUEST_SCHEME' => 'http'
    'CONTEXT_PREFIX' => ''
    'CONTEXT_DOCUMENT_ROOT' => 'E:/app.xiaomaijr.com/front/web/'
    'SERVER_ADMIN' => '409838862@qq.com'
    'SCRIPT_FILENAME' => 'E:/app.xiaomaijr.com/front/web/index.php'
    'REMOTE_PORT' => '54629'
    'REDIRECT_URL' => 'http://www.yiyuan.com/member/province'
    'GATEWAY_INTERFACE' => 'CGI/1.1'
    'SERVER_PROTOCOL' => 'HTTP/1.1'
    'REQUEST_METHOD' => 'POST'
    'QUERY_STRING' => ''
    'REQUEST_URI' => '/member/province'
    'SCRIPT_NAME' => '/index.php'
    'PATH_INFO' => '/web/member/province'
    'PATH_TRANSLATED' => 'redirect:\\index.php\\web\\web\\member\\province\\member\\province'
    'PHP_SELF' => '/index.php/web/member/province'
    'REQUEST_TIME_FLOAT' => 1477887220.721
    'REQUEST_TIME' => 1477887220
]
2016-10-31 12:16:13 [127.0.0.1][-][-][info][application] [seller][front\controllers\MemberController][actionProvince][][0][success] time_used[1035]
    in E:\app.xiaomaijr.com\front\controllers\BaseController.php:96
    in E:\app.xiaomaijr.com\front\controllers\MemberController.php:100
2016-10-31 12:16:11 [127.0.0.1][-][-][info][application] $_COOKIE = [
    'PHPSESSID' => 'hmj8nu3213afm1hm8at4ul03a0'
    '_csrf' => '2adb2819862aadebfd62cf72a8ff0d91b59ea55fe19df83ba20fef2e3767853ca:2:{i:0;s:5:\"_csrf\";i:1;s:32:\"eMu1XqvEh38IX8eGYINT16qKKzPoZJFz\";}'
]

$_SESSION = [
    'MOBILE' => '18679404215'
    'USER_ID' => 1
    'CATEGORYS' => [
        0 => [
            'id' => '1'
            'name' => '数码影音'
            'parent' => '0'
            'is_del' => '0'
            'create_time' => '2147483647'
            'update_time' => '0'
        ]
        1 => [
            'id' => '2'
            'name' => '其它商品'
            'parent' => '0'
            'is_del' => '0'
            'create_time' => '2147483647'
            'update_time' => '0'
        ]
        2 => [
            'id' => '3'
            'name' => '手机平板'
            'parent' => '0'
            'is_del' => '0'
            'create_time' => '2147483647'
            'update_time' => '0'
        ]
    ]
    'CURURL' => '/member/province'
]

$_SERVER = [
    'REDIRECT_MIBDIRS' => 'D:/Xampp/php/extras/mibs'
    'REDIRECT_MYSQL_HOME' => '\\xampp\\mysql\\bin'
    'REDIRECT_OPENSSL_CONF' => 'D:/Xampp/apache/bin/openssl.cnf'
    'REDIRECT_PHP_PEAR_SYSCONF_DIR' => '\\xampp\\php'
    'REDIRECT_PHPRC' => '\\xampp\\php'
    'REDIRECT_TMP' => '\\xampp\\tmp'
    'REDIRECT_STATUS' => '200'
    'MIBDIRS' => 'D:/Xampp/php/extras/mibs'
    'MYSQL_HOME' => '\\xampp\\mysql\\bin'
    'OPENSSL_CONF' => 'D:/Xampp/apache/bin/openssl.cnf'
    'PHP_PEAR_SYSCONF_DIR' => '\\xampp\\php'
    'PHPRC' => '\\xampp\\php'
    'TMP' => '\\xampp\\tmp'
    'HTTP_HOST' => 'www.yiyuan.com'
    'HTTP_CONNECTION' => 'keep-alive'
    'CONTENT_LENGTH' => '0'
    'HTTP_ACCEPT' => 'application/json, text/javascript, */*; q=0.01'
    'HTTP_ORIGIN' => 'http://www.yiyuan.com'
    'HTTP_X_REQUESTED_WITH' => 'XMLHttpRequest'
    'HTTP_USER_AGENT' => 'Mozilla/5.0 (Windows NT 6.1; WOW64) AppleWebKit/537.36 (KHTML, like Gecko) Chrome/50.0.2661.94 Safari/537.36'
    'HTTP_REFERER' => 'http://www.yiyuan.com/user-center/address-list'
    'HTTP_ACCEPT_ENCODING' => 'gzip, deflate'
    'HTTP_ACCEPT_LANGUAGE' => 'zh-CN,zh;q=0.8'
    'HTTP_COOKIE' => 'PHPSESSID=hmj8nu3213afm1hm8at4ul03a0; _csrf=2adb2819862aadebfd62cf72a8ff0d91b59ea55fe19df83ba20fef2e3767853ca%3A2%3A%7Bi%3A0%3Bs%3A5%3A%22_csrf%22%3Bi%3A1%3Bs%3A32%3A%22eMu1XqvEh38IX8eGYINT16qKKzPoZJFz%22%3B%7D'
    'PATH' => 'C:\\Program Files (x86)\\Common Files\\NetSarang;C:\\Program Files (x86)\\Intel\\iCLS Client\\;C:\\Program Files\\Intel\\iCLS Client\\;C:\\Windows\\system32;C:\\Windows;C:\\Windows\\System32\\Wbem;C:\\Windows\\System32\\WindowsPowerShell\\v1.0\\;C:\\Program Files\\Lenovo\\Fingerprint Manager Pro\\;C:\\Program Files\\Intel\\Intel(R) Management Engine Components\\DAL;C:\\Program Files (x86)\\Intel\\Intel(R) Management Engine Components\\DAL;C:\\Program Files\\Intel\\Intel(R) Management Engine Components\\IPT;C:\\Program Files (x86)\\Intel\\Intel(R) Management Engine Components\\IPT;D:\\TortoiseSVN\\bin;C:\\Program Files (x86)\\AOMEI Backupper 2.1;C:\\Program Files\\MIT\\Kerberos\\bin'
    'SystemRoot' => 'C:\\Windows'
    'COMSPEC' => 'C:\\Windows\\system32\\cmd.exe'
    'PATHEXT' => '.COM;.EXE;.BAT;.CMD;.VBS;.VBE;.JS;.JSE;.WSF;.WSH;.MSC'
    'WINDIR' => 'C:\\Windows'
    'SERVER_SIGNATURE' => '<address>Apache/2.4.17 (Win32) OpenSSL/1.0.2d PHP/5.6.14 Server at www.yiyuan.com Port 80</address>
'
    'SERVER_SOFTWARE' => 'Apache/2.4.17 (Win32) OpenSSL/1.0.2d PHP/5.6.14'
    'SERVER_NAME' => 'www.yiyuan.com'
    'SERVER_ADDR' => '127.0.0.1'
    'SERVER_PORT' => '80'
    'REMOTE_ADDR' => '127.0.0.1'
    'DOCUMENT_ROOT' => 'E:/app.xiaomaijr.com/front/web/'
    'REQUEST_SCHEME' => 'http'
    'CONTEXT_PREFIX' => ''
    'CONTEXT_DOCUMENT_ROOT' => 'E:/app.xiaomaijr.com/front/web/'
    'SERVER_ADMIN' => '409838862@qq.com'
    'SCRIPT_FILENAME' => 'E:/app.xiaomaijr.com/front/web/index.php'
    'REMOTE_PORT' => '55264'
    'REDIRECT_URL' => 'http://www.yiyuan.com/member/province'
    'GATEWAY_INTERFACE' => 'CGI/1.1'
    'SERVER_PROTOCOL' => 'HTTP/1.1'
    'REQUEST_METHOD' => 'POST'
    'QUERY_STRING' => ''
    'REQUEST_URI' => '/member/province'
    'SCRIPT_NAME' => '/index.php'
    'PATH_INFO' => '/web/member/province'
    'PATH_TRANSLATED' => 'redirect:\\index.php\\web\\web\\member\\province\\member\\province'
    'PHP_SELF' => '/index.php/web/member/province'
    'REQUEST_TIME_FLOAT' => 1477887371.839
    'REQUEST_TIME' => 1477887371
]
2016-10-31 12:17:17 [127.0.0.1][-][-][info][application] [seller][front\controllers\MemberController][actionProvince][][0][success] time_used[1021]
    in E:\app.xiaomaijr.com\front\controllers\BaseController.php:96
    in E:\app.xiaomaijr.com\front\controllers\MemberController.php:100
2016-10-31 12:17:15 [127.0.0.1][-][-][info][application] $_COOKIE = [
    'PHPSESSID' => 'hmj8nu3213afm1hm8at4ul03a0'
    '_csrf' => '2adb2819862aadebfd62cf72a8ff0d91b59ea55fe19df83ba20fef2e3767853ca:2:{i:0;s:5:\"_csrf\";i:1;s:32:\"eMu1XqvEh38IX8eGYINT16qKKzPoZJFz\";}'
]

$_SESSION = [
    'MOBILE' => '18679404215'
    'USER_ID' => 1
    'CATEGORYS' => [
        0 => [
            'id' => '1'
            'name' => '数码影音'
            'parent' => '0'
            'is_del' => '0'
            'create_time' => '2147483647'
            'update_time' => '0'
        ]
        1 => [
            'id' => '2'
            'name' => '其它商品'
            'parent' => '0'
            'is_del' => '0'
            'create_time' => '2147483647'
            'update_time' => '0'
        ]
        2 => [
            'id' => '3'
            'name' => '手机平板'
            'parent' => '0'
            'is_del' => '0'
            'create_time' => '2147483647'
            'update_time' => '0'
        ]
    ]
    'CURURL' => '/member/province'
]

$_SERVER = [
    'REDIRECT_MIBDIRS' => 'D:/Xampp/php/extras/mibs'
    'REDIRECT_MYSQL_HOME' => '\\xampp\\mysql\\bin'
    'REDIRECT_OPENSSL_CONF' => 'D:/Xampp/apache/bin/openssl.cnf'
    'REDIRECT_PHP_PEAR_SYSCONF_DIR' => '\\xampp\\php'
    'REDIRECT_PHPRC' => '\\xampp\\php'
    'REDIRECT_TMP' => '\\xampp\\tmp'
    'REDIRECT_STATUS' => '200'
    'MIBDIRS' => 'D:/Xampp/php/extras/mibs'
    'MYSQL_HOME' => '\\xampp\\mysql\\bin'
    'OPENSSL_CONF' => 'D:/Xampp/apache/bin/openssl.cnf'
    'PHP_PEAR_SYSCONF_DIR' => '\\xampp\\php'
    'PHPRC' => '\\xampp\\php'
    'TMP' => '\\xampp\\tmp'
    'HTTP_HOST' => 'www.yiyuan.com'
    'HTTP_CONNECTION' => 'keep-alive'
    'CONTENT_LENGTH' => '0'
    'HTTP_ACCEPT' => 'application/json, text/javascript, */*; q=0.01'
    'HTTP_ORIGIN' => 'http://www.yiyuan.com'
    'HTTP_X_REQUESTED_WITH' => 'XMLHttpRequest'
    'HTTP_USER_AGENT' => 'Mozilla/5.0 (Windows NT 6.1; WOW64) AppleWebKit/537.36 (KHTML, like Gecko) Chrome/50.0.2661.94 Safari/537.36'
    'HTTP_REFERER' => 'http://www.yiyuan.com/user-center/address-list'
    'HTTP_ACCEPT_ENCODING' => 'gzip, deflate'
    'HTTP_ACCEPT_LANGUAGE' => 'zh-CN,zh;q=0.8'
    'HTTP_COOKIE' => 'PHPSESSID=hmj8nu3213afm1hm8at4ul03a0; _csrf=2adb2819862aadebfd62cf72a8ff0d91b59ea55fe19df83ba20fef2e3767853ca%3A2%3A%7Bi%3A0%3Bs%3A5%3A%22_csrf%22%3Bi%3A1%3Bs%3A32%3A%22eMu1XqvEh38IX8eGYINT16qKKzPoZJFz%22%3B%7D'
    'PATH' => 'C:\\Program Files (x86)\\Common Files\\NetSarang;C:\\Program Files (x86)\\Intel\\iCLS Client\\;C:\\Program Files\\Intel\\iCLS Client\\;C:\\Windows\\system32;C:\\Windows;C:\\Windows\\System32\\Wbem;C:\\Windows\\System32\\WindowsPowerShell\\v1.0\\;C:\\Program Files\\Lenovo\\Fingerprint Manager Pro\\;C:\\Program Files\\Intel\\Intel(R) Management Engine Components\\DAL;C:\\Program Files (x86)\\Intel\\Intel(R) Management Engine Components\\DAL;C:\\Program Files\\Intel\\Intel(R) Management Engine Components\\IPT;C:\\Program Files (x86)\\Intel\\Intel(R) Management Engine Components\\IPT;D:\\TortoiseSVN\\bin;C:\\Program Files (x86)\\AOMEI Backupper 2.1;C:\\Program Files\\MIT\\Kerberos\\bin'
    'SystemRoot' => 'C:\\Windows'
    'COMSPEC' => 'C:\\Windows\\system32\\cmd.exe'
    'PATHEXT' => '.COM;.EXE;.BAT;.CMD;.VBS;.VBE;.JS;.JSE;.WSF;.WSH;.MSC'
    'WINDIR' => 'C:\\Windows'
    'SERVER_SIGNATURE' => '<address>Apache/2.4.17 (Win32) OpenSSL/1.0.2d PHP/5.6.14 Server at www.yiyuan.com Port 80</address>
'
    'SERVER_SOFTWARE' => 'Apache/2.4.17 (Win32) OpenSSL/1.0.2d PHP/5.6.14'
    'SERVER_NAME' => 'www.yiyuan.com'
    'SERVER_ADDR' => '127.0.0.1'
    'SERVER_PORT' => '80'
    'REMOTE_ADDR' => '127.0.0.1'
    'DOCUMENT_ROOT' => 'E:/app.xiaomaijr.com/front/web/'
    'REQUEST_SCHEME' => 'http'
    'CONTEXT_PREFIX' => ''
    'CONTEXT_DOCUMENT_ROOT' => 'E:/app.xiaomaijr.com/front/web/'
    'SERVER_ADMIN' => '409838862@qq.com'
    'SCRIPT_FILENAME' => 'E:/app.xiaomaijr.com/front/web/index.php'
    'REMOTE_PORT' => '50285'
    'REDIRECT_URL' => 'http://www.yiyuan.com/member/province'
    'GATEWAY_INTERFACE' => 'CGI/1.1'
    'SERVER_PROTOCOL' => 'HTTP/1.1'
    'REQUEST_METHOD' => 'POST'
    'QUERY_STRING' => ''
    'REQUEST_URI' => '/member/province'
    'SCRIPT_NAME' => '/index.php'
    'PATH_INFO' => '/web/member/province'
    'PATH_TRANSLATED' => 'redirect:\\index.php\\web\\web\\member\\province\\member\\province'
    'PHP_SELF' => '/index.php/web/member/province'
    'REQUEST_TIME_FLOAT' => 1477887435.917
    'REQUEST_TIME' => 1477887435
]
2016-10-31 12:17:41 [127.0.0.1][-][-][info][application] [seller][front\controllers\MemberController][actionProvince][][0][success] time_used[1042]
    in E:\app.xiaomaijr.com\front\controllers\BaseController.php:96
    in E:\app.xiaomaijr.com\front\controllers\MemberController.php:100
2016-10-31 12:17:39 [127.0.0.1][-][-][info][application] $_COOKIE = [
    'PHPSESSID' => 'hmj8nu3213afm1hm8at4ul03a0'
    '_csrf' => '2adb2819862aadebfd62cf72a8ff0d91b59ea55fe19df83ba20fef2e3767853ca:2:{i:0;s:5:\"_csrf\";i:1;s:32:\"eMu1XqvEh38IX8eGYINT16qKKzPoZJFz\";}'
]

$_SESSION = [
    'MOBILE' => '18679404215'
    'USER_ID' => 1
    'CATEGORYS' => [
        0 => [
            'id' => '1'
            'name' => '数码影音'
            'parent' => '0'
            'is_del' => '0'
            'create_time' => '2147483647'
            'update_time' => '0'
        ]
        1 => [
            'id' => '2'
            'name' => '其它商品'
            'parent' => '0'
            'is_del' => '0'
            'create_time' => '2147483647'
            'update_time' => '0'
        ]
        2 => [
            'id' => '3'
            'name' => '手机平板'
            'parent' => '0'
            'is_del' => '0'
            'create_time' => '2147483647'
            'update_time' => '0'
        ]
    ]
    'CURURL' => '/member/province'
]

$_SERVER = [
    'REDIRECT_MIBDIRS' => 'D:/Xampp/php/extras/mibs'
    'REDIRECT_MYSQL_HOME' => '\\xampp\\mysql\\bin'
    'REDIRECT_OPENSSL_CONF' => 'D:/Xampp/apache/bin/openssl.cnf'
    'REDIRECT_PHP_PEAR_SYSCONF_DIR' => '\\xampp\\php'
    'REDIRECT_PHPRC' => '\\xampp\\php'
    'REDIRECT_TMP' => '\\xampp\\tmp'
    'REDIRECT_STATUS' => '200'
    'MIBDIRS' => 'D:/Xampp/php/extras/mibs'
    'MYSQL_HOME' => '\\xampp\\mysql\\bin'
    'OPENSSL_CONF' => 'D:/Xampp/apache/bin/openssl.cnf'
    'PHP_PEAR_SYSCONF_DIR' => '\\xampp\\php'
    'PHPRC' => '\\xampp\\php'
    'TMP' => '\\xampp\\tmp'
    'HTTP_HOST' => 'www.yiyuan.com'
    'HTTP_CONNECTION' => 'keep-alive'
    'CONTENT_LENGTH' => '0'
    'HTTP_ACCEPT' => 'application/json, text/javascript, */*; q=0.01'
    'HTTP_ORIGIN' => 'http://www.yiyuan.com'
    'HTTP_X_REQUESTED_WITH' => 'XMLHttpRequest'
    'HTTP_USER_AGENT' => 'Mozilla/5.0 (Windows NT 6.1; WOW64) AppleWebKit/537.36 (KHTML, like Gecko) Chrome/50.0.2661.94 Safari/537.36'
    'HTTP_REFERER' => 'http://www.yiyuan.com/user-center/address-list'
    'HTTP_ACCEPT_ENCODING' => 'gzip, deflate'
    'HTTP_ACCEPT_LANGUAGE' => 'zh-CN,zh;q=0.8'
    'HTTP_COOKIE' => 'PHPSESSID=hmj8nu3213afm1hm8at4ul03a0; _csrf=2adb2819862aadebfd62cf72a8ff0d91b59ea55fe19df83ba20fef2e3767853ca%3A2%3A%7Bi%3A0%3Bs%3A5%3A%22_csrf%22%3Bi%3A1%3Bs%3A32%3A%22eMu1XqvEh38IX8eGYINT16qKKzPoZJFz%22%3B%7D'
    'PATH' => 'C:\\Program Files (x86)\\Common Files\\NetSarang;C:\\Program Files (x86)\\Intel\\iCLS Client\\;C:\\Program Files\\Intel\\iCLS Client\\;C:\\Windows\\system32;C:\\Windows;C:\\Windows\\System32\\Wbem;C:\\Windows\\System32\\WindowsPowerShell\\v1.0\\;C:\\Program Files\\Lenovo\\Fingerprint Manager Pro\\;C:\\Program Files\\Intel\\Intel(R) Management Engine Components\\DAL;C:\\Program Files (x86)\\Intel\\Intel(R) Management Engine Components\\DAL;C:\\Program Files\\Intel\\Intel(R) Management Engine Components\\IPT;C:\\Program Files (x86)\\Intel\\Intel(R) Management Engine Components\\IPT;D:\\TortoiseSVN\\bin;C:\\Program Files (x86)\\AOMEI Backupper 2.1;C:\\Program Files\\MIT\\Kerberos\\bin'
    'SystemRoot' => 'C:\\Windows'
    'COMSPEC' => 'C:\\Windows\\system32\\cmd.exe'
    'PATHEXT' => '.COM;.EXE;.BAT;.CMD;.VBS;.VBE;.JS;.JSE;.WSF;.WSH;.MSC'
    'WINDIR' => 'C:\\Windows'
    'SERVER_SIGNATURE' => '<address>Apache/2.4.17 (Win32) OpenSSL/1.0.2d PHP/5.6.14 Server at www.yiyuan.com Port 80</address>
'
    'SERVER_SOFTWARE' => 'Apache/2.4.17 (Win32) OpenSSL/1.0.2d PHP/5.6.14'
    'SERVER_NAME' => 'www.yiyuan.com'
    'SERVER_ADDR' => '127.0.0.1'
    'SERVER_PORT' => '80'
    'REMOTE_ADDR' => '127.0.0.1'
    'DOCUMENT_ROOT' => 'E:/app.xiaomaijr.com/front/web/'
    'REQUEST_SCHEME' => 'http'
    'CONTEXT_PREFIX' => ''
    'CONTEXT_DOCUMENT_ROOT' => 'E:/app.xiaomaijr.com/front/web/'
    'SERVER_ADMIN' => '409838862@qq.com'
    'SCRIPT_FILENAME' => 'E:/app.xiaomaijr.com/front/web/index.php'
    'REMOTE_PORT' => '50414'
    'REDIRECT_URL' => 'http://www.yiyuan.com/member/province'
    'GATEWAY_INTERFACE' => 'CGI/1.1'
    'SERVER_PROTOCOL' => 'HTTP/1.1'
    'REQUEST_METHOD' => 'POST'
    'QUERY_STRING' => ''
    'REQUEST_URI' => '/member/province'
    'SCRIPT_NAME' => '/index.php'
    'PATH_INFO' => '/web/member/province'
    'PATH_TRANSLATED' => 'redirect:\\index.php\\web\\web\\member\\province\\member\\province'
    'PHP_SELF' => '/index.php/web/member/province'
    'REQUEST_TIME_FLOAT' => 1477887459.097
    'REQUEST_TIME' => 1477887459
]
