TRACE 2016-08-28 09:13:30# mall/index[]
TRACE 2016-08-28 09:31:42# mall/index[]
TRACE 2016-08-28 10:02:49# mall/index[]
TRACE 2016-08-28 10:03:54# mall/index[]
TRACE 2016-08-28 10:04:24# mall/index[]
TRACE 2016-08-28 10:04:41# mall/index[]
TRACE 2016-08-28 10:05:34# mall/index[]
TRACE 2016-08-28 10:06:11# mall/index[]
TRACE 2016-08-28 10:06:32# mall/index[]
TRACE 2016-08-28 10:06:45# mall/index[]
TRACE 2016-08-28 10:07:10# mall/index[]
TRACE 2016-08-28 10:12:44# mall/index[]
TRACE 2016-08-28 10:13:07# mall/index[]
TRACE 2016-08-28 10:22:08# mall/index[]
TRACE 2016-08-28 10:22:18# mall/index[]
TRACE 2016-08-28 10:23:12# mall/index[]
TRACE 2016-08-28 10:31:28# mall/index[]
TRACE 2016-08-28 10:32:32# mall/index[]
TRACE 2016-08-28 10:32:42# mall/index[]
TRACE 2016-08-28 10:33:06# mall/index[]
TRACE 2016-08-28 10:33:20# mall/index[]
TRACE 2016-08-28 10:33:32# mall/index[]
TRACE 2016-08-28 10:34:18# user-passport/register-view[]
TRACE 2016-08-28 10:34:56# user-passport/register-view[]
TRACE 2016-08-28 10:35:10# user-passport/get-code{"account":"18679401221"}
TRACE 2016-08-28 10:36:13# user-passport/get-code{"account":"18679401221"}
TRACE 2016-08-28 10:36:23# user-passport/register{"account":"18679401221","auth_code":"181491","password":"123456","confirm_password":"123456"}
TRACE 2016-08-28 10:36:25# mall/index[]
TRACE 2016-08-28 10:36:45# mall/index[]
TRACE 2016-08-28 10:37:44# user-passport/register-view[]
TRACE 2016-08-28 10:37:54# user-passport/login-view[]
TRACE 2016-08-28 10:38:01# user-passport/login-view[]
TRACE 2016-08-28 10:38:22# user-passport/login{"account":"18679404215","password":"123456"}
TRACE 2016-08-28 10:38:26# user-passport/login{"account":"18679404215","password":"123456"}
TRACE 2016-08-28 10:38:28# user-passport/login{"account":"18679404215","password":"123456"}
TRACE 2016-08-28 10:38:46# user-passport/login{"account":"18679404215","password":"123456"}
TRACE 2016-08-28 10:39:12# user-passport/login{"account":"18679404215","password":"123456"}
TRACE 2016-08-28 10:39:14# mall/index[]
TRACE 2016-08-28 10:40:03# mall/index[]
TRACE 2016-08-28 10:40:12# mall/index[]
TRACE 2016-08-28 10:50:15# mall/index[]
TRACE 2016-08-28 10:50:26# member/display-order-list[]
TRACE 2016-08-28 10:51:15# mall/index[]
TRACE 2016-08-28 10:52:33# mall/index[]
TRACE 2016-08-28 10:52:34# mall/index[]
TRACE 2016-08-28 10:52:34# mall/index[]
TRACE 2016-08-28 10:52:42# mall/index[]
