TRACE 2016-10-29 07:54:02# mall/index[]
TRACE 2016-10-29 07:54:47# mall/index[]
TRACE 2016-10-29 07:55:21# mall/index[]
TRACE 2016-10-29 07:57:20# mall/index[]
TRACE 2016-10-29 08:11:00# mall/index[]
TRACE 2016-10-29 08:11:24# mall/index[]
TRACE 2016-10-29 08:14:03# mall/index[]
TRACE 2016-10-29 08:20:29# mall/index[]
TRACE 2016-10-29 08:22:17# mall/index[]
TRACE 2016-10-29 08:24:38# mall/index[]
TRACE 2016-10-29 08:24:57# mall/index[]
TRACE 2016-10-29 08:43:25# mall/index[]
TRACE 2016-10-29 08:45:13# mall/index[]
TRACE 2016-10-29 08:46:04# mall/detail{"id":"2"}
TRACE 2016-10-29 08:47:33# mall/detail{"id":"2"}
TRACE 2016-10-29 08:49:22# mall/detail{"id":"2"}
TRACE 2016-10-29 08:51:52# mall/detail{"id":"2"}
TRACE 2016-10-29 08:57:59# mall/detail{"id":"2"}
TRACE 2016-10-29 08:58:58# mall/detail{"id":"2"}
TRACE 2016-10-29 08:59:45# mall/detail{"id":"2"}
TRACE 2016-10-29 09:00:57# mall/detail{"id":"2"}
TRACE 2016-10-29 09:01:06# mall/detail{"id":"2"}
TRACE 2016-10-29 09:02:00# mall/detail{"id":"2"}
TRACE 2016-10-29 09:05:15# mall/detail{"id":"2"}
TRACE 2016-10-29 09:06:13# mall/detail{"id":"2"}
TRACE 2016-10-29 09:08:29# mall/detail{"id":"2"}
TRACE 2016-10-29 09:09:47# mall/detail{"id":"2"}
TRACE 2016-10-29 09:40:34# mall/detail{"id":"2"}
TRACE 2016-10-29 09:40:50# mall/index[]
TRACE 2016-10-29 09:42:52# mall/index[]
TRACE 2016-10-29 09:43:37# mall/index[]
TRACE 2016-10-29 09:43:46# shop-cart/add{"indiana_good_id":"2","num":"1"}
TRACE 2016-10-29 09:47:21# user-passport/login-view[]
TRACE 2016-10-29 09:47:30# user-passport/get-code{"account":"18679404215"}
TRACE 2016-10-29 09:47:38# user-passport/login{"account":"18679404215","auth_code":"972314"}
TRACE 2016-10-29 09:47:39# mall/index[]
TRACE 2016-10-29 09:47:46# shop-cart/add{"indiana_good_id":"2","num":"1"}
TRACE 2016-10-29 09:47:48# shop-cart/list[]
TRACE 2016-10-29 09:50:23# mall/index[]
TRACE 2016-10-29 09:50:49# shop-cart/add{"indiana_good_id":"2","num":"1"}
TRACE 2016-10-29 09:50:51# shop-cart/list[]
TRACE 2016-10-29 09:54:52# shop-cart/list[]
TRACE 2016-10-29 09:56:28# shop-cart/list[]
TRACE 2016-10-29 09:58:26# shop-cart/list[]
TRACE 2016-10-29 09:58:33# mall/product[]
TRACE 2016-10-29 09:58:39# mall/index[]
TRACE 2016-10-29 09:58:45# shop-cart/add{"indiana_good_id":"2","num":"1"}
TRACE 2016-10-29 09:58:48# shop-cart/list[]
TRACE 2016-10-29 10:01:06# shop-cart/list[]
TRACE 2016-10-29 10:01:48# shop-cart/list[]
TRACE 2016-10-29 10:02:24# shop-cart/list[]
TRACE 2016-10-29 10:03:52# shop-cart/list[]
TRACE 2016-10-29 10:04:59# shop-cart/list[]
TRACE 2016-10-29 10:06:09# shop-cart/list[]
TRACE 2016-10-29 10:06:27# shop-cart/list[]
TRACE 2016-10-29 10:09:12# order/create{"shop_cart_ids":"21"}
TRACE 2016-10-29 10:10:39# order/create{"shop_cart_ids":"21"}
TRACE 2016-10-29 10:11:08# order/create{"shop_cart_ids":"21"}
TRACE 2016-10-29 10:11:11# user-center/order-list[]
TRACE 2016-10-29 10:18:14# user-center/order-list[]
TRACE 2016-10-29 10:40:30# user-center/order-list[]
TRACE 2016-10-29 10:41:23# user-center/order-list[]
TRACE 2016-10-29 10:42:02# user-center/order-list[]
TRACE 2016-10-29 10:43:37# user-center/order-list[]
TRACE 2016-10-29 10:44:40# user-center/order-list[]
TRACE 2016-10-29 10:45:01# user-center/modify-nick{"nick_name":"\u738b\u5c0f\u4e8c"}
TRACE 2016-10-29 10:45:17# order/pay{"id":"49"}
TRACE 2016-10-29 10:47:01# order/pay{"id":"49"}
TRACE 2016-10-29 10:47:35# order/pay{"id":"49"}
TRACE 2016-10-29 10:48:52# order/pay{"id":"49"}
TRACE 2016-10-29 10:55:07# user-center/order-list[]
TRACE 2016-10-29 10:55:13# order/pay{"id":"49"}
TRACE 2016-10-29 10:55:15# epay/recharge[]
TRACE 2016-10-29 16:45:39# mall/index[]
TRACE 2016-10-29 16:46:03# shop-cart/add{"indiana_good_id":"2","num":"1"}
TRACE 2016-10-29 16:46:10# shop-cart/add{"indiana_good_id":"2","num":"1"}
TRACE 2016-10-29 16:46:13# shop-cart/list[]
TRACE 2016-10-29 16:51:13# shop-cart/list[]
TRACE 2016-10-29 16:51:19# shop-cart/list[]
TRACE 2016-10-29 16:51:28# shop-cart/list[]
TRACE 2016-10-29 16:51:33# shop-cart/list[]
TRACE 2016-10-29 16:52:14# shop-cart/list[]
TRACE 2016-10-29 16:52:19# mall/product[]
TRACE 2016-10-29 16:52:27# mall/index[]
TRACE 2016-10-29 17:26:11# mall/index[]
TRACE 2016-10-29 17:26:23# mall/index[]
TRACE 2016-10-29 17:27:20# mall/index[]
TRACE 2016-10-29 17:27:32# user-passport/login-out[]
TRACE 2016-10-29 17:27:33# mall/index[]
TRACE 2016-10-29 17:27:40# user-passport/login-view[]
TRACE 2016-10-29 17:27:51# user-passport/get-code{"account":"18910628953"}
TRACE 2016-10-29 17:27:59# user-passport/login{"account":"18910628953","auth_code":"365374"}
TRACE 2016-10-29 17:28:01# mall/index[]
TRACE 2016-10-29 17:28:20# shop-cart/add{"indiana_good_id":"3","num":"1"}
TRACE 2016-10-29 17:28:26# shop-cart/add{"indiana_good_id":"3","num":"1"}
TRACE 2016-10-29 17:28:28# shop-cart/list[]
TRACE 2016-10-29 17:28:55# order/create{"shop_cart_ids":"23"}
TRACE 2016-10-29 17:28:56# epay/recharge[]
TRACE 2016-10-29 17:29:07# shop-cart/list[]
TRACE 2016-10-29 17:30:15# user-passport/login-out[]
TRACE 2016-10-29 17:30:16# mall/index[]
TRACE 2016-10-29 17:30:20# user-passport/login-view[]
TRACE 2016-10-29 17:30:30# user-passport/get-code{"account":"18610628953"}
TRACE 2016-10-29 17:30:38# user-passport/login{"account":"18610628953","auth_code":"756872"}
TRACE 2016-10-29 17:30:39# mall/index[]
TRACE 2016-10-29 17:30:46# shop-cart/add{"indiana_good_id":"3","num":"1"}
TRACE 2016-10-29 17:31:02# shop-cart/list[]
TRACE 2016-10-29 17:31:07# shop-cart/update-num{"num":"1","id":"24"}
TRACE 2016-10-29 17:31:25# order/create{"shop_cart_ids":"24"}
TRACE 2016-10-29 17:31:41# shop-cart/list[]
TRACE 2016-10-29 17:31:49# user-center/order-list[]
TRACE 2016-10-29 17:33:42# order/pay{"id":"52"}
TRACE 2016-10-29 17:33:44# user-center/order-list[]
TRACE 2016-10-29 17:33:52# mall/index[]
TRACE 2016-10-29 17:35:21# member/display-order-detail{"id":"3"}
TRACE 2016-10-29 17:35:33# mall/index[]
TRACE 2016-10-29 17:43:31# mall/index[]
TRACE 2016-10-29 17:44:11# mall/index[]
TRACE 2016-10-29 17:44:24# mall/index[]
TRACE 2016-10-29 17:44:37# mall/index[]
TRACE 2016-10-29 18:00:59# mall/index[]
TRACE 2016-10-29 18:03:13# member/display-order-detail{"id":"3"}
TRACE 2016-10-29 18:07:24# member/display-order-detail{"id":"3"}
TRACE 2016-10-29 18:07:45# member/display-order-detail{"id":"3"}
TRACE 2016-10-29 18:08:55# member/display-order-detail{"id":"3"}
TRACE 2016-10-29 18:09:05# member/display-order-detail{"id":"3"}
TRACE 2016-10-29 18:11:00# member/display-order-detail{"id":"3"}
TRACE 2016-10-29 18:11:44# member/display-order-detail{"id":"3"}
TRACE 2016-10-29 18:12:51# member/display-order-detail{"id":"3"}
TRACE 2016-10-29 18:16:00# member/display-order-detail{"id":"3"}
TRACE 2016-10-29 18:16:05# member/display-order-detail{"id":"3"}
TRACE 2016-10-29 18:16:28# member/display-order-detail{"id":"3"}
TRACE 2016-10-29 18:16:32# member/display-order-detail{"id":"3"}
TRACE 2016-10-29 18:17:16# member/display-order-detail{"id":"3"}
TRACE 2016-10-29 18:17:40# member/display-order-detail{"id":"3"}
TRACE 2016-10-29 18:18:21# member/display-order-detail{"id":"3"}
TRACE 2016-10-29 18:18:32# member/display-order-list[]
TRACE 2016-10-29 18:19:02# member/display-order-list[]
TRACE 2016-10-29 18:19:06# member/display-order-detail{"id":"4"}
TRACE 2016-10-29 18:19:13# member/display-order-list[]
TRACE 2016-10-29 18:19:16# member/display-order-detail{"id":"3"}
TRACE 2016-10-29 18:19:30# mall/disclose[]
TRACE 2016-10-29 18:21:51# mall/disclose[]
TRACE 2016-10-29 18:22:07# mall/product[]
TRACE 2016-10-29 18:22:55# mall/product[]
TRACE 2016-10-29 18:22:59# mall/product[]
TRACE 2016-10-29 18:27:40# mall/product[]
TRACE 2016-10-29 18:29:00# shop-cart/add{"indiana_good_id":"3","num":"1"}
TRACE 2016-10-29 18:29:02# shop-cart/add{"indiana_good_id":"3","num":"1"}
TRACE 2016-10-29 18:34:52# mall/product[]
TRACE 2016-10-29 18:36:58# mall/product[]
TRACE 2016-10-29 18:37:16# shop-cart/add{"indiana_good_id":"1","num":"1"}
TRACE 2016-10-29 18:37:21# mall/product[]
TRACE 2016-10-29 18:37:36# shop-cart/list[]
TRACE 2016-10-29 18:37:50# order/create{"shop_cart_ids":"25"}
TRACE 2016-10-29 18:37:51# epay/recharge[]
TRACE 2016-10-29 18:38:03# shop-cart/list[]
TRACE 2016-10-29 18:38:45# shop-cart/list[]
TRACE 2016-10-29 18:38:57# order/create{"shop_cart_ids":"25"}
TRACE 2016-10-29 18:38:58# epay/recharge[]
TRACE 2016-10-29 18:39:05# shop-cart/list[]
TRACE 2016-10-29 18:39:10# shop-cart/list[]
TRACE 2016-10-29 18:39:27# user-center/order-list[]
TRACE 2016-10-29 18:39:33# shop-cart/list[]
TRACE 2016-10-29 18:39:49# order/create{"shop_cart_ids":"25"}
TRACE 2016-10-29 18:39:50# epay/recharge[]
TRACE 2016-10-29 18:46:05# shop-cart/list[]
TRACE 2016-10-29 18:46:17# shop-cart/list[]
TRACE 2016-10-29 18:46:23# order/create{"shop_cart_ids":"25"}
TRACE 2016-10-29 18:46:24# epay/recharge[]
TRACE 2016-10-29 18:46:54# shop-cart/list[]
TRACE 2016-10-29 18:47:34# order/create{"shop_cart_ids":"25"}
TRACE 2016-10-29 18:47:35# epay/recharge[]
TRACE 2016-10-29 18:49:21# shop-cart/list[]
TRACE 2016-10-29 18:49:27# order/create{"shop_cart_ids":"25"}
TRACE 2016-10-29 18:50:09# order/create{"shop_cart_ids":"25"}
TRACE 2016-10-29 18:50:10# epay/recharge[]
TRACE 2016-10-29 18:50:46# shop-cart/list[]
TRACE 2016-10-29 18:50:50# order/create{"shop_cart_ids":"25"}
TRACE 2016-10-29 18:52:03# order/create{"shop_cart_ids":"25"}
TRACE 2016-10-29 18:52:05# epay/recharge[]
TRACE 2016-10-29 18:52:21# shop-cart/list[]
TRACE 2016-10-29 18:52:34# shop-cart/list[]
TRACE 2016-10-29 18:52:39# user-center/indianaed-list[]
TRACE 2016-10-29 18:52:45# user-center/order-list[]
TRACE 2016-10-29 18:54:53# order/pay{"id":"53"}
TRACE 2016-10-29 18:54:55# user-center/order-list[]
TRACE 2016-10-29 18:55:04# mall/product[]
TRACE 2016-10-29 18:55:42# user-center/display-order-list[]
TRACE 2016-10-29 18:55:49# user-center/indianaed-list[]
TRACE 2016-10-29 18:55:56# mall/product[]
TRACE 2016-10-29 20:39:55# mall/index[]
TRACE 2016-10-29 20:46:07# mall/index[]
TRACE 2016-10-29 20:46:17# mall/product{"page_type":"hot"}
TRACE 2016-10-29 20:46:27# mall/product{"page_type":"new"}
TRACE 2016-10-29 20:46:42# mall/product{"page_type":"new"}
TRACE 2016-10-29 20:49:25# mall/index[]
TRACE 2016-10-29 22:04:07# mall/index[]
TRACE 2016-10-29 22:49:33# mall/index[]
TRACE 2016-10-29 22:50:19# mall/index[]
TRACE 2016-10-29 22:50:26# mall/product[]
TRACE 2016-10-29 22:50:29# mall/disclose[]
TRACE 2016-10-29 22:50:31# member/display-order-list[]
TRACE 2016-10-29 22:50:33# mall/index[]
TRACE 2016-10-29 22:50:58# user-passport/login-out[]
TRACE 2016-10-29 22:50:59# mall/index[]
TRACE 2016-10-29 22:51:05# user-passport/login-view[]
TRACE 2016-10-29 22:51:17# user-passport/get-code{"account":"18679404215"}
TRACE 2016-10-29 22:51:25# user-passport/login{"account":"18679404215","auth_code":"760168"}
TRACE 2016-10-29 22:51:26# mall/index[]
TRACE 2016-10-29 22:54:27# mall/index[]
TRACE 2016-10-29 22:54:46# mall/index[]
TRACE 2016-10-29 22:54:50# user-passport/login-view[]
TRACE 2016-10-29 22:55:32# user-passport/get-code{"account":"18610628953"}
TRACE 2016-10-29 22:55:41# user-passport/login{"account":"18610628953","auth_code":"471337"}
TRACE 2016-10-29 22:55:42# mall/index[]
TRACE 2016-10-29 22:55:54# mall/detail{"id":"5"}
TRACE 2016-10-29 22:56:03# mall/index[]
TRACE 2016-10-29 22:56:08# shop-cart/add{"indiana_good_id":"6","num":"1"}
TRACE 2016-10-29 22:56:10# shop-cart/list[]
TRACE 2016-10-29 22:56:25# order/create{"shop_cart_ids":"26"}
TRACE 2016-10-29 22:56:28# user-center/order-list[]
TRACE 2016-10-29 22:58:15# user-center/order-list[]
TRACE 2016-10-29 22:58:31# user-center/order-list[]
TRACE 2016-10-29 22:58:35# user-center/order-list[]
TRACE 2016-10-29 23:05:05# mall/index[]
TRACE 2016-10-29 23:05:11# shop-cart/add{"indiana_good_id":"6","num":"1"}
TRACE 2016-10-29 23:05:14# shop-cart/list[]
TRACE 2016-10-29 23:05:21# order/create{"shop_cart_ids":"27"}
TRACE 2016-10-29 23:07:25# shop-cart/list[]
TRACE 2016-10-29 23:07:30# user-center/order-list[]
TRACE 2016-10-29 23:08:23# order/pay{"id":"55"}
TRACE 2016-10-29 23:08:25# user-center/order-list[]
TRACE 2016-10-29 23:08:49# mall/index[]
TRACE 2016-10-29 23:14:43# mall/index[]
TRACE 2016-10-29 23:18:43# mall/reward[]
TRACE 2016-10-29 23:18:45# mall/detail{"id":"0"}
TRACE 2016-10-29 23:19:01# mall/reward-test[]
TRACE 2016-10-29 23:19:44# mall/reward-test[]
TRACE 2016-10-29 23:20:01# mall/index[]
TRACE 2016-10-29 23:21:51# mall/reward-test[]
TRACE 2016-10-29 23:22:49# mall/reward-test[]
TRACE 2016-10-29 23:23:03# mall/index[]
TRACE 2016-10-29 23:24:09# mall/reward-test[]
TRACE 2016-10-29 23:24:50# mall/reward-test[]
TRACE 2016-10-29 23:25:45# mall/reward-test[]
TRACE 2016-10-29 23:26:17# mall/reward-test[]
TRACE 2016-10-29 23:27:23# mall/reward-test[]
TRACE 2016-10-29 23:27:55# mall/reward-test[]
TRACE 2016-10-29 23:28:40# mall/reward-test[]
TRACE 2016-10-29 23:31:12# mall/index[]
TRACE 2016-10-29 23:31:30# user-center/indianaed-list[]
TRACE 2016-10-29 23:31:44# user-center/indianaed-list[]
TRACE 2016-10-29 23:33:31# user-center/indianaed-list[]
TRACE 2016-10-29 23:33:40# mall/index[]
TRACE 2016-10-29 23:33:44# mall/detail{"id":"4"}
TRACE 2016-10-29 23:33:49# mall/index[]
TRACE 2016-10-29 23:33:53# shop-cart/add{"indiana_good_id":"5","num":"1"}
TRACE 2016-10-29 23:33:55# shop-cart/list[]
TRACE 2016-10-29 23:33:59# shop-cart/update-num{"num":"1","id":"28"}
TRACE 2016-10-29 23:34:00# shop-cart/update-num{"num":"1","id":"28"}
TRACE 2016-10-29 23:34:01# shop-cart/update-num{"num":"1","id":"28"}
TRACE 2016-10-29 23:34:03# shop-cart/update-num{"num":"1","id":"28"}
TRACE 2016-10-29 23:34:04# shop-cart/update-num{"num":"1","id":"28"}
TRACE 2016-10-29 23:34:10# order/create{"shop_cart_ids":"28"}
TRACE 2016-10-29 23:34:34# order/create{"shop_cart_ids":"28"}
TRACE 2016-10-29 23:34:46# shop-cart/list[]
TRACE 2016-10-29 23:34:52# user-center/order-list[]
TRACE 2016-10-29 23:36:35# shop-cart/list[]
TRACE 2016-10-29 23:37:03# shop-cart/update-num{"num":"1","id":"28"}
TRACE 2016-10-29 23:42:27# shop-cart/list[]
TRACE 2016-10-29 23:42:37# shop-cart/update-num{"num":"1","id":"28"}
TRACE 2016-10-29 23:47:13# shop-cart/list[]
TRACE 2016-10-29 23:47:39# shop-cart/update-num{"num":"1","id":"28"}
TRACE 2016-10-29 23:47:43# shop-cart/update-num{"num":"1","id":"28"}
TRACE 2016-10-29 23:47:57# mall/index[]
TRACE 2016-10-29 23:48:12# order/create{"shop_cart_ids":"28"}
TRACE 2016-10-29 23:48:14# user-center/order-list[]
TRACE 2016-10-29 23:49:03# shop-cart/add{"indiana_good_id":"5","num":"1"}
TRACE 2016-10-29 23:49:05# shop-cart/list[]
TRACE 2016-10-29 23:49:10# shop-cart/update-num{"num":"1","id":"29"}
TRACE 2016-10-29 23:49:16# order/create{"shop_cart_ids":"29"}
TRACE 2016-10-29 23:49:19# user-center/order-list[]
TRACE 2016-10-29 23:49:28# mall/index[]
TRACE 2016-10-29 23:56:58# mall/reward-test[]
TRACE 2016-10-29 23:57:45# mall/reward-test[]
TRACE 2016-10-29 23:58:08# mall/reward-test[]
TRACE 2016-10-29 23:59:38# mall/reward-test[]
