TRACE 2016-10-04 00:00:30# user-center/address-list[]
TRACE 2016-10-04 00:08:28# user-center/address-list[]
TRACE 2016-10-04 00:08:43# user-center/address-list[]
TRACE 2016-10-04 00:11:33# user-center/address-list[]
TRACE 2016-10-04 09:13:57# user-center/indianaed-list[]
TRACE 2016-10-04 09:15:00# user-center/indianaed-list[]
TRACE 2016-10-04 09:15:29# user-center/indianaed-list[]
TRACE 2016-10-04 09:31:20# user-center/indianaed-list[]
TRACE 2016-10-04 09:31:45# user-center/indianaed-list[]
TRACE 2016-10-04 09:33:31# user-center/indianaed-list[]
TRACE 2016-10-04 09:33:45# user-center/indianaed-list[]
TRACE 2016-10-04 09:34:43# user-center/indianaed-list[]
TRACE 2016-10-04 09:36:48# user-center/indianaed-list[]
TRACE 2016-10-04 09:37:53# user-center/indianaed-list[]
TRACE 2016-10-04 09:38:04# user-center/indianaed-list[]
TRACE 2016-10-04 09:40:07# user-center/indianaed-list[]
TRACE 2016-10-04 09:40:21# user-center/indianaed-list[]
TRACE 2016-10-04 09:42:27# user-center/indianaed-list[]
TRACE 2016-10-04 09:43:25# user-center/indianaed-list[]
TRACE 2016-10-04 09:50:04# user-center/display-order-list[]
TRACE 2016-10-04 09:50:10# user-center/address-list[]
TRACE 2016-10-04 09:50:29# user-center/indianaed-list[]
TRACE 2016-10-04 10:18:08# user-center/order-list[]
TRACE 2016-10-04 10:33:24# user-center/order-list[]
TRACE 2016-10-04 10:35:21# user-center/order-list[]
TRACE 2016-10-04 10:36:39# user-center/order-list[]
TRACE 2016-10-04 10:37:02# user-center/indianaed-list[]
TRACE 2016-10-04 10:37:06# user-center/display-order-list[]
TRACE 2016-10-04 10:37:10# user-center/address-list[]
TRACE 2016-10-04 10:37:15# user-center/order-list[]
TRACE 2016-10-04 10:41:21# user-center/order-list[]
TRACE 2016-10-04 10:45:19# user-center/order-list[]
TRACE 2016-10-04 10:45:34# mall/detail{"id":"1"}
TRACE 2016-10-04 10:47:46# mall/detail{"id":"1"}
TRACE 2016-10-04 10:47:58# mall/index[]
TRACE 2016-10-04 10:48:01# mall/product[]
TRACE 2016-10-04 10:48:09# member/display-order-list[]
TRACE 2016-10-04 10:48:13# member/display-order-detail{"id":"4"}
TRACE 2016-10-04 10:48:15# member/display-order-detail{"id":"4"}
TRACE 2016-10-04 10:55:55# user-center/display-order-list[]
TRACE 2016-10-04 10:58:12# user-center/display-order-list[]
TRACE 2016-10-04 10:58:16# user-center/order-list[]
TRACE 2016-10-04 10:58:20# user-center/indianaed-list[]
TRACE 2016-10-04 10:58:25# user-center/display-order-list[]
TRACE 2016-10-04 10:58:29# user-center/address-list[]
