TRACE 2016-10-03 09:36:50# mall/index[]
TRACE 2016-10-03 09:36:54# member/display-order-list[]
TRACE 2016-10-03 09:39:02# member/display-order-list[]
TRACE 2016-10-03 09:39:08# member/display-order-list[]
TRACE 2016-10-03 09:39:24# member/display-order-list[]
TRACE 2016-10-03 09:39:30# member/display-order-list[]
TRACE 2016-10-03 09:39:44# member/display-order-list[]
TRACE 2016-10-03 09:41:55# member/display-order-list[]
TRACE 2016-10-03 09:43:05# member/display-order-list[]
TRACE 2016-10-03 09:43:37# member/display-order-list[]
TRACE 2016-10-03 09:50:09# member/display-order-list[]
TRACE 2016-10-03 09:50:36# member/display-order-list[]
TRACE 2016-10-03 09:51:16# member/display-order-list[]
TRACE 2016-10-03 09:52:01# member/display-order-list[]
TRACE 2016-10-03 09:57:45# member/display-order-list[]
TRACE 2016-10-03 09:58:50# member/display-order-list[]
TRACE 2016-10-03 09:59:03# member/display-order-list[]
TRACE 2016-10-03 09:59:16# member/display-order-list[]
TRACE 2016-10-03 10:00:51# member/display-order-list[]
TRACE 2016-10-03 10:01:52# member/display-order-list[]
TRACE 2016-10-03 10:02:55# member/display-order-list[]
TRACE 2016-10-03 10:03:22# member/display-order-list[]
TRACE 2016-10-03 10:04:28# member/display-order-list[]
TRACE 2016-10-03 10:04:34# member/display-order-list[]
TRACE 2016-10-03 10:05:18# member/display-order-list[]
TRACE 2016-10-03 10:06:22# member/display-order-list[]
TRACE 2016-10-03 10:06:36# member/display-order-list[]
TRACE 2016-10-03 10:14:55# member/display-order-list[]
TRACE 2016-10-03 10:16:00# member/display-order-list[]
TRACE 2016-10-03 10:16:03# member/display-order-list[]
TRACE 2016-10-03 10:16:27# member/display-order-list[]
TRACE 2016-10-03 10:17:05# member/display-order-list[]
TRACE 2016-10-03 10:18:38# member/display-order-list[]
TRACE 2016-10-03 10:18:54# member/display-order-list[]
TRACE 2016-10-03 10:18:54# member/display-order-list[]
TRACE 2016-10-03 10:18:59# member/display-order-list[]
TRACE 2016-10-03 10:18:59# member/display-order-list[]
TRACE 2016-10-03 10:18:59# member/display-order-list[]
TRACE 2016-10-03 10:19:41# member/display-order-list[]
TRACE 2016-10-03 10:20:04# member/display-order-list[]
TRACE 2016-10-03 10:20:13# member/display-order-list{"p":"2"}
TRACE 2016-10-03 10:20:18# member/display-order-list{"p":"3"}
TRACE 2016-10-03 10:20:41# member/display-order-list{"p":"3"}
TRACE 2016-10-03 10:20:46# member/display-order-list{"p":"3"}
TRACE 2016-10-03 10:21:00# member/display-order-list{"p":"3"}
TRACE 2016-10-03 10:21:32# member/display-order-list{"p":"3"}
TRACE 2016-10-03 10:21:35# member/display-order-list{"p":"3"}
TRACE 2016-10-03 10:22:21# member/display-order-list{"p":"3"}
TRACE 2016-10-03 10:22:31# member/display-order-list[]
TRACE 2016-10-03 10:29:12# member/display-order-list[]
TRACE 2016-10-03 10:29:38# member/display-order-list[]
TRACE 2016-10-03 10:30:00# member/display-order-list[]
TRACE 2016-10-03 10:30:12# member/display-order-list[]
TRACE 2016-10-03 10:32:55# member/display-order-detail{"id":"5"}
TRACE 2016-10-03 10:33:51# member/display-order-detail{"id":"5"}
TRACE 2016-10-03 10:34:18# member/display-order-detail{"id":"5"}
TRACE 2016-10-03 10:36:20# member/display-order-detail{"id":"5"}
TRACE 2016-10-03 10:43:04# member/display-order-detail{"id":"5"}
TRACE 2016-10-03 10:43:23# member/display-order-detail{"id":"5"}
TRACE 2016-10-03 10:43:49# member/display-order-detail{"id":"5"}
TRACE 2016-10-03 10:44:20# mall/index[]
TRACE 2016-10-03 10:44:52# member/display-order-list[]
TRACE 2016-10-03 10:44:59# member/display-order-detail{"id":"5"}
TRACE 2016-10-03 10:45:06# mall/detail{"id":"1"}
TRACE 2016-10-03 10:45:25# mall/detail{"id":"5"}
TRACE 2016-10-03 11:08:09# member/display-order-detail{"id":"5"}
TRACE 2016-10-03 11:08:23# mall/detail{"id":"1"}
TRACE 2016-10-03 11:10:11# mall/detail{"id":"1"}
TRACE 2016-10-03 11:12:11# mall/detail{"id":"1"}
TRACE 2016-10-03 11:12:52# mall/detail{"id":"1"}
TRACE 2016-10-03 16:52:39# mall/detail{"id":"1"}
TRACE 2016-10-03 16:53:36# mall/detail{"id":"1"}
TRACE 2016-10-03 16:55:24# mall/detail{"id":"1"}
TRACE 2016-10-03 17:03:12# mall/detail{"id":"1"}
TRACE 2016-10-03 17:03:28# member/display-order-list[]
TRACE 2016-10-03 17:03:37# member/shop-cart[]
TRACE 2016-10-03 17:03:41# member/display-order-list[]
TRACE 2016-10-03 17:03:49# mall/product[]
TRACE 2016-10-03 17:03:57# mall/index[]
TRACE 2016-10-03 17:04:37# user-passport/login-view[]
TRACE 2016-10-03 23:23:53# mall/detail{"id":"1"}
TRACE 2016-10-03 23:25:11# mall/detail{"id":"1"}
TRACE 2016-10-03 23:25:19# mall/detail{"id":"1"}
TRACE 2016-10-03 23:26:09# mall/detail{"id":"1"}
TRACE 2016-10-03 23:27:16# mall/detail{"id":"1"}
TRACE 2016-10-03 23:27:22# mall/detail{"id":"1"}
TRACE 2016-10-03 23:28:19# mall/detail{"id":"1"}
TRACE 2016-10-03 23:28:52# user-center/display-order-list[]
TRACE 2016-10-03 23:29:35# user-center/display-order-list[]
TRACE 2016-10-03 23:29:50# user-center/display-order-list[]
TRACE 2016-10-03 23:30:33# user-center/display-order-list[]
TRACE 2016-10-03 23:36:56# user-center/display-order-list[]
TRACE 2016-10-03 23:39:13# user-center/display-order-list[]
TRACE 2016-10-03 23:39:18# user-center/display-order-list[]
TRACE 2016-10-03 23:47:42# user-center/display-order-list[]
TRACE 2016-10-03 23:48:23# user-center/display-order-list[]
TRACE 2016-10-03 23:48:40# user-center/display-order-list[]
TRACE 2016-10-03 23:49:30# user-center/display-order-list[]
TRACE 2016-10-03 23:50:40# user-center/display-order-list[]
TRACE 2016-10-03 23:51:05# user-center/display-order-list[]
TRACE 2016-10-03 23:52:15# user-center/display-order-list[]
TRACE 2016-10-03 23:52:45# user-center/display-order-list[]
TRACE 2016-10-03 23:56:00# user-center/display-order-list[]
TRACE 2016-10-03 23:56:17# user-center/address-list[]
TRACE 2016-10-03 23:57:18# user-center/address-list[]
