TRACE 2016-10-06 09:13:55# mall/detail{"id":"2"}
TRACE 2016-10-06 09:14:40# mall/detail{"id":"2"}
TRACE 2016-10-06 09:14:50# mall/detail{"id":"2"}
TRACE 2016-10-06 09:33:47# mall/detail{"id":"2"}
TRACE 2016-10-06 09:33:51# mall/index[]
TRACE 2016-10-06 09:35:20# mall/index[]
TRACE 2016-10-06 09:35:25# mall/index[]
TRACE 2016-10-06 09:40:57# mall/index[]
TRACE 2016-10-06 09:44:36# mall/index{"id":"3"}
TRACE 2016-10-06 09:44:46# mall/index{"id":"3"}
TRACE 2016-10-06 09:50:02# mall/index{"id":"3"}
TRACE 2016-10-06 09:52:56# mall/index{"id":"3"}
TRACE 2016-10-06 09:57:10# mall/index{"id":"3"}
TRACE 2016-10-06 09:57:55# mall/index{"id":"3"}
TRACE 2016-10-06 09:58:25# mall/index{"id":"3"}
TRACE 2016-10-06 09:58:29# mall/index{"id":"3"}
TRACE 2016-10-06 09:59:27# mall/index{"id":"3"}
TRACE 2016-10-06 10:00:01# mall/detail{"id":"4"}
TRACE 2016-10-06 10:00:58# mall/detail{"id":"4"}
TRACE 2016-10-06 10:01:04# shop-cart/add{"indiana_good_id":"4","num":"3"}
TRACE 2016-10-06 10:02:26# mall/detail{"id":"10"}
TRACE 2016-10-06 10:02:36# shop-cart/add{"indiana_good_id":"10","num":"3"}
TRACE 2016-10-06 10:03:59# mall/detail{"id":"10"}
TRACE 2016-10-06 10:04:05# shop-cart/add{"indiana_good_id":"10","num":"4"}
TRACE 2016-10-06 10:04:25# shop-cart/add{"indiana_good_id":"10","num":"4"}
TRACE 2016-10-06 10:04:27# mall/detail{"id":"10"}
TRACE 2016-10-06 10:04:30# mall/detail{"id":"10"}
TRACE 2016-10-06 10:04:35# mall/detail{"id":"10"}
TRACE 2016-10-06 10:04:38# shop-cart/add{"indiana_good_id":"10","num":"1"}
TRACE 2016-10-06 10:04:40# shop-cart/list[]
TRACE 2016-10-06 10:06:13# shop-cart/list[]
TRACE 2016-10-06 10:06:19# mall/detail{"id":"10"}
TRACE 2016-10-06 10:08:10# mall/detail{"id":"10"}
TRACE 2016-10-06 10:09:17# mall/detail{"id":"10"}
TRACE 2016-10-06 10:09:29# member/display-order-detail{"id":"5"}
TRACE 2016-10-06 10:09:58# user-center/address-list[]
TRACE 2016-10-06 10:10:48# user-center/order-list[]
TRACE 2016-10-06 10:24:21# user-center/order-list[]
TRACE 2016-10-06 10:24:37# user-center/modify-nick{"nick_name":"[object Object]"}
TRACE 2016-10-06 10:24:43# user-center/order-list[]
TRACE 2016-10-06 10:25:50# user-center/modify-nick{"nick_name":"[object Object]"}
TRACE 2016-10-06 10:26:07# user-center/order-list[]
TRACE 2016-10-06 10:26:16# user-center/modify-nick{"nick_name":"\u5f20\u4e09\u4e30"}
TRACE 2016-10-06 10:26:36# user-center/order-list[]
TRACE 2016-10-06 10:28:23# user-center/order-list[]
TRACE 2016-10-06 10:28:36# user-center/order-list[]
TRACE 2016-10-06 10:28:42# user-center/address-list[]
TRACE 2016-10-06 10:28:55# user-center/display-order-list[]
TRACE 2016-10-06 10:31:00# user-center/display-order-list[]
TRACE 2016-10-06 10:31:04# user-center/display-order-list[]
TRACE 2016-10-06 10:31:17# user-center/modify-nick{"nick_name":"\u6492\u7684\u53d1\u751f\u7684\u554a"}
TRACE 2016-10-06 10:31:19# user-center/address-list[]
TRACE 2016-10-06 10:31:26# user-center/display-order-list[]
TRACE 2016-10-06 10:34:33# user-center/modify-nick{"nick_name":"ABC"}
TRACE 2016-10-06 10:34:45# user-center/address-list[]
TRACE 2016-10-06 10:37:12# user-center/modify-nick{"nick_name":"\u963f\u65af\u8482\u82ac"}
TRACE 2016-10-06 10:38:02# user-center/address-list[]
TRACE 2016-10-06 10:40:07# user-center/modify-nick{"nick_name":"\u5f20\u8427\u6837"}
TRACE 2016-10-06 10:40:59# user-center/address-list[]
TRACE 2016-10-06 10:41:16# user-center/address-list[]
TRACE 2016-10-06 10:44:30# user-center/address-list[]
TRACE 2016-10-06 11:02:25# user-center/address-list[]
TRACE 2016-10-06 11:03:25# user-center/add-address{"user_name":"\u5f20\u4e8c\u5b9d","city_id":"1","district_id":"1","address":"\u4eac\u65fa\u5bb6\u56ed1234","mobile":"18679402341","call_number":"010-23456789"}
TRACE 2016-10-06 11:03:27# user-center/address-list[]
TRACE 2016-10-06 11:07:55# user-center/address-list[]
TRACE 2016-10-06 11:12:13# user-center/address-list[]
TRACE 2016-10-06 11:12:55# user-center/add-address{"user_name":"\u5f20\u9633\u9633","city_id":"1","district_id":"1","street_id":"1","address":"\u4eac\u65fa\u5bb6\u56ed1233333","mobile":"18679401256","call_number":"010-23456789"}
TRACE 2016-10-06 11:12:57# user-center/address-list[]
TRACE 2016-10-06 11:14:10# user-center/address-list[]
TRACE 2016-10-06 11:14:21# user-center/display-order-list[]
TRACE 2016-10-06 11:14:39# user-center/display-order-list[]
TRACE 2016-10-06 11:14:48# user-center/indianaed-list[]
TRACE 2016-10-06 11:14:56# user-center/order-list[]
TRACE 2016-10-06 11:15:05# user-center/address-list[]
TRACE 2016-10-06 11:20:25# user-center/address-list[]
TRACE 2016-10-06 11:20:29# user-center/set-default-address{"address_id":"2"}
TRACE 2016-10-06 11:21:13# user-center/address-list[]
TRACE 2016-10-06 11:21:21# user-center/set-default-address{"address_id":"1"}
TRACE 2016-10-06 11:21:23# user-center/address-list[]
TRACE 2016-10-06 11:25:50# user-center/address-list[]
TRACE 2016-10-06 11:25:56# user-center/address-list[]
TRACE 2016-10-06 11:43:01# user-center/address-list[]
TRACE 2016-10-06 11:43:44# user-center/modify-address{"user_name":"\u592a\u9633","city_id":"1","district_id":"1","street_id":"1","address":"\u592a\u9633\u5728\u5929\u4e0a","mobile":"13567899876","call_number":"010-23454321","address_id":"2"}
TRACE 2016-10-06 11:43:46# user-center/address-list[]
TRACE 2016-10-06 11:44:05# user-center/display-order-list[]
TRACE 2016-10-06 11:44:24# user-center/modify-nick{"nick_name":"\u738b\u5c0f\u4e8c"}
TRACE 2016-10-06 11:44:29# user-center/order-list[]
TRACE 2016-10-06 11:46:13# mall/index[]
TRACE 2016-10-06 11:46:26# user-center/order-list[]
TRACE 2016-10-06 11:47:57# user-center/address-list[]
TRACE 2016-10-06 11:48:17# user-center/address-list[]
TRACE 2016-10-06 11:48:25# user-center/order-list[]
TRACE 2016-10-06 12:07:10# user-center/order-list[]
TRACE 2016-10-06 12:07:17# user-center/order-delete{"id":"11"}
TRACE 2016-10-06 12:14:17# user-center/order-delete{"id":"11"}
TRACE 2016-10-06 12:14:19# user-center/order-list[]
TRACE 2016-10-06 12:16:20# user-center/order-list[]
TRACE 2016-10-06 12:16:28# user-center/order-delete{"id":"11","is_del":"1"}
TRACE 2016-10-06 12:16:30# user-center/order-list[]
TRACE 2016-10-06 12:16:46# user-center/order-delete{"id":"10","is_del":"1"}
TRACE 2016-10-06 12:16:48# user-center/order-list[]
TRACE 2016-10-06 12:16:54# user-center/indianaed-list[]
TRACE 2016-10-06 12:17:10# user-center/indianaed-list{"id":"undefined","is_del":"1"}
TRACE 2016-10-06 12:27:35# user-center/indianaed-list[]
TRACE 2016-10-06 12:28:36# user-center/indianaed-list[]
TRACE 2016-10-06 12:28:47# user-center/indianaed-delete{"id":"2","is_del":"1"}
TRACE 2016-10-06 12:28:50# user-center/indianaed-list[]
TRACE 2016-10-06 13:47:08# mall/index[]
TRACE 2016-10-06 13:47:38# shop-cart/add{"indiana_good_id":"10","num":"1"}
TRACE 2016-10-06 13:47:48# shop-cart/add{"indiana_good_id":"10","num":"1"}
TRACE 2016-10-06 13:48:31# mall/index[]
TRACE 2016-10-06 13:48:45# shop-cart/add{"indiana_good_id":"10","num":"1"}
TRACE 2016-10-06 13:48:47# shop-cart/list[]
TRACE 2016-10-06 13:49:01# shop-cart/list[]
TRACE 2016-10-06 13:49:07# mall/index[]
TRACE 2016-10-06 13:49:16# shop-cart/add{"indiana_good_id":"10","num":"1"}
TRACE 2016-10-06 13:49:18# shop-cart/list[]
TRACE 2016-10-06 13:56:36# mall/index[]
TRACE 2016-10-06 13:56:45# shop-cart/add{"indiana_good_id":"9","num":"1"}
TRACE 2016-10-06 13:57:12# shop-cart/add{"indiana_good_id":"10","num":"1"}
TRACE 2016-10-06 13:57:19# shop-cart/add{"indiana_good_id":"7","num":"1"}
TRACE 2016-10-06 13:58:38# shop-cart/add{"indiana_good_id":"8","num":"1"}
TRACE 2016-10-06 13:58:40# shop-cart/list[]
TRACE 2016-10-06 13:58:56# mall/product[]
TRACE 2016-10-06 13:59:22# mall/detail{"id":"2"}
TRACE 2016-10-06 13:59:36# mall/detail{"id":"2"}
TRACE 2016-10-06 13:59:43# shop-cart/add{"indiana_good_id":"2","num":"4"}
TRACE 2016-10-06 13:59:50# shop-cart/add{"indiana_good_id":"2","num":"4"}
TRACE 2016-10-06 14:00:12# mall/detail{"id":"11"}
TRACE 2016-10-06 14:00:19# shop-cart/add{"indiana_good_id":"11","num":"3"}
TRACE 2016-10-06 14:00:21# shop-cart/list[]
TRACE 2016-10-06 14:00:29# mall/product[]
TRACE 2016-10-06 14:00:37# member/display-order-list[]
TRACE 2016-10-06 14:00:43# member/display-order-detail{"id":"3"}
TRACE 2016-10-06 14:01:34# member/display-order-detail{"id":"3"}
TRACE 2016-10-06 14:02:30# member/display-order-detail{"id":"3"}
TRACE 2016-10-06 14:02:42# member/display-order-detail{"id":"3"}
TRACE 2016-10-06 14:02:50# user-passport/login-view[]
TRACE 2016-10-06 14:03:01# user-passport/get-code{"account":"18679404215"}
TRACE 2016-10-06 14:03:10# user-passport/login{"account":"18679404215","auth_code":"417752"}
TRACE 2016-10-06 14:03:11# mall/index[]
TRACE 2016-10-06 14:03:21# user-passport/login-view[]
TRACE 2016-10-06 14:05:29# user-passport/get-code{"account":"18679404215"}
TRACE 2016-10-06 14:05:38# user-passport/login{"account":"18679404215","auth_code":"279928"}
TRACE 2016-10-06 14:05:53# user-passport/login{"account":"18679404215","auth_code":"279928"}
TRACE 2016-10-06 14:05:54# mall/index[]
TRACE 2016-10-06 14:06:45# mall/index[]
TRACE 2016-10-06 14:07:07# mall/index[]
TRACE 2016-10-06 14:07:40# mall/index[]
TRACE 2016-10-06 14:08:57# mall/index[]
TRACE 2016-10-06 14:09:15# mall/index[]
TRACE 2016-10-06 14:09:20# user-passport/login-view[]
TRACE 2016-10-06 14:09:28# user-passport/get-code{"account":"18679404215"}
TRACE 2016-10-06 14:09:37# user-passport/login{"account":"18679404215","auth_code":"265344"}
TRACE 2016-10-06 14:09:38# mall/index[]
TRACE 2016-10-06 14:09:51# shop-cart/add{"indiana_good_id":"7","num":"1"}
TRACE 2016-10-06 14:09:53# shop-cart/list[]
TRACE 2016-10-06 14:10:00# order/create{"shop_cart_ids":"2,3"}
TRACE 2016-10-06 14:10:35# order/create{"shop_cart_ids":"2,3"}
TRACE 2016-10-06 14:11:08# order/create{"shop_cart_ids":"2,3"}
TRACE 2016-10-06 14:13:03# shop-cart/list[]
TRACE 2016-10-06 14:13:09# order/create{"shop_cart_ids":"5"}
TRACE 2016-10-06 14:13:53# user-center/order-list[]
TRACE 2016-10-06 14:14:25# user-center/modify-nick{"nick_name":"\u738b\u5c0f\u4e8c2"}
TRACE 2016-10-06 14:14:27# user-center/order-list[]
TRACE 2016-10-06 14:14:31# shop-cart/list[]
TRACE 2016-10-06 14:14:43# mall/product[]
TRACE 2016-10-06 14:17:14# mall/product[]
TRACE 2016-10-06 14:17:22# shop-cart/add{"indiana_good_id":"2","num":"1"}
TRACE 2016-10-06 14:17:23# mall/detail{"id":"2"}
TRACE 2016-10-06 14:17:30# mall/product[]
TRACE 2016-10-06 14:17:38# shop-cart/add{"indiana_good_id":"6","num":"1"}
TRACE 2016-10-06 14:17:39# mall/detail{"id":"6"}
TRACE 2016-10-06 14:17:40# shop-cart/list[]
TRACE 2016-10-06 14:18:16# mall/product[]
TRACE 2016-10-06 14:18:35# mall/product[]
TRACE 2016-10-06 14:20:07# mall/product[]
TRACE 2016-10-06 14:20:16# shop-cart/add{"indiana_good_id":"1","num":"1"}
TRACE 2016-10-06 14:20:22# shop-cart/add{"indiana_good_id":"5","num":"1"}
TRACE 2016-10-06 14:20:27# shop-cart/add{"indiana_good_id":"6","num":"1"}
TRACE 2016-10-06 14:21:00# user-passport/login-view[]
TRACE 2016-10-06 14:21:54# user-passport/get-code{"account":"18679404215"}
TRACE 2016-10-06 14:22:09# user-passport/login{"account":"18679404215","auth_code":"898239"}
TRACE 2016-10-06 14:22:10# mall/index[]
TRACE 2016-10-06 14:22:27# member/display-order-detail{"id":"1"}
TRACE 2016-10-06 14:22:35# mall/index[]
TRACE 2016-10-06 14:22:43# shop-cart/add{"indiana_good_id":"10","num":"1"}
TRACE 2016-10-06 14:22:51# shop-cart/add{"indiana_good_id":"10","num":"1"}
TRACE 2016-10-06 14:22:54# shop-cart/list[]
TRACE 2016-10-06 14:23:03# mall/detail{"id":"6"}
TRACE 2016-10-06 14:23:12# shop-cart/add{"indiana_good_id":"6","num":"5"}
TRACE 2016-10-06 14:23:15# shop-cart/list[]
TRACE 2016-10-06 14:23:20# mall/detail{"id":"6"}
TRACE 2016-10-06 14:23:38# mall/product[]
TRACE 2016-10-06 14:23:46# shop-cart/list[]
TRACE 2016-10-06 14:23:59# shop-cart/delete-good{"id":"8"}
TRACE 2016-10-06 14:24:16# mall/product[]
TRACE 2016-10-06 14:24:22# shop-cart/list[]
TRACE 2016-10-06 14:25:05# shop-cart/list[]
TRACE 2016-10-06 14:25:12# order/create{"shop_cart_ids":"5"}
TRACE 2016-10-06 14:25:23# order/create{"shop_cart_ids":"5"}
TRACE 2016-10-06 14:25:26# order/create{"shop_cart_ids":"5"}
TRACE 2016-10-06 14:25:27# order/create{"shop_cart_ids":"5"}
TRACE 2016-10-06 14:25:28# order/create{"shop_cart_ids":"5"}
TRACE 2016-10-06 14:25:29# order/create{"shop_cart_ids":"5"}
TRACE 2016-10-06 14:25:30# order/create{"shop_cart_ids":"5"}
TRACE 2016-10-06 14:25:32# order/create{"shop_cart_ids":"5"}
TRACE 2016-10-06 14:25:33# order/create{"shop_cart_ids":"5"}
TRACE 2016-10-06 14:25:34# order/create{"shop_cart_ids":"5"}
TRACE 2016-10-06 14:25:35# order/create{"shop_cart_ids":"5"}
TRACE 2016-10-06 14:25:36# order/create{"shop_cart_ids":"5"}
TRACE 2016-10-06 14:25:44# order/create{"shop_cart_ids":"5"}
TRACE 2016-10-06 14:26:30# shop-cart/list[]
TRACE 2016-10-06 14:26:34# order/create{"shop_cart_ids":"6"}
TRACE 2016-10-06 14:26:36# user-center/order-list[]
TRACE 2016-10-06 14:27:01# user-passport/login-view[]
TRACE 2016-10-06 14:27:34# user-passport/get-code{"account":"18679404215"}
TRACE 2016-10-06 14:27:51# user-passport/login{"account":"18679404215","auth_code":"844241"}
TRACE 2016-10-06 14:27:52# mall/index[]
TRACE 2016-10-06 14:28:08# shop-cart/add{"indiana_good_id":"9","num":"1"}
TRACE 2016-10-06 14:28:20# shop-cart/add{"indiana_good_id":"7","num":"1"}
TRACE 2016-10-06 14:28:22# shop-cart/list[]
TRACE 2016-10-06 14:28:31# mall/product[]
TRACE 2016-10-06 14:28:38# shop-cart/add{"indiana_good_id":"8","num":"1"}
TRACE 2016-10-06 14:28:40# shop-cart/list[]
TRACE 2016-10-06 14:28:47# shop-cart/delete-good{"id":"10"}
TRACE 2016-10-06 14:28:57# shop-cart/list[]
TRACE 2016-10-06 14:29:11# shop-cart/delete-good{"id":"9"}
TRACE 2016-10-06 14:29:15# shop-cart/list[]
TRACE 2016-10-06 14:29:23# order/create{"shop_cart_ids":"7"}
TRACE 2016-10-06 14:29:25# user-center/order-list[]
TRACE 2016-10-06 14:29:38# mall/detail{"id":"7"}
TRACE 2016-10-06 14:29:47# shop-cart/add{"indiana_good_id":"7","num":"3"}
TRACE 2016-10-06 14:29:49# shop-cart/list[]
TRACE 2016-10-06 14:29:59# order/create{"shop_cart_ids":"7"}
TRACE 2016-10-06 14:30:14# user-center/order-list[]
TRACE 2016-10-06 14:30:24# user-center/order-delete{"id":"33","is_del":"1"}
TRACE 2016-10-06 14:30:26# user-center/order-list[]
TRACE 2016-10-06 14:30:41# user-center/modify-nick{"nick_name":"\u738b\u5c0fkgkljljk"}
TRACE 2016-10-06 14:30:44# user-center/order-list[]
TRACE 2016-10-06 14:30:52# user-center/indianaed-list[]
TRACE 2016-10-06 14:31:01# user-center/display-order-list[]
TRACE 2016-10-06 14:31:08# member/display-order-detail{"id":"5"}
TRACE 2016-10-06 14:31:13# user-center/display-order-list[]
TRACE 2016-10-06 14:31:17# user-center/address-list[]
TRACE 2016-10-06 14:31:27# user-center/set-default-address{"address_id":"2"}
TRACE 2016-10-06 14:31:29# user-center/address-list[]
TRACE 2016-10-06 14:32:05# user-center/modify-address{"user_name":";kjl;j; kkljll","city_id":"1","district_id":"1","street_id":"1","address":"jlkh;j;j;jk;lklkj;lj","mobile":"18769543210","call_number":"010-98765432","address_id":"2"}
TRACE 2016-10-06 14:32:08# user-center/address-list[]
TRACE 2016-10-06 14:32:22# user-center/set-default-address{"address_id":"1"}
TRACE 2016-10-06 14:32:24# user-center/address-list[]
TRACE 2016-10-06 14:32:32# user-center/indianaed-list[]
TRACE 2016-10-06 14:32:36# user-center/order-list[]
TRACE 2016-10-06 14:32:43# user-center/display-order-list[]
TRACE 2016-10-06 16:49:36# user-center/display-order-list[]
TRACE 2016-10-06 16:49:40# user-passport/login-out[]
TRACE 2016-10-06 16:49:41# mall/index[]
TRACE 2016-10-06 22:52:37# mall/index[]
TRACE 2016-10-06 22:58:06# mall/index[]
TRACE 2016-10-06 22:58:09# mall/index[]
