TRACE 2016-10-08 14:11:20# mall/index[]
TRACE 2016-10-08 14:11:25# user-passport/login-view[]
TRACE 2016-10-08 14:11:46# user-passport/get-code{"account":"18610628953"}
TRACE 2016-10-08 14:11:54# user-passport/login{"account":"18610628953","auth_code":"618032"}
TRACE 2016-10-08 14:11:56# mall/index[]
TRACE 2016-10-08 14:11:58# user-passport/login{"account":"18610628953","auth_code":"618032"}
TRACE 2016-10-08 14:12:14# shop-cart/list[]
TRACE 2016-10-08 14:12:22# member/display-order-list[]
TRACE 2016-10-08 14:12:27# user-center/order-list[]
TRACE 2016-10-08 14:18:52# mall/index[]
TRACE 2016-10-08 14:18:56# user-passport/login-out[]
TRACE 2016-10-08 14:18:57# mall/index[]
TRACE 2016-10-08 14:19:01# user-passport/login-view[]
TRACE 2016-10-08 14:19:20# user-passport/get-code{"account":"18610628953"}
TRACE 2016-10-08 14:19:31# user-passport/login{"account":"18610628953","auth_code":"688235"}
TRACE 2016-10-08 14:19:32# mall/index[]
TRACE 2016-10-08 14:20:57# user-center/order-list[]
TRACE 2016-10-08 14:21:03# user-center/order-list[]
TRACE 2016-10-08 14:21:13# user-center/order-list[]
TRACE 2016-10-08 14:21:40# user-center/order-list[]
TRACE 2016-10-08 14:22:11# user-center/order-list[]
TRACE 2016-10-08 14:23:01# user-center/order-list[]
TRACE 2016-10-08 14:23:01# user-center/order-list[]
TRACE 2016-10-08 14:23:17# user-center/order-list[]
TRACE 2016-10-08 14:23:19# user-center/order-list[]
TRACE 2016-10-08 14:24:06# user-center/order-list[]
TRACE 2016-10-08 14:24:09# user-center/order-list[]
TRACE 2016-10-08 14:24:46# user-center/order-list[]
TRACE 2016-10-08 14:24:55# user-center/order-list[]
TRACE 2016-10-08 14:42:21# user-center/order-list[]
TRACE 2016-10-08 14:42:56# user-center/order-list{"user_id":"1"}
TRACE 2016-10-08 14:43:33# user-center/order-list{"user_id":"1"}
TRACE 2016-10-08 14:44:31# user-center/order-list{"user_id":"1"}
TRACE 2016-10-08 14:58:39# user-center/order-list{"user_id":"1"}
TRACE 2016-10-08 14:59:10# user-center/order-list{"user_id":"1"}
TRACE 2016-10-08 15:01:43# user-center/order-list[]
TRACE 2016-10-08 15:02:09# user-center/order-list[]
TRACE 2016-10-08 15:02:37# user-center/modify-nick{"nick_name":"\u5c0f\u561b\u5c0f\u4e8c\u90ce"}
TRACE 2016-10-08 15:02:39# user-center/order-list[]
TRACE 2016-10-08 15:03:11# user-center/order-list{"user_id":"1"}
TRACE 2016-10-08 15:03:21# user-center/indianaed-list{"user_id":"1"}
TRACE 2016-10-08 15:04:22# user-center/indianaed-list{"user_id":"1"}
TRACE 2016-10-08 15:04:30# user-center/display-order-list[]
TRACE 2016-10-08 15:04:36# user-center/indianaed-list[]
TRACE 2016-10-08 15:04:41# user-center/order-list[]
TRACE 2016-10-08 15:04:51# user-center/order-list{"user_id":"1"}
TRACE 2016-10-08 15:13:36# user-center/order-list{"user_id":"1"}
TRACE 2016-10-08 15:14:42# user-center/order-list{"user_id":"1"}
TRACE 2016-10-08 15:15:03# user-center/order-list{"user_id":"1"}
TRACE 2016-10-08 15:15:24# user-center/order-list[]
TRACE 2016-10-08 15:15:31# user-center/order-list[]
TRACE 2016-10-08 15:46:58# user-center/order-list{"user_id":"1"}
TRACE 2016-10-08 15:47:04# user-center/indianaed-list{"user_id":"1"}
TRACE 2016-10-08 15:50:48# user-center/indianaed-list{"user_id":"1"}
TRACE 2016-10-08 15:50:57# user-center/order-list{"user_id":"1"}
TRACE 2016-10-08 15:51:11# user-center/indianaed-list{"user_id":"1"}
TRACE 2016-10-08 15:55:29# user-center/indianaed-list{"user_id":"1"}
TRACE 2016-10-08 15:55:45# user-center/indianaed-list{"user_id":"1"}
TRACE 2016-10-08 16:04:53# user-center/display-order-list{"user_id":"1"}
TRACE 2016-10-08 16:06:02# user-center/display-order-list{"user_id":"1"}
TRACE 2016-10-08 16:06:13# user-center/indianaed-list{"user_id":"1"}
TRACE 2016-10-08 16:06:16# user-center/order-list{"user_id":"1"}
TRACE 2016-10-08 16:44:29# mall/disclose[]
TRACE 2016-10-08 16:44:38# mall/disclose[]
TRACE 2016-10-08 16:45:25# mall/disclose[]
TRACE 2016-10-08 16:45:32# mall/detail{"id":"4"}
TRACE 2016-10-08 16:45:38# mall/disclose[]
TRACE 2016-10-08 16:48:10# mall/disclose[]
TRACE 2016-10-08 16:49:35# mall/disclose[]
TRACE 2016-10-08 16:49:39# mall/index[]
TRACE 2016-10-08 16:49:57# shop-cart/add{"indiana_good_id":"9","num":"1"}
TRACE 2016-10-08 16:50:04# shop-cart/add{"indiana_good_id":"9","num":"1"}
TRACE 2016-10-08 16:50:06# shop-cart/list[]
TRACE 2016-10-08 16:50:15# mall/product[]
TRACE 2016-10-08 16:50:37# shop-cart/add{"indiana_good_id":"6","num":"1"}
TRACE 2016-10-08 16:50:42# shop-cart/add{"indiana_good_id":"6","num":"1"}
TRACE 2016-10-08 16:50:44# shop-cart/list[]
TRACE 2016-10-08 16:52:00# mall/disclose[]
TRACE 2016-10-08 16:53:52# shop-cart/list[]
TRACE 2016-10-08 16:53:57# shop-cart/list[]
TRACE 2016-10-08 16:54:03# mall/index[]
TRACE 2016-10-08 16:54:07# shop-cart/add{"indiana_good_id":"9","num":"1"}
TRACE 2016-10-08 16:54:12# shop-cart/add{"indiana_good_id":"9","num":"1"}
TRACE 2016-10-08 16:54:14# shop-cart/list[]
TRACE 2016-10-08 16:55:20# mall/index[]
TRACE 2016-10-08 16:55:36# shop-cart/add{"indiana_good_id":"7","num":"1"}
TRACE 2016-10-08 16:56:24# shop-cart/add{"indiana_good_id":"8","num":"1"}
TRACE 2016-10-08 16:58:01# shop-cart/add{"indiana_good_id":"8","num":"1"}
TRACE 2016-10-08 16:58:03# shop-cart/list[]
TRACE 2016-10-08 16:58:14# shop-cart/update-num{"num":"1","id":"14"}
TRACE 2016-10-08 16:58:19# shop-cart/update-num{"num":"-1","id":"14"}
TRACE 2016-10-08 16:58:22# shop-cart/update-num{"num":"-1","id":"14"}
TRACE 2016-10-08 16:58:45# mall/disclose[]
TRACE 2016-10-08 17:00:29# mall/disclose[]
TRACE 2016-10-08 17:24:52# mall/disclose[]
TRACE 2016-10-08 17:24:54# mall/index[]
TRACE 2016-10-08 18:00:33# mall/index[]
TRACE 2016-10-08 18:07:06# mall/index[]
TRACE 2016-10-08 18:07:28# mall/product[]
TRACE 2016-10-08 18:07:46# mall/disclose[]
TRACE 2016-10-08 18:07:51# member/display-order-list[]
TRACE 2016-10-08 18:08:03# member/display-order-detail{"id":"5"}
TRACE 2016-10-08 18:08:18# mall/detail{"id":"1"}
TRACE 2016-10-08 18:08:47# shop-cart/list[]
TRACE 2016-10-08 18:13:58# shop-cart/list[]
TRACE 2016-10-08 18:14:54# shop-cart/list[]
TRACE 2016-10-08 18:15:02# order/create{"shop_cart_ids":"7"}
TRACE 2016-10-08 18:15:22# order/create{"shop_cart_ids":"7"}
TRACE 2016-10-08 18:17:27# order/create{"shop_cart_ids":"7"}
TRACE 2016-10-08 18:53:26# shop-cart/list[]
TRACE 2016-10-08 18:56:15# shop-cart/list[]
TRACE 2016-10-08 18:57:00# shop-cart/list[]
TRACE 2016-10-08 18:58:43# member/display-order-list[]
TRACE 2016-10-08 18:58:56# mall/disclose[]
TRACE 2016-10-08 18:59:03# mall/product[]
TRACE 2016-10-08 18:59:10# mall/index[]
TRACE 2016-10-08 18:59:24# mall/detail{"id":"9"}
TRACE 2016-10-08 18:59:39# shop-cart/list[]
TRACE 2016-10-08 18:59:47# user-center/order-list[]
TRACE 2016-10-08 19:00:10# user-center/order-list{"user_id":"1"}
TRACE 2016-10-08 19:00:11# user-center/order-list{"user_id":"1"}
TRACE 2016-10-08 19:00:19# user-center/indianaed-list{"user_id":"1"}
TRACE 2016-10-08 19:00:25# user-center/display-order-list{"user_id":"1"}
TRACE 2016-10-08 19:06:05# user-passport/login-out[]
TRACE 2016-10-08 19:06:06# mall/index[]
TRACE 2016-10-08 19:06:11# user-passport/login-view[]
TRACE 2016-10-08 19:06:23# user-passport/get-code{"account":"18679404215"}
TRACE 2016-10-08 19:06:30# user-passport/login{"account":"18679404215","auth_code":"642669"}
TRACE 2016-10-08 19:06:31# mall/index[]
TRACE 2016-10-08 19:06:39# user-center/order-list[]
TRACE 2016-10-08 19:07:14# user-center/order-list[]
TRACE 2016-10-08 19:09:07# user-center/order-list[]
TRACE 2016-10-08 19:10:00# user-center/order-list[]
TRACE 2016-10-08 19:10:55# user-center/order-list[]
TRACE 2016-10-08 19:11:29# user-center/indianaed-list[]
TRACE 2016-10-08 19:11:38# user-center/order-list[]
TRACE 2016-10-08 19:13:13# user-center/order-list[]
TRACE 2016-10-08 19:15:05# user-center/indianaed-list[]
TRACE 2016-10-08 19:15:36# user-center/indianaed-list[]
TRACE 2016-10-08 19:16:40# user-center/indianaed-list[]
TRACE 2016-10-08 19:16:45# user-center/indianaed-list[]
TRACE 2016-10-08 19:16:52# user-center/order-list[]
TRACE 2016-10-08 19:16:57# user-center/indianaed-list[]
TRACE 2016-10-08 19:17:57# user-center/indianaed-list[]
TRACE 2016-10-08 19:18:37# user-center/display-order-list[]
TRACE 2016-10-08 19:18:55# user-center/address-list[]
TRACE 2016-10-08 19:19:11# user-center/address-list[]
TRACE 2016-10-08 19:19:17# shop-cart/list[]
TRACE 2016-10-08 19:22:24# shop-cart/list[]
TRACE 2016-10-08 19:22:27# shop-cart/list[]
TRACE 2016-10-08 19:22:54# shop-cart/list[]
TRACE 2016-10-08 19:24:07# shop-cart/list[]
TRACE 2016-10-08 19:24:45# user-center/indianaed-list[]
