TRACE 2016-10-05 14:17:49# mall/index[]
TRACE 2016-10-05 14:17:59# mall/detail{"id":"9"}
TRACE 2016-10-05 14:19:52# mall/index[]
TRACE 2016-10-05 14:20:26# mall/index[]
TRACE 2016-10-05 14:23:42# mall/index[]
TRACE 2016-10-05 14:25:06# mall/index[]
TRACE 2016-10-05 14:27:06# mall/index[]
TRACE 2016-10-05 14:27:10# member/display-order-detail{"id":"5"}
TRACE 2016-10-05 14:27:53# mall/detail{"id":"9"}
TRACE 2016-10-05 14:28:00# mall/index[]
TRACE 2016-10-05 14:30:39# mall/detail{"id":"8"}
TRACE 2016-10-05 14:51:52# mall/index[]
TRACE 2016-10-05 14:52:01# mall/detail{"id":"10"}
TRACE 2016-10-05 14:52:01# shop-cart/add{"indiana_good_id":"10","num":"1"}
TRACE 2016-10-05 14:53:07# mall/index[]
TRACE 2016-10-05 14:53:16# shop-cart/add{"indiana_good_id":"10","num":"1"}
TRACE 2016-10-05 14:54:08# shop-cart/add{"indiana_good_id":"10","num":"1"}
TRACE 2016-10-05 14:55:06# shop-cart/add{"indiana_good_id":"10","num":"1"}
TRACE 2016-10-05 14:58:07# shop-cart/add{"indiana_good_id":"10","num":"1"}
TRACE 2016-10-05 14:58:55# shop-cart/add{"indiana_good_id":"10","num":"1"}
TRACE 2016-10-05 14:59:04# member/shop-cart[]
TRACE 2016-10-05 14:59:27# mall/index[]
TRACE 2016-10-05 14:59:35# shop-cart/add{"indiana_good_id":"8","num":"1"}
TRACE 2016-10-05 15:00:08# shop-cart/add{"indiana_good_id":"6","num":"1"}
TRACE 2016-10-05 15:00:13# shop-cart/add{"indiana_good_id":"6","num":"1"}
TRACE 2016-10-05 15:00:18# shop-cart/add{"indiana_good_id":"6","num":"1"}
TRACE 2016-10-05 15:00:26# member/shop-cart[]
TRACE 2016-10-05 15:02:17# mall/index[]
TRACE 2016-10-05 15:08:39# shop-cart/add{"indiana_good_id":"10","num":"1"}
TRACE 2016-10-05 15:17:02# shop-cart/add{"indiana_good_id":"9","num":"1"}
TRACE 2016-10-05 15:17:53# shop-cart/add{"indiana_good_id":"8","num":"1"}
TRACE 2016-10-05 15:22:13# shop-cart/add{"indiana_good_id":"8","num":"1"}
TRACE 2016-10-05 15:23:07# shop-cart/add{"indiana_good_id":"8","num":"1"}
TRACE 2016-10-05 15:23:15# shop-cart/add{"indiana_good_id":"8","num":"1"}
TRACE 2016-10-05 15:23:22# shop-cart/add{"indiana_good_id":"10","num":"1"}
TRACE 2016-10-05 15:28:33# mall/index[]
TRACE 2016-10-05 15:28:43# mall/index[]
TRACE 2016-10-05 15:28:49# mall/index[]
TRACE 2016-10-05 15:29:09# mall/index[]
TRACE 2016-10-05 15:29:14# shop-cart/add{"indiana_good_id":"10","num":"1"}
TRACE 2016-10-05 15:32:18# member/shop-cart[]
TRACE 2016-10-05 15:32:36# mall/index[]
TRACE 2016-10-05 15:33:48# mall/index[]
TRACE 2016-10-05 15:33:54# shop-cart/add{"indiana_good_id":"10","num":"1"}
TRACE 2016-10-05 15:33:58# shop-cart/add{"indiana_good_id":"10","num":"1"}
TRACE 2016-10-05 15:34:01# member/shop-cart[]
TRACE 2016-10-05 15:37:21# shop-cart/shop-cart[]
TRACE 2016-10-05 15:38:50# shop-cart/list[]
TRACE 2016-10-05 15:39:37# shop-cart/list[]
TRACE 2016-10-05 15:55:57# shop-cart/list[]
TRACE 2016-10-05 15:56:28# shop-cart/list[]
TRACE 2016-10-05 15:57:27# shop-cart/list[]
TRACE 2016-10-05 15:59:14# shop-cart/list[]
TRACE 2016-10-05 15:59:18# shop-cart/update-num{"num":"-1","id":"3"}
TRACE 2016-10-05 15:59:20# shop-cart/update-num{"num":"-1","id":"3"}
TRACE 2016-10-05 15:59:20# shop-cart/update-num{"num":"-1","id":"3"}
TRACE 2016-10-05 15:59:20# shop-cart/update-num{"num":"-1","id":"3"}
TRACE 2016-10-05 15:59:20# shop-cart/update-num{"num":"-1","id":"3"}
TRACE 2016-10-05 15:59:21# shop-cart/update-num{"num":"-1","id":"3"}
TRACE 2016-10-05 15:59:22# shop-cart/update-num{"num":"-1","id":"3"}
TRACE 2016-10-05 15:59:22# shop-cart/update-num{"num":"-1","id":"3"}
TRACE 2016-10-05 15:59:22# shop-cart/update-num{"num":"-1","id":"3"}
TRACE 2016-10-05 15:59:25# shop-cart/update-num{"num":"-1","id":"3"}
TRACE 2016-10-05 15:59:25# shop-cart/update-num{"num":"-1","id":"3"}
TRACE 2016-10-05 15:59:25# shop-cart/update-num{"num":"-1","id":"3"}
TRACE 2016-10-05 15:59:26# shop-cart/update-num{"num":"-1","id":"3"}
TRACE 2016-10-05 15:59:26# shop-cart/update-num{"num":"-1","id":"3"}
TRACE 2016-10-05 15:59:26# shop-cart/update-num{"num":"-1","id":"3"}
TRACE 2016-10-05 15:59:27# shop-cart/update-num{"num":"-1","id":"3"}
TRACE 2016-10-05 15:59:27# shop-cart/update-num{"num":"-1","id":"3"}
TRACE 2016-10-05 15:59:28# shop-cart/update-num{"num":"-1","id":"3"}
TRACE 2016-10-05 15:59:28# shop-cart/update-num{"num":"-1","id":"3"}
TRACE 2016-10-05 15:59:28# shop-cart/update-num{"num":"-1","id":"3"}
TRACE 2016-10-05 15:59:46# shop-cart/update-num{"num":"-1","id":"3"}
TRACE 2016-10-05 16:00:26# shop-cart/list[]
TRACE 2016-10-05 16:00:46# shop-cart/list[]
TRACE 2016-10-05 16:00:54# shop-cart/update-num{"num":"-1","id":"2"}
TRACE 2016-10-05 16:02:10# shop-cart/list[]
TRACE 2016-10-05 16:02:25# shop-cart/list[]
TRACE 2016-10-05 16:02:36# shop-cart/list[]
TRACE 2016-10-05 16:03:09# shop-cart/list[]
TRACE 2016-10-05 16:03:14# shop-cart/update-num{"num":"-1","id":"1"}
TRACE 2016-10-05 16:03:33# shop-cart/list[]
TRACE 2016-10-05 16:04:14# shop-cart/update-num{"num":"-1","id":"1"}
TRACE 2016-10-05 16:05:38# shop-cart/list[]
TRACE 2016-10-05 16:05:44# shop-cart/update-num{"num":"-1","id":"3"}
TRACE 2016-10-05 16:05:56# shop-cart/list[]
TRACE 2016-10-05 16:09:50# shop-cart/list[]
TRACE 2016-10-05 16:10:02# shop-cart/update-num{"num":"-1","id":"2"}
TRACE 2016-10-05 16:10:14# shop-cart/list[]
TRACE 2016-10-05 16:10:48# shop-cart/update-num{"num":"-1","id":"2"}
TRACE 2016-10-05 16:11:19# shop-cart/list[]
TRACE 2016-10-05 16:11:23# shop-cart/update-num{"num":"-1","id":"2"}
TRACE 2016-10-05 16:12:24# shop-cart/list[]
TRACE 2016-10-05 16:12:29# shop-cart/update-num{"num":"-1","id":"2"}
TRACE 2016-10-05 16:13:12# shop-cart/list[]
TRACE 2016-10-05 16:13:16# shop-cart/update-num{"num":"-1","id":"2"}
TRACE 2016-10-05 16:13:18# shop-cart/update-num{"num":"-1","id":"2"}
TRACE 2016-10-05 16:14:17# shop-cart/list[]
TRACE 2016-10-05 16:14:21# shop-cart/update-num{"num":"-1","id":"2"}
TRACE 2016-10-05 16:14:28# shop-cart/update-num{"num":"-1","id":"2"}
TRACE 2016-10-05 16:14:32# shop-cart/update-num{"num":"-1","id":"2"}
TRACE 2016-10-05 16:14:41# shop-cart/list[]
TRACE 2016-10-05 16:15:49# shop-cart/list[]
TRACE 2016-10-05 16:15:54# shop-cart/update-num{"num":"1","id":"2"}
TRACE 2016-10-05 16:15:58# shop-cart/update-num{"num":"1","id":"2"}
TRACE 2016-10-05 16:16:01# shop-cart/update-num{"num":"1","id":"2"}
TRACE 2016-10-05 16:16:04# shop-cart/update-num{"num":"1","id":"2"}
TRACE 2016-10-05 16:16:06# shop-cart/update-num{"num":"1","id":"2"}
TRACE 2016-10-05 16:16:08# shop-cart/update-num{"num":"1","id":"2"}
TRACE 2016-10-05 16:16:11# shop-cart/update-num{"num":"1","id":"2"}
TRACE 2016-10-05 16:16:15# shop-cart/list[]
TRACE 2016-10-05 16:16:51# shop-cart/update-num{"num":"1","id":"2"}
TRACE 2016-10-05 16:17:18# shop-cart/update-num{"num":"1","id":"3"}
TRACE 2016-10-05 16:17:23# shop-cart/update-num{"num":"1","id":"3"}
TRACE 2016-10-05 16:17:25# shop-cart/update-num{"num":"1","id":"3"}
TRACE 2016-10-05 16:17:28# shop-cart/update-num{"num":"1","id":"3"}
TRACE 2016-10-05 16:17:31# shop-cart/list[]
TRACE 2016-10-05 16:24:31# shop-cart/list[]
TRACE 2016-10-05 16:25:21# shop-cart/list[]
TRACE 2016-10-05 16:26:14# shop-cart/list[]
TRACE 2016-10-05 16:28:22# shop-cart/list[]
TRACE 2016-10-05 16:28:44# shop-cart/update-num{"num":"1","id":"2"}
TRACE 2016-10-05 16:30:48# shop-cart/list[]
TRACE 2016-10-05 16:30:58# shop-cart/delete-good{"id":"1"}
TRACE 2016-10-05 16:32:50# shop-cart/delete-good{"id":"1"}
TRACE 2016-10-05 16:33:11# shop-cart/delete-good{"id":"1"}
TRACE 2016-10-05 16:33:16# shop-cart/list[]
TRACE 2016-10-05 16:33:27# order/create[]
TRACE 2016-10-05 16:33:44# order/create[]
TRACE 2016-10-05 16:36:21# shop-cart/list[]
TRACE 2016-10-05 16:40:36# shop-cart/list[]
TRACE 2016-10-05 16:40:42# order/create{"shop_cart_ids":"2,3"}
TRACE 2016-10-05 16:43:59# shop-cart/list[]
TRACE 2016-10-05 16:44:08# order/create{"shop_cart_ids":"2,3"}
TRACE 2016-10-05 16:45:52# shop-cart/list[]
TRACE 2016-10-05 16:45:56# order/create{"shop_cart_ids":"2,3"}
TRACE 2016-10-05 16:46:42# shop-cart/list[]
TRACE 2016-10-05 16:46:46# order/create{"shop_cart_ids":"2,3"}
TRACE 2016-10-05 16:47:42# order/create{"shop_cart_ids":"2,3"}
TRACE 2016-10-05 16:48:23# user-center/order-list[]
TRACE 2016-10-05 16:51:11# user-passport/login-view[]
TRACE 2016-10-05 16:51:18# user-passport/get-code{"account":"18679404215"}
TRACE 2016-10-05 16:52:22# user-passport/get-code{"account":"18679404215"}
TRACE 2016-10-05 16:52:33# user-passport/login{"account":"18679404215","auth_code":"477105"}
TRACE 2016-10-05 16:52:35# mall/index[]
TRACE 2016-10-05 16:52:52# mall/index[]
TRACE 2016-10-05 16:53:00# mall/product[]
TRACE 2016-10-05 16:53:08# mall/detail{"id":"2"}
TRACE 2016-10-05 16:53:37# mall/detail{"id":"2"}
