TRACE 2016-10-17 14:14:52# mall/index[]
TRACE 2016-10-17 14:15:02# mall/disclose[]
TRACE 2016-10-17 14:23:19# mall/disclose[]
TRACE 2016-10-17 14:23:31# mall/product[]
TRACE 2016-10-17 14:23:44# mall/index[]
TRACE 2016-10-17 14:23:48# mall/detail{"id":"9"}
TRACE 2016-10-17 14:29:30# epay/recharge[]
TRACE 2016-10-17 14:44:37# epay/recharge[]
TRACE 2016-10-17 14:46:08# epay/recharge[]
TRACE 2016-10-17 15:26:15# mall/index[]
TRACE 2016-10-17 15:28:36# mall/detail{"id":"4"}
TRACE 2016-10-17 15:28:42# mall/reward{"id":"1"}
TRACE 2016-10-17 15:30:18# mall/reward{"id":"1"}
TRACE 2016-10-17 15:32:07# mall/reward{"id":"1"}
TRACE 2016-10-17 15:38:34# mall/reward{"id":"1"}
TRACE 2016-10-17 15:38:49# mall/detail{"id":"1"}
TRACE 2016-10-17 15:38:55# mall/reward{"id":"1"}
TRACE 2016-10-17 15:45:56# mall/reward{"id":"1"}
TRACE 2016-10-17 15:46:13# mall/reward{"id":"1"}
TRACE 2016-10-17 15:52:25# mall/reward{"id":"1"}
TRACE 2016-10-17 15:56:42# mall/reward{"id":"1"}
TRACE 2016-10-17 16:00:41# mall/reward{"id":"1"}
TRACE 2016-10-17 16:02:51# mall/reward{"id":"1"}
TRACE 2016-10-17 16:04:10# mall/reward{"id":"1"}
TRACE 2016-10-17 16:08:41# mall/reward{"id":"1"}
TRACE 2016-10-17 16:13:21# mall/reward{"id":"1"}
TRACE 2016-10-17 16:14:18# mall/detail{"id":"1"}
TRACE 2016-10-17 16:14:45# mall/reward{"id":"1"}
TRACE 2016-10-17 16:17:33# mall/reward{"id":"1"}
