TRACE 2016-10-31 00:04:03# user-center/order-list[]
TRACE 2016-10-31 00:04:07# order/cancal{"id":"64"}
TRACE 2016-10-31 00:04:10# user-center/order-list[]
TRACE 2016-10-31 00:04:25# user-center/display-order-list[]
TRACE 2016-10-31 00:04:32# user-center/address-list[]
TRACE 2016-10-31 11:29:34# member/province[]
TRACE 2016-10-31 11:31:11# member/province[]
TRACE 2016-10-31 11:31:38# member/province[]
TRACE 2016-10-31 11:32:10# member/province[]
TRACE 2016-10-31 11:33:24# member/city{"province_id":"1"}
TRACE 2016-10-31 11:33:58# member/city{"province_id":"1"}
TRACE 2016-10-31 11:34:06# member/city{"province_id":"11"}
TRACE 2016-10-31 11:34:57# member/district{"city_id":"11"}
TRACE 2016-10-31 11:35:26# member/district{"city_id":"11"}
TRACE 2016-10-31 11:35:48# member/district{"city_id":"11"}
TRACE 2016-10-31 12:03:52# mall/index[]
TRACE 2016-10-31 12:03:58# user-center/address-list[]
TRACE 2016-10-31 12:11:30# user-center/address-list[]
TRACE 2016-10-31 12:11:43# member/province[]
TRACE 2016-10-31 12:13:33# user-center/address-list[]
TRACE 2016-10-31 12:13:41# member/province[]
TRACE 2016-10-31 12:16:05# user-center/address-list[]
TRACE 2016-10-31 12:16:12# member/province[]
TRACE 2016-10-31 12:16:56# user-center/address-list[]
TRACE 2016-10-31 12:17:12# user-center/address-list[]
TRACE 2016-10-31 12:17:16# member/province[]
TRACE 2016-10-31 12:17:40# member/province[]
