TRACE 2016-10-30 00:03:48# mall/reward-test[]
TRACE 2016-10-30 00:04:08# mall/reward-test[]
TRACE 2016-10-30 00:07:08# mall/reward-test[]
TRACE 2016-10-30 00:07:49# user-center/indianaed-list[]
TRACE 2016-10-30 00:08:08# user-center/indianaed-list[]
TRACE 2016-10-30 00:08:49# mall/index[]
TRACE 2016-10-30 00:08:56# shop-cart/add{"indiana_good_id":"7","num":"1"}
TRACE 2016-10-30 00:08:58# shop-cart/list[]
TRACE 2016-10-30 00:09:10# order/create{"shop_cart_ids":"30"}
TRACE 2016-10-30 00:09:12# user-center/order-list[]
TRACE 2016-10-30 00:09:40# mall/index[]
TRACE 2016-10-30 00:09:45# shop-cart/add{"indiana_good_id":"7","num":"1"}
TRACE 2016-10-30 00:09:48# shop-cart/list[]
TRACE 2016-10-30 00:09:54# order/create{"shop_cart_ids":"31"}
TRACE 2016-10-30 00:09:56# user-center/order-list[]
TRACE 2016-10-30 00:10:13# mall/index[]
TRACE 2016-10-30 00:10:39# mall/reward-test[]
TRACE 2016-10-30 00:29:19# mall/reward-test[]
TRACE 2016-10-30 00:40:43# mall/reward-test[]
TRACE 2016-10-30 00:40:49# mall/reward-test[]
TRACE 2016-10-30 00:42:12# mall/reward-test[]
TRACE 2016-10-30 00:44:19# mall/reward-test[]
TRACE 2016-10-30 00:45:10# mall/reward-test[]
TRACE 2016-10-30 00:45:55# mall/reward-test[]
TRACE 2016-10-30 00:46:44# mall/reward-test[]
TRACE 2016-10-30 00:47:08# mall/reward-test[]
TRACE 2016-10-30 00:51:27# mall/reward-test[]
TRACE 2016-10-30 00:53:08# mall/index[]
TRACE 2016-10-30 00:53:18# mall/detail{"id":"5"}
TRACE 2016-10-30 00:53:44# mall/index[]
TRACE 2016-10-30 00:53:49# shop-cart/add{"indiana_good_id":"9","num":"1"}
TRACE 2016-10-30 00:53:51# shop-cart/list[]
TRACE 2016-10-30 00:53:59# order/create{"shop_cart_ids":"32"}
TRACE 2016-10-30 00:54:01# user-center/order-list[]
TRACE 2016-10-30 00:54:52# shop-cart/add{"indiana_good_id":"9","num":"1"}
TRACE 2016-10-30 00:54:54# shop-cart/list[]
TRACE 2016-10-30 00:55:01# order/create{"shop_cart_ids":"33"}
TRACE 2016-10-30 00:55:03# user-center/order-list[]
TRACE 2016-10-30 00:55:12# mall/index[]
TRACE 2016-10-30 00:56:00# mall/reward-test[]
TRACE 2016-10-30 00:57:34# user-center/indianaed-list[]
TRACE 2016-10-30 00:57:43# mall/index[]
TRACE 2016-10-30 00:58:04# mall/detail{"id":"5"}
TRACE 2016-10-30 08:43:03# mall/product[]
TRACE 2016-10-30 08:43:35# mall/product[]
TRACE 2016-10-30 08:44:02# mall/product[]
TRACE 2016-10-30 08:44:32# mall/product[]
TRACE 2016-10-30 08:45:33# mall/product[]
TRACE 2016-10-30 08:45:38# mall/product{"category_id":"1"}
TRACE 2016-10-30 08:45:43# mall/product{"category_id":"2"}
TRACE 2016-10-30 08:45:48# mall/product{"category_id":"3"}
TRACE 2016-10-30 08:45:52# mall/product{"category_id":"1"}
TRACE 2016-10-30 08:45:57# mall/product{"category_id":"1","orderBy":"end_time"}
TRACE 2016-10-30 08:46:02# mall/product{"category_id":"1","orderBy":"is_hot"}
TRACE 2016-10-30 08:46:06# mall/product{"category_id":"1","orderBy":"is_lastest"}
TRACE 2016-10-30 08:46:26# mall/product{"category_id":"1","orderBy":"is_lastest"}
TRACE 2016-10-30 08:46:30# mall/product[]
TRACE 2016-10-30 08:46:36# mall/product{"orderBy":"is_lasttest"}
TRACE 2016-10-30 08:46:53# mall/product{"orderBy":"is_lattest"}
TRACE 2016-10-30 08:46:58# mall/product{"orderBy":"price"}
TRACE 2016-10-30 08:47:10# mall/product{"category_id":"2"}
TRACE 2016-10-30 08:48:30# shop-cart/add{"indiana_good_id":"8","num":"1"}
TRACE 2016-10-30 08:48:33# shop-cart/list[]
TRACE 2016-10-30 08:48:49# mall/product{"category_id":"2"}
TRACE 2016-10-30 08:48:53# shop-cart/add{"indiana_good_id":"8","num":"1"}
TRACE 2016-10-30 08:49:18# user-center/order-list[]
TRACE 2016-10-30 08:49:41# user-center/indianaed-list[]
TRACE 2016-10-30 08:49:54# user-center/order-list[]
TRACE 2016-10-30 08:51:20# user-center/indianaed-list[]
TRACE 2016-10-30 08:51:37# user-center/order-list[]
TRACE 2016-10-30 08:52:33# user-center/order-list[]
TRACE 2016-10-30 08:53:09# user-center/order-list[]
TRACE 2016-10-30 08:54:25# user-center/order-list[]
TRACE 2016-10-30 08:56:55# user-center/order-list[]
TRACE 2016-10-30 08:57:02# epay/recharge[]
TRACE 2016-10-30 08:57:05# user-center/order-list[]
TRACE 2016-10-30 09:05:13# user-center/order-list[]
TRACE 2016-10-30 09:05:26# mall/product{"query":"\u5145\u503c\u5361"}
TRACE 2016-10-30 09:07:30# mall/product{"query":"\u5145\u503c\u5361"}
TRACE 2016-10-30 09:08:54# mall/product{"query":"\u5145\u503c\u5361"}
TRACE 2016-10-30 09:09:42# mall/product{"query":"\u5145\u503c\u5361"}
TRACE 2016-10-30 09:10:00# mall/index[]
TRACE 2016-10-30 09:11:09# mall/index[]
TRACE 2016-10-30 09:21:56# mall/product[]
TRACE 2016-10-30 09:24:26# mall/product[]
TRACE 2016-10-30 09:24:32# mall/product[]
TRACE 2016-10-30 09:25:06# shop-cart/add{"indiana_good_id":"10","num":"1"}
TRACE 2016-10-30 09:26:05# mall/product[]
TRACE 2016-10-30 09:26:09# mall/detail{"id":"5"}
TRACE 2016-10-30 09:26:14# mall/product[]
TRACE 2016-10-30 09:26:19# shop-cart/add{"indiana_good_id":"10","num":"1"}
TRACE 2016-10-30 09:26:20# mall/detail{"id":"5"}
TRACE 2016-10-30 09:26:21# shop-cart/list[]
TRACE 2016-10-30 09:28:33# shop-cart/list[]
TRACE 2016-10-30 09:30:02# shop-cart/list[]
TRACE 2016-10-30 09:30:10# shop-cart/list[]
TRACE 2016-10-30 09:30:55# shop-cart/list[]
TRACE 2016-10-30 09:31:07# mall/detail{"id":"5"}
TRACE 2016-10-30 09:35:08# mall/detail{"id":"5"}
TRACE 2016-10-30 09:37:15# mall/detail{"id":"5"}
TRACE 2016-10-30 09:39:58# mall/detail{"id":"5"}
TRACE 2016-10-30 10:42:02# mall/detail{"id":"5"}
TRACE 2016-10-30 10:42:11# mall/detail{"id":"5"}
TRACE 2016-10-30 10:42:53# mall/index[]
TRACE 2016-10-30 10:43:02# user-center/order-list[]
TRACE 2016-10-30 10:43:41# mall/detail{"id":"5"}
TRACE 2016-10-30 10:44:15# mall/detail{"id":"5"}
TRACE 2016-10-30 10:45:41# mall/detail{"id":"5"}
TRACE 2016-10-30 10:45:56# mall/detail{"id":"5"}
TRACE 2016-10-30 10:48:51# mall/detail{"id":"5"}
TRACE 2016-10-30 10:50:26# mall/index[]
TRACE 2016-10-30 10:50:36# shop-cart/add{"indiana_good_id":"10","num":"1"}
TRACE 2016-10-30 10:50:38# shop-cart/list[]
TRACE 2016-10-30 10:50:50# order/create{"shop_cart_ids":"35"}
TRACE 2016-10-30 10:51:41# shop-cart/update-num{"num":"-1","id":"35"}
TRACE 2016-10-30 10:51:51# mall/index[]
TRACE 2016-10-30 10:52:01# shop-cart/list[]
TRACE 2016-10-30 10:52:23# user-center/order-list[]
TRACE 2016-10-30 10:53:02# order/pay{"id":"64"}
TRACE 2016-10-30 10:53:04# mall/error{"errno":"2002","errmsg":"\u652f\u4ed8\u65f6\u5e93\u5b58\u4e0d\u8db3"}
TRACE 2016-10-30 10:53:12# mall/index[]
TRACE 2016-10-30 10:53:36# shop-cart/add{"indiana_good_id":"10","num":"1"}
TRACE 2016-10-30 10:53:38# shop-cart/list[]
TRACE 2016-10-30 10:57:32# shop-cart/update-num{"num":"1","id":"36"}
TRACE 2016-10-30 10:57:36# shop-cart/update-num{"num":"1","id":"36"}
TRACE 2016-10-30 10:57:48# shop-cart/update-num{"num":"-1","id":"36"}
TRACE 2016-10-30 10:58:04# order/create{"shop_cart_ids":"36"}
TRACE 2016-10-30 10:58:07# user-center/order-list[]
TRACE 2016-10-30 10:58:22# mall/detail{"id":"5"}
TRACE 2016-10-30 11:09:13# mall/detail{"id":"5"}
TRACE 2016-10-30 11:09:59# mall/detail{"id":"5"}
TRACE 2016-10-30 11:11:09# mall/detail{"id":"5"}
TRACE 2016-10-30 11:12:00# mall/detail{"id":"5"}
TRACE 2016-10-30 11:12:16# mall/detail{"id":"5"}
TRACE 2016-10-30 11:12:56# mall/detail{"id":"5"}
TRACE 2016-10-30 11:14:04# mall/detail{"id":"5"}
TRACE 2016-10-30 11:14:44# mall/detail{"id":"5"}
TRACE 2016-10-30 11:15:17# mall/detail{"id":"5"}
TRACE 2016-10-30 11:17:28# mall/detail{"id":"5"}
TRACE 2016-10-30 11:18:00# mall/detail{"id":"5"}
TRACE 2016-10-30 11:20:53# mall/detail{"id":"5"}
TRACE 2016-10-30 11:22:40# mall/detail{"id":"5"}
TRACE 2016-10-30 11:24:01# shop-cart/add{"indiana_good_id":"10","num":"2"}
TRACE 2016-10-30 11:24:02# shop-cart/add{"indiana_good_id":"10","num":"2"}
TRACE 2016-10-30 11:24:03# shop-cart/list[]
TRACE 2016-10-30 11:24:05# shop-cart/list[]
TRACE 2016-10-30 11:28:16# shop-cart/update-num{"num":"-1","id":"37"}
TRACE 2016-10-30 11:28:17# shop-cart/update-num{"num":"-1","id":"37"}
TRACE 2016-10-30 11:29:07# mall/product[]
TRACE 2016-10-30 11:29:11# mall/detail{"id":"5"}
TRACE 2016-10-30 11:29:42# shop-cart/add{"indiana_good_id":"10","num":"2"}
TRACE 2016-10-30 11:32:01# shop-cart/add{"indiana_good_id":"10","num":"2"}
TRACE 2016-10-30 11:32:32# shop-cart/add{"indiana_good_id":"10","num":"2"}
TRACE 2016-10-30 11:33:20# mall/detail{"id":"5"}
TRACE 2016-10-30 11:33:30# shop-cart/add{"indiana_good_id":"10","num":"1"}
TRACE 2016-10-30 11:34:22# shop-cart/add{"indiana_good_id":"10","num":"1"}
TRACE 2016-10-30 11:35:15# mall/detail{"id":"5"}
TRACE 2016-10-30 11:35:31# shop-cart/add{"indiana_good_id":"10","num":"1"}
TRACE 2016-10-30 11:35:33# shop-cart/list[]
TRACE 2016-10-30 11:35:50# mall/detail{"id":"5"}
TRACE 2016-10-30 11:38:27# mall/detail{"id":"5"}
TRACE 2016-10-30 11:41:09# mall/detail{"id":"5"}
TRACE 2016-10-30 11:41:13# shop-cart/update-num{"num":"1","id":"10"}
TRACE 2016-10-30 11:42:37# mall/detail{"id":"5"}
TRACE 2016-10-30 11:42:43# shop-cart/add{"indiana_good_id":"10","num":"2"}
TRACE 2016-10-30 11:42:57# shop-cart/add{"indiana_good_id":"10","num":"4"}
TRACE 2016-10-30 11:43:09# user-center/indianaed-list[]
TRACE 2016-10-30 13:05:38# user-center/indianaed-list[]
TRACE 2016-10-30 13:05:45# user-center/order-list[]
TRACE 2016-10-30 13:06:06# user-center/order-list[]
TRACE 2016-10-30 13:07:02# user-center/indianaed-list[]
TRACE 2016-10-30 13:10:08# user-center/indianaed-list[]
TRACE 2016-10-30 13:10:21# user-center/indianaed-list[]
TRACE 2016-10-30 13:11:26# user-center/indianaed-list[]
TRACE 2016-10-30 14:35:14# user-center/indianaed-list[]
TRACE 2016-10-30 14:35:21# user-center/indianaed-list[]
TRACE 2016-10-30 14:46:07# user-center/indianaed-list[]
TRACE 2016-10-30 14:47:13# user-center/indianaed-list[]
TRACE 2016-10-30 14:51:50# user-center/indianaed-list[]
TRACE 2016-10-30 14:51:58# order/confirm-receive{"id":"63"}
TRACE 2016-10-30 14:52:31# user-center/indianaed-list[]
TRACE 2016-10-30 14:54:13# user-center/indianaed-list[]
TRACE 2016-10-30 14:54:17# user-center/indianaed-list[]
TRACE 2016-10-30 14:54:24# mall/detail{"id":"5"}
TRACE 2016-10-30 14:54:26# user-center/indianaed-list[]
TRACE 2016-10-30 14:55:12# user-center/indianaed-list[]
TRACE 2016-10-30 14:55:19# order/confirm-receive{"id":"63"}
TRACE 2016-10-30 14:56:12# user-center/indianaed-list[]
TRACE 2016-10-30 14:56:17# user-center/indianaed-list[]
TRACE 2016-10-30 14:56:38# user-center/indianaed-list[]
TRACE 2016-10-30 14:56:49# order/confirm-receive{"id":"63"}
TRACE 2016-10-30 14:57:15# user-center/indianaed-list[]
TRACE 2016-10-30 17:18:11# user-center/indianaed-list[]
TRACE 2016-10-30 17:24:26# user-center/indianaed-list[]
TRACE 2016-10-30 18:11:41# user-center/indianaed-list[]
TRACE 2016-10-30 18:12:09# user-center/upload{"type":"smalllogo"}
TRACE 2016-10-30 18:16:11# user-center/indianaed-list[]
TRACE 2016-10-30 18:16:25# user-center/upload{"type":"smalllogo"}
TRACE 2016-10-30 18:17:15# user-center/indianaed-list[]
TRACE 2016-10-30 18:17:26# user-center/upload{"type":"smalllogo"}
TRACE 2016-10-30 18:18:14# user-center/indianaed-list[]
TRACE 2016-10-30 18:18:23# user-center/upload{"type":"smalllogo"}
TRACE 2016-10-30 18:20:26# user-center/indianaed-list[]
TRACE 2016-10-30 18:20:33# user-center/upload{"type":"smalllogo"}
TRACE 2016-10-30 18:23:10# user-center/indianaed-list[]
TRACE 2016-10-30 18:23:19# user-center/upload{"type":"smalllogo"}
TRACE 2016-10-30 18:25:45# user-center/indianaed-list[]
TRACE 2016-10-30 18:25:53# user-center/upload{"type":"smalllogo"}
TRACE 2016-10-30 18:49:43# user-center/indianaed-list[]
TRACE 2016-10-30 18:50:12# user-center/upload{"type":"smalllogo"}
TRACE 2016-10-30 18:51:49# user-center/indianaed-list[]
TRACE 2016-10-30 18:52:16# user-center/upload{"type":"smalllogo"}
TRACE 2016-10-30 18:55:19# member/display-order{"order_id":"63","imageUrls":"undefined","title":"\u7ec8\u4e8e\u4e2d\u4e86","content":"\u7ec8\u4e8e\u4e2d\u4e86\uff0c\u597d\u5f00\u5fc3\uff0c\u53ef\u4ee5\u6652\u5355\u4e86"}
TRACE 2016-10-30 18:56:11# member/display-order{"order_id":"63","imageUrls":"undefined","title":"\u7ec8\u4e8e\u4e2d\u4e86","content":"\u7ec8\u4e8e\u4e2d\u4e86\uff0c\u597d\u5f00\u5fc3\uff0c\u53ef\u4ee5\u6652\u5355\u4e86"}
TRACE 2016-10-30 18:56:45# member/display-order{"order_id":"63","imageUrls":"undefined","title":"\u7ec8\u4e8e\u4e2d\u4e86","content":"\u7ec8\u4e8e\u4e2d\u4e86\uff0c\u597d\u5f00\u5fc3\uff0c\u53ef\u4ee5\u6652\u5355\u4e86"}
TRACE 2016-10-30 18:58:44# user-center/indianaed-list[]
TRACE 2016-10-30 18:58:46# user-center/indianaed-list[]
TRACE 2016-10-30 18:59:08# user-center/upload{"type":"smalllogo"}
TRACE 2016-10-30 18:59:14# member/display-order{"order_id":"63","image_urls":"\/static\/smalllogo\/14778251485815d27c76dab.jpg","title":"\u7ec8\u4e8e\u4e2d\u4e86","content":"\u7ec8\u4e8e\u4e2d\u4e86\uff0c\u597d\u5f00\u5fc3\u554a"}
TRACE 2016-10-30 18:59:52# member/display-order{"order_id":"63","image_urls":"\/static\/smalllogo\/14778251485815d27c76dab.jpg","title":"\u7ec8\u4e8e\u4e2d\u4e86","content":"\u7ec8\u4e8e\u4e2d\u4e86\uff0c\u597d\u5f00\u5fc3\u554a"}
TRACE 2016-10-30 19:00:30# member/display-order{"order_id":"63","image_urls":"\/static\/smalllogo\/14778251485815d27c76dab.jpg","title":"\u7ec8\u4e8e\u4e2d\u4e86","content":"\u7ec8\u4e8e\u4e2d\u4e86\uff0c\u597d\u5f00\u5fc3\u554a"}
TRACE 2016-10-30 19:04:00# member/display-order{"order_id":"63","image_urls":"\/static\/smalllogo\/14778251485815d27c76dab.jpg","title":"\u7ec8\u4e8e\u4e2d\u4e86","content":"\u7ec8\u4e8e\u4e2d\u4e86\uff0c\u597d\u5f00\u5fc3\u554a"}
TRACE 2016-10-30 19:04:05# user-center/indianaed-list[]
TRACE 2016-10-30 19:04:16# user-center/display-order-list[]
TRACE 2016-10-30 19:04:28# mall/index[]
TRACE 2016-10-30 19:04:44# member/display-order-detail{"id":"7"}
TRACE 2016-10-30 19:04:50# mall/index[]
TRACE 2016-10-30 22:32:06# mall/index[]
TRACE 2016-10-30 22:33:58# user-center/indianaed-list[]
TRACE 2016-10-30 22:34:13# user-center/order-list[]
TRACE 2016-10-30 22:35:18# mall/reward{"id":"9"}
TRACE 2016-10-30 22:38:49# mall/reward{"id":"9"}
TRACE 2016-10-30 22:38:51# mall/detail{"id":"9"}
TRACE 2016-10-30 22:40:52# user-center/order-list[]
TRACE 2016-10-30 22:40:58# mall/reward{"id":"10"}
TRACE 2016-10-30 22:41:00# mall/detail{"id":"5"}
TRACE 2016-10-30 22:41:22# user-center/order-list[]
TRACE 2016-10-30 22:42:18# mall/reward{"id":"9"}
TRACE 2016-10-30 22:42:58# mall/reward{"id":"9"}
TRACE 2016-10-30 22:57:55# mall/reward{"id":"9"}
TRACE 2016-10-30 22:59:01# mall/reward{"id":"9"}
TRACE 2016-10-30 23:01:54# mall/reward{"id":"9"}
TRACE 2016-10-30 23:05:53# mall/reward{"id":"9"}
TRACE 2016-10-30 23:06:29# mall/reward{"id":"9"}
TRACE 2016-10-30 23:09:51# mall/reward{"id":"9"}
TRACE 2016-10-30 23:10:52# mall/reward{"id":"9"}
TRACE 2016-10-30 23:11:23# shop-cart/add{"indiana_good_id":"undefined","num":"2"}
TRACE 2016-10-30 23:13:36# mall/reward{"id":"9"}
TRACE 2016-10-30 23:13:46# shop-cart/add{"indiana_good_id":"10","num":"1"}
TRACE 2016-10-30 23:14:41# mall/reward{"id":"9"}
TRACE 2016-10-30 23:15:47# mall/reward{"id":"9"}
TRACE 2016-10-30 23:17:14# mall/reward{"id":"9"}
TRACE 2016-10-30 23:17:24# member/display-order-detail{"id":"7"}
TRACE 2016-10-30 23:19:38# mall/reward{"id":"9"}
TRACE 2016-10-30 23:20:44# mall/reward{"id":"9"}
TRACE 2016-10-30 23:45:24# mall/reward{"id":"9"}
TRACE 2016-10-30 23:46:22# mall/reward{"id":"9"}
TRACE 2016-10-30 23:46:44# mall/reward{"id":"9"}
TRACE 2016-10-30 23:47:20# mall/reward{"id":"9"}
TRACE 2016-10-30 23:48:58# mall/reward{"id":"9"}
TRACE 2016-10-30 23:50:00# mall/reward{"id":"9"}
TRACE 2016-10-30 23:50:51# mall/reward{"id":"9"}
TRACE 2016-10-30 23:56:42# mall/reward{"id":"9"}
TRACE 2016-10-30 23:56:58# user-center/order-list[]
