TRACE 2016-11-04 09:28:26# mall/index[]
TRACE 2016-11-04 09:30:04# mall/index[]
TRACE 2016-11-04 09:31:52# mall/index[]
TRACE 2016-11-04 09:32:00# mall/index[]
TRACE 2016-11-04 09:32:37# mall/index[]
TRACE 2016-11-04 09:32:41# mall/index[]
TRACE 2016-11-04 09:33:19# mall/index[]
TRACE 2016-11-04 09:33:24# mall/index[]
TRACE 2016-11-04 09:35:25# mall/index[]
TRACE 2016-11-04 09:48:34# mall/index[]
TRACE 2016-11-04 09:50:45# mall/index[]
TRACE 2016-11-04 09:56:14# mall/index[]
TRACE 2016-11-04 10:15:47# mall/index[]
TRACE 2016-11-04 10:16:10# mall/index[]
TRACE 2016-11-04 10:19:33# mall/index[]
TRACE 2016-11-04 10:22:00# mall/index[]
TRACE 2016-11-04 10:24:12# mall/index[]
TRACE 2016-11-04 10:33:39# mall/index[]
TRACE 2016-11-04 10:50:55# mall/index[]
TRACE 2016-11-04 11:15:37# mall/index[]
TRACE 2016-11-04 11:24:40# mall/index[]
TRACE 2016-11-04 11:24:42# mall/product[]
TRACE 2016-11-04 11:24:44# mall/disclose[]
TRACE 2016-11-04 11:24:45# member/display-order-list[]
TRACE 2016-11-04 11:24:47# shop-cart/list[]
TRACE 2016-11-04 11:33:06# mall/index[]
TRACE 2016-11-04 11:55:42# mall/index[]
TRACE 2016-11-04 12:02:56# mall/index[]
TRACE 2016-11-04 12:03:26# mall/index[]
TRACE 2016-11-04 12:13:31# mall/index[]
TRACE 2016-11-04 12:17:47# mall/index[]
TRACE 2016-11-04 12:23:35# mall/index[]
TRACE 2016-11-04 12:31:46# mall/index[]
TRACE 2016-11-04 12:40:43# mall/index[]
TRACE 2016-11-04 12:41:02# mall/index[]
TRACE 2016-11-04 12:41:13# mall/index[]
TRACE 2016-11-04 12:42:45# mall/index[]
TRACE 2016-11-04 12:43:36# mall/index[]
TRACE 2016-11-04 12:46:57# mall/index[]
TRACE 2016-11-04 12:55:27# mall/index[]
TRACE 2016-11-04 13:24:41# mall/index[]
TRACE 2016-11-04 13:37:50# mall/index[]
TRACE 2016-11-04 13:39:42# mall/index[]
TRACE 2016-11-04 13:46:31# mall/index[]
TRACE 2016-11-04 13:47:25# mall/index[]
TRACE 2016-11-04 13:47:56# mall/index[]
TRACE 2016-11-04 13:55:54# mall/index[]
TRACE 2016-11-04 13:56:04# mall/index[]
TRACE 2016-11-04 13:56:25# mall/product[]
TRACE 2016-11-04 13:56:32# mall/disclose[]
TRACE 2016-11-04 13:56:33# member/display-order-list[]
TRACE 2016-11-04 13:56:34# mall/disclose[]
TRACE 2016-11-04 13:56:35# mall/product[]
TRACE 2016-11-04 13:56:35# mall/index[]
TRACE 2016-11-04 13:56:38# mall/product[]
TRACE 2016-11-04 13:56:42# mall/disclose[]
TRACE 2016-11-04 13:56:42# mall/disclose[]
TRACE 2016-11-04 13:56:42# mall/disclose[]
TRACE 2016-11-04 13:56:42# mall/disclose[]
TRACE 2016-11-04 13:56:43# member/display-order-list[]
TRACE 2016-11-04 13:57:27# mall/index[]
TRACE 2016-11-04 14:04:37# mall/index[]
TRACE 2016-11-04 14:08:23# shop-cart/list[]
TRACE 2016-11-04 14:08:25# mall/index[]
TRACE 2016-11-04 14:08:28# mall/index[]
TRACE 2016-11-04 14:09:23# mall/index[]
TRACE 2016-11-04 14:09:57# mall/index[]
TRACE 2016-11-04 14:13:31# mall/index[]
TRACE 2016-11-04 14:13:38# mall/detail{"id":"1"}
TRACE 2016-11-04 14:13:48# mall/detail{"id":"1"}
TRACE 2016-11-04 14:14:20# mall/index{"FvYKw96dZO\/RdnfQEYmSDmAIXC1HYv8u\/eMwK9fBMOFL9H50PjnqqVqzqojrRpfpS4vbQXHwKiooa8w8sSgK8klC5ChVgAbBLxv7YAdnOJXUUcorZp_tEnbUwI\/K8VYX\/wAOIYA6Ba8noa9oy3deLZHefnnDwMUER3JJOWiEtCpU_BB8k23Wo1FJvS8KZmsa_DwhvlIAINraxbMniowkarC3t9aUd_UHaOtuC92gA96zuxS9v33jYQcyo0qA7cyoW7nfcP1Z\/lrZF5Y5v8TGvbMM7OP7oblcZn\/hmkqIiv_Jh8dDuMoSg7tilTaf5wa9pjh0LoBoVA34xxJgSeTWjbU\/3lr4H7kizHs":""}
TRACE 2016-11-04 14:14:25# mall/index[]
TRACE 2016-11-04 14:14:36# mall/product[]
TRACE 2016-11-04 14:14:43# mall/product{"category_id":"1"}
TRACE 2016-11-04 14:14:53# mall/product{"category_id":"1"}
TRACE 2016-11-04 14:15:05# mall/index{"EaZcyYnLYKiEssULRBA_zvI2J_LdCa_jbC1RUV5j0geVox2hGB3pQL9fv1yI5EMK20xUw0K27jZlFQzQuvIHb38iSMrPbj4pOnZC7T8U\/Jd5xa6V9I1HhvOEzaDLAIkKYzQigZbcuJgFDoBNA0oTSpgq0Db8zvRtMlvreQqO7KJpNCD8vhYFWKSw\/B96TrWHiKyKRU\/_NiSjABb4YN5eXW6v3\/lXYJ6kPgieIQvApsd3han3E\/3tH_5tRf2RkOo024HZYd_Kx6RhI21fSQjrvm4ABB_yknDrbXwBlAPsFSkHGcx5daBUGk3Au9mkfTqIE\/\/34Qc088LaFuJQND3kABBoqUkwNfsqBkPLm8rBpEaGlIvfOcDspoXwSRz8K2mpvFltdTWnBUhj":""}
TRACE 2016-11-04 14:15:51# mall/index{"QPENwdLPYZjpZc_Ms5tWC81FqHjPoqhcfj8MI9j1DufVIYv3c\/qC9QEinQNreI7pgkOapB\/\/8Erwu4EZfPLF40SHaEzi39cvMOyhflqThLXhA4UqoUX2PD4URZdE3aSUdiZxIOPYJERyHWbK8FnL1OepSiVcdDI\/gkUsmwLjUZrPxOJJF8p1krYCjQ91cE2js0u8RT\/h91c34WcbE37mmiip7e4rjZSYJBQNmVi_slkt101u0CX_UMNwfBqviSE36Vl0TfwyldZlQJWFAsa72bbPKroVjTuMUITJ05REFyQX_PXhpqEzh_rY\/u6rV0LSjGrfAxrHWBs_M6F8SlnPxKVfImMkN760Nzra6i7cVuMsG\/HNgTeRzK1sJvXrVwx2V4OH18a3KqI\/VGDjkI\/Yq36tvcH8Q7DN":""}
TRACE 2016-11-04 14:16:36# mall/index{"E6IPxt7JMOGdwdR9IXEHv4_keUic8PmDhOVVaGjwvSMEsu1p0mS\/1JuxQYWT4VeS6tIog6JgJhGXG9rNO4BXDpze7KmX_EK5C2qqg10v88iW6YpxY\/rLi6HeusstXDnMSOHDSPKetflhWBaZ\/yN9tnTR_lrMUzxpZzCYlJ9C3ipt0LDjIk_6JfMzPkid_yvAiQbDSIoXOYZIrSDLUjjUYq5EBXzns3NJ2Spv2BVVV3powpBfpibv\/6dWEI\/Jp55CE2EaygQglU1pkdUIwz0BRehFi0HfJy0mEn\/et8k7IQyVxhBVZ87SHqZlqKsZt970RhPe57gxlXJVp_7T01q3gciBpFaOuvSq6so4ign88DIXhrkqrz9ppRQn_77rsWJrobg_psFzMgQVertjbG1CqTA":""}
TRACE 2016-11-04 14:16:42# mall/product{"category_id":"1"}
TRACE 2016-11-04 14:16:43# mall/index[]
TRACE 2016-11-04 14:17:21# mall/index{"FKQIlN2dZJQ3HLlZkRPTU5R\/4\/OzTHPRBRdVI43nU8Hyc91GrcYRqD6lLUwwgt6GegRouKpNKbcCL8Vhx0bYiomLl8tddObu8ii8OmbkkyUDz53FshOOfckbd8SNzJ4reZIW9ZPaO2hJfbattBE2EpAZXcVegbez6VNEwg2yjlmzCodhk1MwfwLhpDuLUNtgHumzhajvw7jJ\/2hw_MdPCb3wRBtTo\/VaveWHLzFTfyzXIUPQ_4P4bG5tTHbIqcO0emQiDI5P6xB_8Vaoy6NkbabKrpi13uC23qNYhxw_oSnpnR6EFYAuH6mUpnNs1BlwDb1SPXGa7s3942geaO9QcdwsmyH9JmZb\/VGx\/1HE":""}
TRACE 2016-11-04 14:18:07# mall/index{"SvRax4jJZPbTzT7rEO41NcK0FgICkpa6Q8zIlVFbamRH9QBypaGfp\/Ess9\/6S4B7xTevnNpNBU1JSgAjCBo81mvucrgPMD16cjPtURFelfM1KYjSHqpPBkTU_071ToRGawekvjwGtWaub_41OHFMPkl5RKxf575AKIFwEqfYsOmITeZmz0Lw2iox_6juqPiA4w8bLSc2GjM3w\/BAnbXy27vJa5R3McY4mn_ek_WBvpIFnqK597Jvx1ur6S31BIJmZSNYRoQOOAjHqzRvYZq\/Rk7r4jQysSeBTAGIYANSsdP4Mfek3YkL_IUV8D3XrdARHRia\/y7t0RC92Df9uLj0g4iWPS6zN6HgNsfCtPkzAoAHnQY":""}
TRACE 2016-11-04 14:18:42# mall/product[]
TRACE 2016-11-04 14:18:44# mall/product{"orderBy":"is_hot"}
TRACE 2016-11-04 14:18:45# mall/product{"orderBy":"is_lattest"}
TRACE 2016-11-04 14:18:46# mall/product{"orderBy":"price"}
TRACE 2016-11-04 14:18:48# mall/disclose[]
TRACE 2016-11-04 14:18:50# mall/index[]
TRACE 2016-11-04 14:18:52# mall/index{"F6dWx9uZNpuPgHW6Pus30FCqgOhtBQDQbxAP06FaLTiQYqaD8AKvy\/_wQcdMWd1s0Z46nesGe_I9iBamztF6HFowliS6Lenql9urgEDkSnlq46yqGCNa1QTs4jl5APSmR3rE_oLqDPNXsYWeXIbAwFL_3BCKNjtiJPYzRUEXeemF3eQo\/3sA_AqIgP5Zz\/14ggEciLcUxlxXUTxklUYSbSCWrtuaSWsBJSZxiWp4STxgjLziLA4GbLEOxFDJCOyfCV7aq9ULSA4sFsw70pX1ADC9Yd2X9G5kyJvu56CAIAKOO10beBrZY66Q_4\/rNh02BezInZREqF2Qpn\/eHa7PvZ1j8cuUhIat9SdtjjKMOc_UwhFW":""}
TRACE 2016-11-04 14:18:54# mall/product{"orderBy":"is_hot"}
TRACE 2016-11-04 14:18:54# member/display-order-list[]
TRACE 2016-11-04 14:18:55# mall/product{"orderBy":"is_lattest"}
TRACE 2016-11-04 14:18:55# mall/disclose[]
TRACE 2016-11-04 14:18:56# mall/product[]
TRACE 2016-11-04 14:18:56# mall/product{"orderBy":"price"}
TRACE 2016-11-04 14:18:56# mall/index[]
TRACE 2016-11-04 14:19:02# mall/product[]
TRACE 2016-11-04 14:19:03# mall/detail{"id":"1"}
TRACE 2016-11-04 14:19:37# mall/index{"RqUIxNjANqk4mqyo4mEUuxqZKZzitdAEI0YmtXkM8boqPKn_4KlMUN6P_RdvIJpfGGzo1t\/x9gumX4Y3yfA_dkd7bSsK1dr6ccYXfxqfCEQ6QGkbsiga8NY19qaLwUTwZzWnmRSqqKJyX8D86RPwXtXoVia0WIOsyIq0Lyzkiryi3k4nVf051EteqfwF54H4D8cLXROdDNc0Sz8\/rQIjGBFrB\/SP9AEksPMHsl7gDo3W1H0ZNQKtvs\/saax1P6lNmJFQW\/VkjdfaqhUwh1GrN6oYyx6QYS48DBtx3Ja\/xWhppGkP3iYKshh25ummNvgv_DfNqVtRV2dnSnbkwVSb9fGExdch_pcKMJE2uakUex3K":""}
TRACE 2016-11-04 14:20:22# mall/index{"RfZYl4iaYyeHV3eaRrDwVLtlp4tC\/Hcr5DfpAGRbR6kRcyppsyAaCbbYWuMsvRC\/3qy82Q4WZq2\/5v8XlaGw7KRs656GiFrQjRmXHI5MZ3Sgsiq_g4glcCWkBt1HGnaRtvgV\/pQpgMLYv\/9t6AjBXBaVxZZwl8v69xR4hLGvpWge3UWJYAJOG6tVErRJUyoMT6XRPNaAJjmgZfGcFVUAhzJtbvD7OATaMWFzPNbWC9N3pRsAYkYTyCdirXyC9RuADtgI04kd9uEWa7Q_UBKVp5SfaNjG\/Syr\/S\/RlHy8LeqOztixMsWVKYsms4Wa7wcybjL5aSfqwEOii_HGtLmZO03tQA3vwzZX2thb":""}
TRACE 2016-11-04 14:20:25# mall/detail{"id":"1"}
TRACE 2016-11-04 14:20:28# mall/detail{"id":"1"}
TRACE 2016-11-04 14:20:39# mall/index[]
TRACE 2016-11-04 14:21:08# mall/index{"R6NfkI_aZtUTG0RqHvFKG_pUGW6OiT5PtAVtY3UciOe65P8hGZ962FGPP2J1oY_SEOngW0ApOKTe1t6zSeCZVPbRbnGH39jLemYB52pA8XI_j7moxo0lJgyU32rQHq_VHHXydw2gKTMtjSBNFbDgrK51f\/46Rw17XMgkLxZGIMLn5zHd9\/14UH4jxH6Pex1A8OJ3GABRyH5Vx342fHabpXHY8XejsKSpH5WAw0TWkPlH9YsDLwm_wIjv7E2_Q6c2zHgJWN7qA1GRH1ZH4Te62IlIEstoyDEC1otDSFrMBSmk5XKW0NbEsHe0\/J8tIExZIWTB0W0tOSXZeuWAiys_SIguEPSLwiGk5cizc_c":""}
TRACE 2016-11-04 14:21:15# mall/index[]
TRACE 2016-11-04 14:21:16# mall/product[]
TRACE 2016-11-04 14:21:28# mall/index[]
TRACE 2016-11-04 14:21:53# mall/index{"FqUMxo\/BYUfZZFppIREkavpHntJSayDgjI7OSP_myp5uztHN2A4Gvof93ZNPF8KZUIALzGJ0jrhpq3vhU12r_UcKXzOistEvKfedMdpvyAoyqFd0BD83V2f5hY\/GOfcyBu2OoDP7k9A6BmqChby5yzFGqRjccFlUJT6ltfnqdIidsv_jnPkdnPUdrAI\/JAuAo8PUZcO1yQVLiXEgD6xaCV_oi28mwpJX7DmdXGl_Nx59iqpbgdtsksJvj1GuB5IYJcDHfkOTmvGHM0V4QaiaQdMEQ2f3KBncNrHYY3AYdrAF7q8WojglCQzQfbl3\/AAAmCrkv0pFmZjZHOUkqI5EiM5kjn2ReAUhOhEq\/ob7OSAUeKWPTWTJhdwXfZlG":""}
TRACE 2016-11-04 14:21:54# mall/disclose[]
TRACE 2016-11-04 14:22:04# mall/index[]
TRACE 2016-11-04 14:22:28# mall/index[]
TRACE 2016-11-04 14:22:38# mall/index{"FKNaxdzNbV76SUuSjBTtVEfCn3chYa4fbKHvwLdJkG4WpLa\/d5wpJJPP_quq8AJrftw3oxRa18OVSNhKpraizoIim1swF31KlRLL0rdjLtI4_gyh_mQyEtzCKRjouaR9cOkyUm3GUJASi6hg8SYOxX\/iGWLpqvNi6l9gJyUwh6WaxEJ4qtMwzOqj7akGYwEoq1tKj26Ae_zCd2OhTgE5U3sl9P8MMXPTrrP9Hu81n\/9M93vtP2JjV\/NLi291UAGwEG3YSsgI54I1PJKXOn1_4sQd5KxfUnCg5XaXsMY0k9\/pqIX\/C\/cdqaXzOR6o4hthzhI8Q188PRXLRYw7ZYte08Od9GkoFin0QtQrcoKeF3Oqx5B_EEb4adQ2s9psUKJkwH6ZzPQVglXyHiwmEck":""}
TRACE 2016-11-04 14:23:24# mall/index{"EaxfxtLOYhj\/v1fOwJZyxJlmMBMo1fVrpMhGRuyo6GRyMeOnCTqUBPgw4xtcluPjFd0zIv6QXgbDhsWX0_uSQuuxi9lJ4F\/AKCyd5zaL\/El8ngwn0FAHUAsIbIcuFmp5WbsQTBgVsVyr1gaIGmEkdjp8H9Yi67syUWkTm2l5\/sztmqdbFpMoFajJe_sVSejn\/AlySaaIgMyX8iywHGZFKdLqog0Cya9CDw6C8dUi8uME2kK20EDoztn6Imj1dfboFWqaFI3XblX3s0V5D4fiT1v7CgFoZ9PUKnipwP4ILRu\/6cHj_FKo_QGGVCkM\/lzkeJDdwTNFsi0zD2jJlBhi2zRovC_pncJ2D77lXx29gP6Dq5Z5Dgti_U7synjIdtY_5BumMuaMxc7HrI_uZ7J_u1besF\/PPTcUkQ":"="}
TRACE 2016-11-04 14:23:35# mall/product[]
TRACE 2016-11-04 14:24:00# shop-cart/add{"indiana_good_id":"1","num":"1"}
TRACE 2016-11-04 14:24:00# mall/detail{"id":"1"}
TRACE 2016-11-04 14:24:07# mall/index[]
TRACE 2016-11-04 14:24:09# mall/index{"S6NcwduZY5BOwqbv4gcTU0pCtlCkctrCIcsr3afm\/YGP1bmvlCuYEKNuWQ2xqM1ELpbUydfey7PAdfrKpl6jy\/qMyU7jOJTvpqbkGrHinJeLeSCJsBH6FNF5zB2jD_BGaZDjbnetckch5V3j7rslWW8bK6TUy4Jz2cYtEbSxXPL_lj8xwepvYpz73WGk0QpIuEdpr6PPkAUK84sZ7Oxnv5VUyMlxJ1u5pq0aRHmtAp63joIEhqYzGQtf9V694L17_fiDfI1P7MbChilcxuuFyeLRp2cAKBMXkMqkGeiXd1RWVy9aAPJtDDDtz15KbgSjFUQ9F5fEm3\/d2UqwV1zSEw4":""}
TRACE 2016-11-04 14:24:10# mall/detail{"id":"1"}
TRACE 2016-11-04 14:24:18# mall/index[]
TRACE 2016-11-04 14:24:20# shop-cart/add{"indiana_good_id":"1","num":"1"}
TRACE 2016-11-04 14:24:22# shop-cart/add{"indiana_good_id":"1","num":"1"}
TRACE 2016-11-04 14:24:24# shop-cart/add{"indiana_good_id":"1","num":"1"}
TRACE 2016-11-04 14:24:28# shop-cart/add{"indiana_good_id":"1","num":"1"}
TRACE 2016-11-04 14:24:29# shop-cart/add{"indiana_good_id":"1","num":"1"}
TRACE 2016-11-04 14:24:29# shop-cart/add{"indiana_good_id":"1","num":"1"}
TRACE 2016-11-04 14:24:29# shop-cart/add{"indiana_good_id":"1","num":"1"}
TRACE 2016-11-04 14:24:30# shop-cart/add{"indiana_good_id":"1","num":"1"}
TRACE 2016-11-04 14:24:32# mall/index[]
TRACE 2016-11-04 14:24:33# mall/index[]
TRACE 2016-11-04 14:24:36# mall/product[]
TRACE 2016-11-04 14:24:37# mall/detail{"id":"1"}
TRACE 2016-11-04 14:24:37# shop-cart/add{"indiana_good_id":"1","num":"1"}
TRACE 2016-11-04 14:24:41# mall/product[]
TRACE 2016-11-04 14:24:43# mall/detail{"id":"1"}
TRACE 2016-11-04 14:24:43# shop-cart/add{"indiana_good_id":"1","num":"1"}
TRACE 2016-11-04 14:24:45# mall/product[]
TRACE 2016-11-04 14:24:46# shop-cart/add{"indiana_good_id":"1","num":"1"}
TRACE 2016-11-04 14:24:46# mall/detail{"id":"1"}
TRACE 2016-11-04 14:24:47# mall/index[]
TRACE 2016-11-04 14:24:49# shop-cart/add{"indiana_good_id":"1","num":"1"}
TRACE 2016-11-04 14:24:50# shop-cart/add{"indiana_good_id":"1","num":"1"}
TRACE 2016-11-04 14:24:50# shop-cart/add{"indiana_good_id":"1","num":"1"}
TRACE 2016-11-04 14:24:51# shop-cart/add{"indiana_good_id":"1","num":"1"}
TRACE 2016-11-04 14:24:51# shop-cart/add{"indiana_good_id":"1","num":"1"}
TRACE 2016-11-04 14:24:51# shop-cart/add{"indiana_good_id":"1","num":"1"}
TRACE 2016-11-04 14:24:52# shop-cart/add{"indiana_good_id":"1","num":"1"}
TRACE 2016-11-04 14:24:52# shop-cart/add{"indiana_good_id":"1","num":"1"}
TRACE 2016-11-04 14:24:53# shop-cart/add{"indiana_good_id":"1","num":"1"}
TRACE 2016-11-04 14:24:53# shop-cart/add{"indiana_good_id":"1","num":"1"}
TRACE 2016-11-04 14:24:54# shop-cart/add{"indiana_good_id":"1","num":"1"}
TRACE 2016-11-04 14:24:54# mall/detail{"id":"1"}
TRACE 2016-11-04 14:24:55# mall/index{"Q61ax9zBN2p9WNubk6qtbsRIRF6BNemkP6naoT4g_PxCCH\/cGgxkuQnyP4ubMR_l7S\/vQw1SkkkFzn5tSKlaeYUvDq_faNwVU4tbFFhtG5svrEFIRevHW8J__yD6a_oyNa8OsOKeDoXxeTP5nhWxso9yDweOL\/M88C35vDO9KJfxuYu8UBReqJo3f6i25XfrHHeRfmer2dgQ2LAP6\/P\/uq3ZEgVdC5wEcbfpJ\/GB1nKhl6g77Eg7LiVde_vikfilsYVFp2rM\/G4rIYsJPFMo76jkHAfKdgzdLEdb_aHDAhiAtynljDauhUYzthVU40uju3AV7ayJcQB\/26LXNDVOpIWXlwDEJl7HLtaYxy6LzNAYBJ9DmHpnAvtu2xe6nzp_B2iRcBi5YNV_m9A":""}
TRACE 2016-11-04 14:24:56# mall/index[]
TRACE 2016-11-04 14:24:57# shop-cart/add{"indiana_good_id":"1","num":"1"}
TRACE 2016-11-04 14:24:57# shop-cart/add{"indiana_good_id":"1","num":"1"}
TRACE 2016-11-04 14:24:58# shop-cart/add{"indiana_good_id":"1","num":"1"}
TRACE 2016-11-04 14:25:40# mall/index{"QPANyYucbMcLpgEYWYz0WlFvh\/VpQRHu10frI6g0ehcwV18T0FPm\/TvWF26b9As7KNCraSAQDgdEVlpbPko\/va0Fw8tfF2d5gTPdZJDT545GjoTwg4uyIEW_W2G\/ikv58DYtTHrwVKls1Ki1kR_8sL6d7wjB\/3H\/dzhT1QmazkaI8JaJmYhJdN7PSmkOZfbFNFOUJawNzoe\/h7ZimnWZXuTxe2mF7r_ogEzdZn6QSfPejNZ_NTDy0xf5RK7DH02X00HIGMriyQtUsZt52avHB4osMeejanSzA1E1XBd16zyKgJI8k9URRIPL7JSlF8W\/iisMDrG2FrOjoyA8ABEOeDMCf4K9yXH3XMExhi3d8W_LC\/pncaTRS5jXfD6JWBxlH0gPo7f8ZY9CaJj9DvsIO9jcSyKvgaUwZ_591Q":"="}
TRACE 2016-11-04 14:26:26# mall/index{"QvAMwtjNMGBFi9nSTsYFtl8LkqXJia4sqzH6ipr0KFOGwfEtmvZmb7WEa9av0xtmk93JAPTiCudIFLirT8AzPu5UZ\/4X0rNVQZeIYfxMAFr7RGxHyFdkFubPNyjhPw2Shevo5PlW_BP04Rz_9Rw4DqUMUha9HnGdjUDG6P9viO1OrLR_\/LadMEj3zUUuGpKe8MCoKKiE4uFDQUoz7tVT8Ahuo95EFXm5c870uQe7ruKJFd5oIVXSjlQhm7\/sU6wd76oISbGrsuUCYGAWs8vUXOSCoDPW1NFMGWg7t1FnFWLyGy4Jn\/\/0OIr_uchks4_iWINohD2dmxfsHhyyX\/kJTqDBaR8GrVmIDc1BrzWqTrzq6La0JIHBkR3zqgHaURWvHSoT":""}
TRACE 2016-11-04 14:27:11# mall/index{"RaJWw97IMBv8HnlIIlEsREBprDCZpuOCfB2bd9MUtBS2Crh\/BEe_CilvG0fX_LNEMAx2bImCVXuF_opRpUqByGf94PKLT7h8s0jUYpFI54CqUSYhZga8LXYMxzXhUFYGcXp9iWV6wzyMYjf\/NXklGc\/owZukX\/T8bBPfUJyQLNPLnnhFOTWu9tAW1xU5Lr2zNngtKH8fGtAGfhIifPuxGd1ulSFWNqBs\/KO37_RH3Yu\/hz\/9YpCLbg9dvlPDOYRpX74ABv5ZuoJ9Jmf1Mb5NuS\/EhrNT1Nq2\/fNVGAxkkr9mhlr5Kv9fmS6nrrlSFiiNZDhztAIkcTTA\/QAA_I\/qp3IgtS9w3kk":""}
TRACE 2016-11-04 14:27:56# mall/index{"RaFdlYjPZYXi4e0K1oBtPTgwCkszDpkg70xSdsCtDSTrRdoXku_ecXSZ3VDPBqHbcCmb2rkrb8ZnOV2AHuzrJrs7qWVtiuw_XqLqxxHdR3cQkvCs6k3m9yXjPpA9UvasnuYSw3NBwGfG8y1X8P7nCx375T7aOSVfwIRpWQNYCYZnu_\/B3xAB6R0p5aHqEuZrqXcTZMz5XX6sqRg_BGw66W1P1X3qNKOIRKfw6Exeggq5S5ZVpdd_PTAWPM6Z5J\/zCbEtlzCyZK1jrrQz2uA2_H04Vay7A9d0WtqNNTYLrJUJHvtPaEKefhRu2gufYlo76Ul7Fp8kGluaTSIzWj0N9BRhdn_rb4g":""}
TRACE 2016-11-04 14:28:42# mall/index{"EfBWwtzKbDVZ3m1tIpKyP38xNOXkOGUqbMKJGW_VBULQ86gtGRI4kpDz7X7iZrN\/PNDxPnDKECGkYrGanULHJNwy6h_HMEK7j5zgr3zMd5LvewxhbKhy9xFmSC85eAox6MJ0_rEKfyHPxfYjkrGPcLXt1\/D\/lpqPFT5gay9fJjGTWxd3fffK8VIkfOYzugI9Dx1\/D512ngp4h7jnIxtmLxxdtuhEYqed3WHLwIdD5w8ytAoYF755PwrKyH3NQK\/xC92tgwGWvNbYnHBo2EQLSaywgtBfwyn0u5hyFJB6zSntwofBwPsvOidZpw8bB40Lgq7lqs6xIXYj6r0reoGUEH2hC3n0U6VitMYAQ0bcA_NJvmyOhwef5vT6ak20uZheejZ\/FG3noeH4isXyHoWcYenpJbAsxh7BF_d5hg":"="}
TRACE 2016-11-04 14:29:03# mall/index[]
TRACE 2016-11-04 14:29:27# mall/index{"QKNXktibMbfF_C1qzevvssv9kzj44yNZavJpM9bVDMAQajze5DcaxDnGf4HmMigWoryME2c5qn3UuPU0zrl7jDdUi7a9Zu9LeEqokXqQ2MsKUEuK7XaKpj1zAv0JT8L\/Dl2jpm1WKEO8VPkPjNTWOY02nyPuf_Uf8xc_Ay0S3ubDQHdnySEMU9AIUWWBgSHVX624F1EVJfRc21aZIn5OY_dnRpfIv5JPc\/WYa7fFnggMuosamloOwLIT6Q_Zqlc2ktgoAhl1CeDHFh3ucUy2LlAAjAbZ9FrNh4pWJcYw49e2KT47CT3t0Rlp5TUqePh9tTqjjhF6Qwks4wJjm\/EGM\/ZqM22ppdaZmjh2ZojlPMLn8WCPi5327e3rlp48GiuW1lqL8AH8J9VDBacdYorFag\/JTlmvAOo":""}
TRACE 2016-11-04 14:30:12# mall/index{"RqBdk4mcbBYrAv3tAWbzgLMlsgYJPQDW\/es5pg5tN74FTALPtct_wFlof9LoBOnGuG3gCfwTe1IlDvsKoILepGjW58ug3CZipQSG8hIgPyWDwlEL08bxoH1okmfIE8J7lV\/RNMbn1I5Otgj63_xoRnESZNNECDf5vqDqJbKRRQlnP8Lo1VhHvYH3JiyY\/alj5kKw8lA7QIPrAsGRLF6QeGejYSgvnM0hm3sfLC\/z\/gPkDEeAfC1KtSTKEqFgnPPabqunTRQ4iZAeqUxG3NA8yEo1An5F4gfIkAngdTo6eYW9JNLDjnAigl7GUnez9DwWGWP9lDYbJqjpjurWWL09GnEFuWbooxv7dwuMu3rQT_yfwFtEW0z3jDAUKsCYGYBHhyYcCeNTeDl5ZWoZrkGLmgwvsV7w6q4":""}
TRACE 2016-11-04 14:30:58# mall/index{"S6QIx92dMEwNUaPFChATW7IdkeFZpqLqtRYGD0XOQhIBfp\/KT1Mxe8dsDV7yF62sNH1\/\/6KCYOiTzupmJ9z7cNMOQ7\/JfRI25VA2PyQ1XIE2YLMQ0jeQ1N2rMGEt\/revsCBGUxz8JN281Z9rSBlv0fFsa9ajG407LSnK\/eViJ9ZC\/2BWr4FXa_A3\/E\/aozq8y\/Jf3W5PBQwH_aErB404VfdXby\/BdhQBgZ8l75MDE30IQCefY_H5daIQlrEvTLyDY9\/UKz2dQmvSNFrgHvDKsVNZowI1tITM5oO84DHLB6li5suXdylYM4kdnda6SK4WIIoUSSi6ySNKhQxFrUe9o\/mTjccHOykbE\/E6fuykicnih5WCKcCR8BPpsmvYty2ky\/g4sk1oTawFdG79ORM2snTBiBWlItWDQ0gq":""}
TRACE 2016-11-04 14:31:43# mall/index{"QvMKxt6aYj7A2gyAH0LYg8FE7WvRBDV7ZJ9pa8iXHAfoE_DFXVjZZFIvr0d56LeAURfFSbFcg\/owvrDhcVJ9ErJiOTWXLLDQekFiyCj_VTXCDRtgmXx2Wq4C\/wWCxzMoz91l0PUmhYgTPMrfJr74eZ2HLKGzh8yZX3bHnDVYBh4QeWswQqPkyNQBbx1ZarnLN1d471FnAUpzIyLIBGS2gYQX9c2iZ6BRO0vXy8Kssz4iCltolSSH02aTCYejsKdOkiZF700QX27fyNIRk10wBI1sBcv_vCskhmWwYL86c6_PPN1UtDCQTLv8waQ9Jq1eLFKWAd2FhZiEqXcsx1Uy47DrrqHiOMJtNxQWLpfsHvMlVVcZTQBoMeg6WiuXPXc8eJQa_epsPiqA8C7KGOt2KzT3":""}
TRACE 2016-11-04 14:32:28# mall/index{"Fqdcw4_bYq2A\/kQfDMUujZiYaUDuQlWvPqmlct7uPmtjgKqxKMoP_UiVNlFOCvchLp5r0MyAiA6MxESdYD9Fbs0l\/5LIl7zHuW79Qvd2G5CMzFycK1HEyyPezb4ljY5EwnaxNYcaeJQ\/X45WUhYIHsJaTe6L2DtV1qhxMrm6K4m815Sbj\/215EAGhvqhG8nyLKv0wCcVWh3QgZEy1RbDg5bV56WK4cD19Q_tU3pw9FKgtuc3\/TSxRyPdRqRIr9VnbvJkPz6dNskR0_S_cFQu95EAiJ1O4kLvFzaJ_KON1NmVfP\/RWwWsO5BcFLvMDS5kfVvn1cEgfYer04hbwztG3_NSXuPxAAlq6lzRqXDRUMoLhtmy4Thm_oUWpFvY3wCfUG9UbAI\/fuAQ3VbTkCvDNvMy":""}
TRACE 2016-11-04 14:32:35# mall/index[]
TRACE 2016-11-04 14:32:36# mall/index[]
TRACE 2016-11-04 14:32:46# mall/detail{"id":"2"}
TRACE 2016-11-04 14:32:56# mall/detail{"id":"2"}
TRACE 2016-11-04 14:33:14# mall/index{"FKVeldjKbCJeFLJebxMu_iERGQiXfZOe_MR_oqyc\/48j_F1cSK1xWGTd\/bOynSksBBnF6evgyCdMGZ0kxLe4oAatWHrdakfJIVNQknYgdmPc1WxkDrXqA5iOXx_ZCRZJn08tbplhGdweb2stErJrV_ensb3WViPUiYIT\/qmR6mie9UP1KZJfe48ZxzB1WUZcoQd62\/DlXQhKVeUyZxPF1_OyiNhJSv\/rvAvvA\/j9Tu6xwQS8zOXLtTyOtTW4teZlueeK41_oMfV1AlfM0E5Noj2f3L2wpvWj42Vn1IueD9PR193hMjbfPw_6HlwBKrmv8X2nY6cDGB54dpLQej4lH18iNxxdIZu9zIgpfK6s0T8Gko9mvip3rkuavw":"="}
TRACE 2016-11-04 14:33:49# mall/index[]
TRACE 2016-11-04 14:33:59# mall/index{"E\/ZXw9vLNws7tD5UuA3bcGMQslpij691VN_3VQXZ_rRjvb9KC3xpmQVIpzNIs_BygVQOLjI7FWgzluPoqDO20o3LKUdPyvW6a7RKXzpPP23Mx4BAwaxOmAov4S8QlzJdOjQLYaLpQdsDUL8XxV\/YDBb40sJdiNOzrRUhOq_DY9h9HzEukoOPsqyAaDzJeqvgZpcttBTQOVDtdESmmhTof9RVYf3dc2xgYKPMiDnHqQzEHVlWzi8vYTMaVea\/hWZM6MmuTNY8VeCStwcAODHBUotsiEqPWfqArn190g2Bz1bToaJ\/NrLJk2bDGEFqeS3q4_Qx0hLOZy1xBEkksOPjWRJlftoz":""}
TRACE 2016-11-04 14:34:42# mall/index[]
TRACE 2016-11-04 14:34:44# mall/index{"FvMKl96cYdreMuhvIkhO7smAq2qelbRshCHHwWlk8CUyn4i1sWFWXC73OX3UcrbCh\/\/NGCGaJD_TH\/LlTO53DttBDdnHJB1AP7u0yInHOixn0BCbcaThBjT4Tx7060oZfBtbkXbgt6efM7zLCkVY2McEYzXdW5g2OlPcyIcOFFLiVsqHxOtsDG4nH18z1s2FzuM3kDrEn2D\/2N2NdrGVdda2wMVWuJK_ZfhCUgzJ_wEAkxH\/09dooKO0vqH1hEByMzl8xpxNZp_oAFvh_F\/2MRBunuE_MV8DsRk8jomisGv6nxhJa55njIVzhWhSe0WxHc5d1zWVcjYdWbfLlUe81\/YKU3cMNJPLxj8gg4wqvdOh6R2JaUFdVzjcOCGzuNGMWM8MpyYKgNiOCGhhg7PkIhOBL\/I\/":""}
TRACE 2016-11-04 14:34:44# mall/index[]
TRACE 2016-11-04 14:34:45# mall/index[]
TRACE 2016-11-04 14:34:48# mall/product{"category_id":"1"}
TRACE 2016-11-04 14:34:50# mall/product{"category_id":"0"}
TRACE 2016-11-04 14:34:52# mall/product{"category_id":"2"}
TRACE 2016-11-04 14:34:54# mall/product{"category_id":"3"}
TRACE 2016-11-04 14:34:56# mall/product{"category_id":"2"}
TRACE 2016-11-04 14:34:58# mall/product{"category_id":"1"}
TRACE 2016-11-04 14:34:59# mall/product{"category_id":"1"}
TRACE 2016-11-04 14:35:00# mall/product{"category_id":"0"}
TRACE 2016-11-04 14:35:01# mall/product{"category_id":"2"}
TRACE 2016-11-04 14:35:02# mall/product{"category_id":"2"}
TRACE 2016-11-04 14:35:04# mall/product{"category_id":"3"}
TRACE 2016-11-04 14:35:12# mall/product{"category_id":"2","orderBy":"is_lattest"}
TRACE 2016-11-04 14:35:13# mall/product{"category_id":"2","orderBy":"is_lattest"}
TRACE 2016-11-04 14:35:14# mall/product{"category_id":"2","orderBy":"is_hot"}
TRACE 2016-11-04 14:35:15# mall/product{"category_id":"2","orderBy":"price"}
TRACE 2016-11-04 14:35:17# mall/product{"category_id":"2","orderBy":"is_lattest"}
TRACE 2016-11-04 14:35:18# mall/product{"category_id":"2","orderBy":"is_hot"}
TRACE 2016-11-04 14:35:19# mall/product{"category_id":"2","orderBy":"is_lattest"}
TRACE 2016-11-04 14:35:20# mall/product{"category_id":"2","orderBy":"end_time"}
TRACE 2016-11-04 14:35:21# mall/product{"category_id":"2","orderBy":"is_lattest"}
TRACE 2016-11-04 14:35:22# mall/product{"category_id":"2","orderBy":"is_lattest"}
TRACE 2016-11-04 14:35:24# mall/product{"category_id":"2","orderBy":"is_hot"}
TRACE 2016-11-04 14:35:25# mall/product{"category_id":"2","orderBy":"price"}
TRACE 2016-11-04 14:35:30# mall/product{"category_id":"2","orderBy":"end_time"}
TRACE 2016-11-04 14:35:30# mall/index{"R6JawdPKYslnVgV1yp2VxfzBDYdu8WUzMBjU4aXNYoCqRXHHXfiLlxpjX6AWSwkcXe0canGxtYtP4nVlfs5n79QhMexH\/BcBQnhBrW7QvUQ\/DgMZ7\/ie3idPFMSp72BjE56hpPFeht7J7F5az0QCYy_xQn5fez1W3yQ72AysytoATSobsZKSZAPdUsg4Kow4MrRWHDKxBFIOjacIv1s3fBJnJc\/8S2fnhlWCEf9Y4ENcYsO\/0lDDbXyTMo6oXQJdJgeQ36NNIfmZ97VL9IjiIr6MEMeQj32GJWVUeAi4MfPdi_JtyZHslsoKkHHu2loc32Fp_rIqipgAYkB7KX3kyw":"="}
TRACE 2016-11-04 14:36:16# mall/index{"QqFel9zNMKZbV68\/MyfvBfGmjewt4bNrpO_faEqZaky5Ew3WpJXC8U6WTj3s0Ppck8u7B_pjcl97tXoXMwD__XkPjdA\/l1Q64K3m14TcZPNnFzroO\/MRtiUhvP8edCrWu9ggz1gDRDsEGASCf2GCbRPRchxadpJGP3feM6UQp92r_\/iyqeB2fqb3kaRqlUK8zVjrbediSUOUNZWyouxiHa626LLDTTqFSklZvDObCqVb2n3CqCejh0dMMRLb97euNVRpvx_AxExsExYgyLa6QAG1mzoJv4IP5JqI\/Vq0NvPDr2W1TJnpry\/S_qgIOUBdzdmPYRUx\/oL7C5zA\/BQVnwBgpvhrdqLMOIAqB6z1glta8M9OoRA6VBH\/eUHVlf0dsPWNEL6pMdVG61fUUw":"="}
TRACE 2016-11-04 14:36:40# mall/product{"category_id":"2","orderBy":"is_lattest"}
TRACE 2016-11-04 14:36:40# mall/index[]
TRACE 2016-11-04 14:37:13# mall/index[]
TRACE 2016-11-04 14:37:17# mall/index[]
TRACE 2016-11-04 14:37:19# mall/index[]
TRACE 2016-11-04 14:37:20# mall/index[]
TRACE 2016-11-04 14:37:25# mall/index[]
TRACE 2016-11-04 14:37:48# mall/index[]
TRACE 2016-11-04 14:38:06# mall/index[]
TRACE 2016-11-04 14:38:15# mall/index[]
TRACE 2016-11-04 14:38:15# mall/index[]
TRACE 2016-11-04 14:38:54# mall/index[]
TRACE 2016-11-04 14:39:12# mall/index[]
TRACE 2016-11-04 14:39:19# mall/index[]
TRACE 2016-11-04 14:39:21# mall/product[]
TRACE 2016-11-04 14:39:40# mall/index[]
TRACE 2016-11-04 14:39:42# mall/index[]
TRACE 2016-11-04 14:39:46# mall/index[]
TRACE 2016-11-04 14:39:49# mall/index[]
TRACE 2016-11-04 14:39:52# mall/product{"category_id":"1"}
TRACE 2016-11-04 14:39:56# mall/detail{"id":"1"}
TRACE 2016-11-04 14:40:11# mall/index[]
TRACE 2016-11-04 14:40:16# mall/product[]
TRACE 2016-11-04 14:40:24# mall/disclose[]
TRACE 2016-11-04 14:40:25# member/display-order-list[]
TRACE 2016-11-04 14:40:27# shop-cart/list[]
TRACE 2016-11-04 14:40:28# mall/index[]
TRACE 2016-11-04 14:40:33# mall/product[]
TRACE 2016-11-04 14:40:36# mall/product[]
TRACE 2016-11-04 14:40:38# mall/product[]
TRACE 2016-11-04 14:40:38# mall/product[]
TRACE 2016-11-04 14:40:41# mall/product[]
TRACE 2016-11-04 14:40:43# mall/index[]
TRACE 2016-11-04 14:40:48# mall/product[]
TRACE 2016-11-04 14:40:50# mall/product{"category_id":"1"}
TRACE 2016-11-04 14:40:50# mall/product{"category_id":"2"}
TRACE 2016-11-04 14:40:51# mall/product{"category_id":"3"}
TRACE 2016-11-04 14:40:52# mall/product{"category_id":"2"}
TRACE 2016-11-04 14:40:53# mall/product{"category_id":"1"}
TRACE 2016-11-04 14:40:54# mall/product{"category_id":"2"}
TRACE 2016-11-04 14:41:49# mall/index[]
TRACE 2016-11-04 14:41:57# shop-cart/add{"indiana_good_id":"1","num":"1"}
TRACE 2016-11-04 14:41:58# shop-cart/add{"indiana_good_id":"1","num":"1"}
TRACE 2016-11-04 14:41:59# shop-cart/add{"indiana_good_id":"1","num":"1"}
TRACE 2016-11-04 14:41:59# shop-cart/add{"indiana_good_id":"1","num":"1"}
TRACE 2016-11-04 14:41:59# shop-cart/add{"indiana_good_id":"1","num":"1"}
TRACE 2016-11-04 14:42:00# shop-cart/add{"indiana_good_id":"1","num":"1"}
TRACE 2016-11-04 14:42:00# shop-cart/add{"indiana_good_id":"1","num":"1"}
TRACE 2016-11-04 14:42:00# shop-cart/add{"indiana_good_id":"1","num":"1"}
TRACE 2016-11-04 14:42:01# mall/detail{"id":"1"}
TRACE 2016-11-04 14:42:06# mall/index[]
TRACE 2016-11-04 14:48:52# mall/index[]
TRACE 2016-11-04 14:50:18# mall/index[]
TRACE 2016-11-04 14:51:02# mall/index[]
TRACE 2016-11-04 14:51:10# mall/index[]
TRACE 2016-11-04 14:51:12# mall/product[]
TRACE 2016-11-04 14:51:17# mall/disclose[]
TRACE 2016-11-04 14:51:19# mall/index[]
TRACE 2016-11-04 14:51:20# mall/product{"category_id":"1"}
TRACE 2016-11-04 14:51:23# mall/product{"category_id":"2"}
TRACE 2016-11-04 14:51:26# mall/product{"category_id":"3"}
TRACE 2016-11-04 14:51:28# mall/product{"category_id":"4"}
TRACE 2016-11-04 14:51:31# mall/index[]
TRACE 2016-11-04 14:51:33# mall/product[]
TRACE 2016-11-04 14:51:36# mall/disclose[]
TRACE 2016-11-04 14:51:37# member/display-order-list[]
TRACE 2016-11-04 14:51:39# mall/index[]
TRACE 2016-11-04 14:51:55# mall/product{"page_type":"hot"}
TRACE 2016-11-04 15:04:27# mall/index[]
TRACE 2016-11-04 15:10:47# mall/index[]
TRACE 2016-11-04 15:14:32# mall/index[]
TRACE 2016-11-04 15:16:50# mall/index[]
TRACE 2016-11-04 16:00:00# mall/index[]
TRACE 2016-11-04 16:13:45# mall/index[]
TRACE 2016-11-04 16:14:49# mall/index[]
TRACE 2016-11-04 16:16:54# mall/index[]
TRACE 2016-11-04 16:22:23# mall/index[]
TRACE 2016-11-04 16:22:32# mall/index[]
TRACE 2016-11-04 16:22:40# mall/index[]
TRACE 2016-11-04 16:22:53# mall/index[]
TRACE 2016-11-04 16:22:54# mall/index[]
TRACE 2016-11-04 16:23:29# mall/index[]
TRACE 2016-11-04 16:23:43# mall/index[]
TRACE 2016-11-04 16:24:25# mall/index[]
TRACE 2016-11-04 16:30:40# mall/index[]
TRACE 2016-11-04 16:30:57# mall/index[]
TRACE 2016-11-04 16:31:13# mall/index[]
TRACE 2016-11-04 16:31:20# mall/index[]
TRACE 2016-11-04 16:32:38# mall/index[]
TRACE 2016-11-04 16:33:28# mall/index[]
TRACE 2016-11-04 16:44:47# mall/index[]
TRACE 2016-11-04 16:48:32# mall/index[]
TRACE 2016-11-04 16:49:38# mall/index[]
TRACE 2016-11-04 17:25:22# mall/index[]
TRACE 2016-11-04 17:31:39# mall/index[]
TRACE 2016-11-04 17:41:42# mall/index[]
TRACE 2016-11-04 17:45:55# mall/index[]
TRACE 2016-11-04 17:46:01# mall/index[]
TRACE 2016-11-04 17:50:26# mall/index[]
TRACE 2016-11-04 17:50:56# mall/index[]
TRACE 2016-11-04 18:02:54# mall/index[]
TRACE 2016-11-04 18:21:44# mall/index[]
TRACE 2016-11-04 18:34:19# mall/index[]
TRACE 2016-11-04 18:34:46# mall/index[]
TRACE 2016-11-04 18:39:06# mall/index[]
TRACE 2016-11-04 18:48:46# mall/index[]
TRACE 2016-11-04 18:50:26# mall/index[]
TRACE 2016-11-04 19:32:32# mall/index[]
TRACE 2016-11-04 19:40:55# mall/index[]
TRACE 2016-11-04 19:48:02# mall/index[]
TRACE 2016-11-04 19:50:54# mall/index[]
TRACE 2016-11-04 19:53:42# mall/index[]
TRACE 2016-11-04 20:14:05# mall/index[]
TRACE 2016-11-04 20:15:05# mall/index[]
TRACE 2016-11-04 20:17:38# mall/index[]
TRACE 2016-11-04 20:19:20# mall/index[]
TRACE 2016-11-04 20:31:26# mall/index[]
TRACE 2016-11-04 20:35:46# mall/index[]
TRACE 2016-11-04 21:05:01# mall/index[]
TRACE 2016-11-04 21:38:02# mall/index[]
TRACE 2016-11-04 21:41:08# mall/index[]
TRACE 2016-11-04 21:54:27# mall/index[]
TRACE 2016-11-04 22:11:53# mall/index[]
TRACE 2016-11-04 22:18:00# mall/index[]
TRACE 2016-11-04 22:23:11# mall/index[]
TRACE 2016-11-04 22:32:13# mall/index[]
TRACE 2016-11-04 23:10:16# mall/index[]
TRACE 2016-11-04 23:11:52# mall/index[]
TRACE 2016-11-04 23:14:34# mall/index[]
TRACE 2016-11-04 23:15:16# mall/index[]
TRACE 2016-11-04 23:34:11# mall/index[]
