TRACE 2016-10-19 15:53:25# mall/index[]
TRACE 2016-10-19 16:06:05# mall/index[]
TRACE 2016-10-19 16:06:48# shop-cart/add{"indiana_good_id":"10","num":"1"}
TRACE 2016-10-19 16:06:50# shop-cart/list[]
TRACE 2016-10-19 16:06:57# order/create{"shop_cart_ids":"13,"}
TRACE 2016-10-19 16:07:26# order/create{"shop_cart_ids":"13,"}
TRACE 2016-10-19 16:08:10# order/create{"shop_cart_ids":"13,"}
TRACE 2016-10-19 16:08:11# epay/recharge[]
TRACE 2016-10-19 16:09:02# shop-cart/list[]
TRACE 2016-10-19 16:09:16# order/create{"shop_cart_ids":"13,"}
TRACE 2016-10-19 16:09:18# epay/recharge[]
TRACE 2016-10-19 16:09:32# shop-cart/list[]
TRACE 2016-10-19 16:25:48# order/create{"shop_cart_ids":"13,"}
TRACE 2016-10-19 16:25:49# epay/recharge[]
TRACE 2016-10-19 16:28:59# shop-cart/list[]
TRACE 2016-10-19 16:29:06# shop-cart/list[]
TRACE 2016-10-19 16:29:38# order/create{"shop_cart_ids":"13,"}
TRACE 2016-10-19 16:29:39# epay/recharge[]
TRACE 2016-10-19 16:29:48# shop-cart/list[]
TRACE 2016-10-19 16:38:58# user-passport/login-out[]
TRACE 2016-10-19 16:38:59# mall/index[]
TRACE 2016-10-19 16:40:08# user-passport/login-view[]
TRACE 2016-10-19 16:40:21# user-passport/get-code{"account":"18610628953"}
TRACE 2016-10-19 16:40:27# user-passport/login{"account":"18610628953","auth_code":"278527"}
TRACE 2016-10-19 16:40:28# mall/index[]
TRACE 2016-10-19 16:41:41# shop-cart/add{"indiana_good_id":"10","num":"1"}
TRACE 2016-10-19 16:42:01# shop-cart/add{"indiana_good_id":"10","num":"1"}
TRACE 2016-10-19 16:43:24# shop-cart/add{"indiana_good_id":"10","num":"1"}
TRACE 2016-10-19 16:48:53# shop-cart/add{"indiana_good_id":"10","num":"1"}
TRACE 2016-10-19 16:49:14# mall/index[]
TRACE 2016-10-19 16:50:55# shop-cart/add{"indiana_good_id":"10","num":"1"}
TRACE 2016-10-19 16:51:18# shop-cart/add{"indiana_good_id":"10","num":"1"}
TRACE 2016-10-19 16:51:45# shop-cart/add{"indiana_good_id":"10","num":"1"}
TRACE 2016-10-19 16:51:47# shop-cart/list[]
TRACE 2016-10-19 16:52:09# order/create{"shop_cart_ids":"15,"}
TRACE 2016-10-19 16:58:06# order/create{"shop_cart_ids":"15,"}
