TRACE 2016-09-10 17:40:11# mall/product[]
TRACE 2016-09-10 17:40:40# mall/product[]
TRACE 2016-09-10 17:40:47# mall/index[]
TRACE 2016-09-10 17:40:53# user-passport/login-view[]
TRACE 2016-09-10 17:42:19# user-passport/login-view[]
TRACE 2016-09-10 17:42:23# user-passport/login-view[]
TRACE 2016-09-10 17:42:25# user-passport/login-view[]
TRACE 2016-09-10 17:43:16# user-passport/login-view[]
TRACE 2016-09-10 17:43:19# user-passport/login-view[]
TRACE 2016-09-10 17:43:21# user-passport/login-view[]
TRACE 2016-09-10 17:52:01# user-passport/login-view[]
TRACE 2016-09-10 17:52:04# user-passport/login-view[]
TRACE 2016-09-10 17:52:18# user-passport/get-code{"account":"18679404215"}
TRACE 2016-09-10 17:53:43# user-passport/get-code{"account":"18679404215"}
TRACE 2016-09-10 17:54:04# user-passport/login{"account":"18679404215","auth_code":"824822"}
TRACE 2016-09-10 17:55:12# user-passport/login{"account":"18679404215","auth_code":"824822"}
TRACE 2016-09-10 17:55:17# user-passport/login{"account":"18679404215","auth_code":"824822"}
TRACE 2016-09-10 17:55:38# user-passport/login{"account":"18679404215","auth_code":"824822"}
TRACE 2016-09-10 17:55:46# user-passport/login{"account":"18679404215","auth_code":"824822"}
TRACE 2016-09-10 17:55:52# user-passport/get-code{"account":"18679404215"}
TRACE 2016-09-10 17:56:06# user-passport/login{"account":"18679404215","auth_code":"610397"}
TRACE 2016-09-10 17:57:19# user-passport/login{"account":"18679404215","auth_code":"610397"}
TRACE 2016-09-10 17:57:20# mall/index[]
TRACE 2016-09-10 17:57:31# mall/index[]
TRACE 2016-09-10 17:58:18# mall/index[]
