TRACE 2016-09-14 10:47:09# mall/index[]
TRACE 2016-09-14 16:21:54# mall/detail[]
TRACE 2016-09-14 16:23:03# mall/detail[]
TRACE 2016-09-14 16:23:49# mall/detail[]
TRACE 2016-09-14 16:28:05# mall/detail[]
TRACE 2016-09-14 16:28:12# mall/detail[]
TRACE 2016-09-14 16:28:31# mall/detail[]
TRACE 2016-09-14 16:31:26# mall/detail[]
TRACE 2016-09-14 16:34:41# mall/product[]
TRACE 2016-09-14 16:35:20# mall/product[]
TRACE 2016-09-14 16:35:33# mall/detail[]
TRACE 2016-09-14 16:35:37# mall/index[]
TRACE 2016-09-14 16:35:40# mall/product[]
TRACE 2016-09-14 16:36:14# mall/product[]
TRACE 2016-09-14 16:36:20# mall/index[]
TRACE 2016-09-14 16:36:26# mall/detail{"id":"5"}
TRACE 2016-09-14 16:36:33# mall/product[]
TRACE 2016-09-14 16:37:29# mall/product[]
TRACE 2016-09-14 16:37:33# mall/detail{"id":"1"}
TRACE 2016-09-14 16:38:09# member/display-order-list[]
TRACE 2016-09-14 16:40:32# mall/detail{"id":"1"}
TRACE 2016-09-14 16:40:55# mall/detail{"id":"1"}
TRACE 2016-09-14 16:54:11# mall/index[]
TRACE 2016-09-14 17:27:51# mall/detail{"id":"4"}
TRACE 2016-09-14 17:36:50# mall/detail{"id":"4"}
TRACE 2016-09-14 17:37:26# mall/detail{"id":"4"}
TRACE 2016-09-14 17:38:38# mall/detail{"id":"4"}
TRACE 2016-09-14 17:38:46# mall/detail{"id":"4"}
TRACE 2016-09-14 17:44:31# mall/detail{"id":"4"}
TRACE 2016-09-14 17:50:56# mall/detail{"id":"4"}
TRACE 2016-09-14 18:12:46# mall/detail{"id":"4"}
TRACE 2016-09-14 18:18:11# mall/detail{"id":"4"}
TRACE 2016-09-14 18:18:45# mall/detail{"id":"4"}
TRACE 2016-09-14 18:19:39# mall/detail{"id":"4"}
TRACE 2016-09-14 18:20:12# mall/detail{"id":"4"}
TRACE 2016-09-14 18:21:41# mall/detail{"id":"1"}
TRACE 2016-09-14 18:22:15# mall/detail{"id":"1"}
TRACE 2016-09-14 18:22:37# mall/detail{"id":"1"}
TRACE 2016-09-14 18:23:14# mall/detail{"id":"1"}
TRACE 2016-09-14 18:23:18# mall/detail{"id":"1"}
TRACE 2016-09-14 18:24:11# mall/detail{"id":"1"}
TRACE 2016-09-14 18:24:18# mall/detail{"id":"1"}
TRACE 2016-09-14 18:25:16# mall/detail{"id":"1"}
TRACE 2016-09-14 18:26:03# mall/detail{"id":"1"}
TRACE 2016-09-14 18:27:17# mall/index[]
TRACE 2016-09-14 18:27:55# mall/index[]
TRACE 2016-09-14 18:29:16# mall/index[]
TRACE 2016-09-14 18:29:20# mall/detail{"id":"5"}
TRACE 2016-09-14 18:47:19# mall/detail{"id":"5"}
TRACE 2016-09-14 18:48:07# mall/detail{"id":"5"}
TRACE 2016-09-14 18:48:49# mall/detail{"id":"5"}
TRACE 2016-09-14 18:48:53# mall/detail{"id":"5"}
TRACE 2016-09-14 18:49:21# mall/detail{"id":"5"}
TRACE 2016-09-14 18:50:52# mall/detail{"id":"5"}
TRACE 2016-09-14 18:51:46# mall/detail{"id":"5"}
