TRACE 2016-11-07 00:07:54# mall/index[]
TRACE 2016-11-07 00:14:04# mall/index[]
TRACE 2016-11-07 00:31:05# mall/index[]
TRACE 2016-11-07 00:32:23# mall/index[]
TRACE 2016-11-07 00:35:31# mall/index[]
TRACE 2016-11-07 01:27:15# mall/index[]
TRACE 2016-11-07 01:33:05# mall/index[]
TRACE 2016-11-07 01:33:44# mall/index[]
TRACE 2016-11-07 02:08:15# mall/index[]
TRACE 2016-11-07 02:18:37# mall/index[]
TRACE 2016-11-07 02:23:14# mall/index[]
TRACE 2016-11-07 02:26:41# mall/index[]
TRACE 2016-11-07 02:30:48# mall/product{"page_type":"hot"}
TRACE 2016-11-07 02:31:01# mall/product[]
TRACE 2016-11-07 02:31:05# mall/index[]
TRACE 2016-11-07 02:46:52# mall/index[]
TRACE 2016-11-07 02:50:09# mall/index[]
TRACE 2016-11-07 02:56:49# mall/index[]
TRACE 2016-11-07 03:00:45# mall/index[]
TRACE 2016-11-07 03:12:24# mall/index[]
TRACE 2016-11-07 03:20:08# mall/index[]
TRACE 2016-11-07 03:26:17# mall/index{"author":"1"}
TRACE 2016-11-07 03:33:55# mall/index[]
TRACE 2016-11-07 03:34:30# mall/index[]
TRACE 2016-11-07 03:35:37# mall/index[]
TRACE 2016-11-07 03:35:54# mall/index[]
TRACE 2016-11-07 03:50:41# mall/index[]
TRACE 2016-11-07 03:50:51# mall/index[]
TRACE 2016-11-07 03:53:43# mall/index[]
TRACE 2016-11-07 04:03:29# mall/index[]
TRACE 2016-11-07 04:07:01# mall/index[]
TRACE 2016-11-07 04:29:26# mall/index[]
TRACE 2016-11-07 04:32:39# mall/index[]
TRACE 2016-11-07 04:45:56# mall/index[]
TRACE 2016-11-07 04:56:18# mall/index[]
TRACE 2016-11-07 04:59:19# mall/index[]
TRACE 2016-11-07 05:14:38# mall/index[]
TRACE 2016-11-07 05:20:09# mall/index[]
TRACE 2016-11-07 05:28:53# mall/index[]
TRACE 2016-11-07 05:30:55# mall/index[]
TRACE 2016-11-07 05:48:03# mall/index[]
TRACE 2016-11-07 05:48:08# mall/index[]
TRACE 2016-11-07 05:48:11# mall/index[]
TRACE 2016-11-07 05:52:27# mall/index[]
TRACE 2016-11-07 05:58:12# mall/index[]
TRACE 2016-11-07 06:13:01# mall/index[]
TRACE 2016-11-07 06:20:14# mall/index[]
TRACE 2016-11-07 06:25:26# mall/index[]
TRACE 2016-11-07 06:40:18# mall/index[]
TRACE 2016-11-07 06:45:32# mall/index[]
TRACE 2016-11-07 06:48:41# mall/index[]
TRACE 2016-11-07 06:54:58# mall/index[]
TRACE 2016-11-07 07:01:38# mall/index[]
TRACE 2016-11-07 07:06:01# mall/index[]
TRACE 2016-11-07 07:06:03# mall/index[]
TRACE 2016-11-07 07:06:04# mall/index[]
TRACE 2016-11-07 07:06:04# mall/index[]
TRACE 2016-11-07 07:06:10# mall/index[]
TRACE 2016-11-07 07:06:11# mall/index[]
TRACE 2016-11-07 07:07:08# mall/index[]
TRACE 2016-11-07 07:25:42# mall/index[]
TRACE 2016-11-07 07:30:35# mall/index[]
TRACE 2016-11-07 07:41:59# mall/index[]
TRACE 2016-11-07 07:48:02# mall/index[]
TRACE 2016-11-07 07:58:43# mall/index[]
TRACE 2016-11-07 08:19:22# mall/index[]
TRACE 2016-11-07 08:27:12# mall/index[]
TRACE 2016-11-07 08:29:37# mall/index[]
TRACE 2016-11-07 08:33:49# mall/index[]
TRACE 2016-11-07 08:35:15# mall/index[]
TRACE 2016-11-07 08:38:42# mall/index[]
TRACE 2016-11-07 08:48:28# mall/index[]
TRACE 2016-11-07 08:51:16# mall/index[]
TRACE 2016-11-07 08:54:15# mall/award[]
TRACE 2016-11-07 08:55:09# mall/award[]
TRACE 2016-11-07 08:56:55# mall/award[]
TRACE 2016-11-07 08:59:01# mall/award[]
TRACE 2016-11-07 08:59:20# mall/index[]
TRACE 2016-11-07 09:00:01# mall/award[]
TRACE 2016-11-07 09:01:01# mall/award[]
TRACE 2016-11-07 09:02:01# mall/award[]
TRACE 2016-11-07 09:02:40# mall/index[]
TRACE 2016-11-07 09:03:01# mall/award[]
TRACE 2016-11-07 09:04:01# mall/award[]
TRACE 2016-11-07 09:05:01# mall/award[]
TRACE 2016-11-07 09:06:02# mall/award[]
TRACE 2016-11-07 09:07:01# mall/award[]
TRACE 2016-11-07 09:08:01# mall/award[]
TRACE 2016-11-07 09:09:01# mall/award[]
TRACE 2016-11-07 09:09:35# mall/index[]
TRACE 2016-11-07 09:10:01# mall/award[]
TRACE 2016-11-07 09:11:01# mall/award[]
TRACE 2016-11-07 09:12:01# mall/award[]
TRACE 2016-11-07 09:13:01# mall/award[]
TRACE 2016-11-07 09:14:01# mall/award[]
TRACE 2016-11-07 09:15:01# mall/award[]
TRACE 2016-11-07 09:15:16# mall/index[]
TRACE 2016-11-07 09:15:40# mall/index[]
TRACE 2016-11-07 09:16:01# mall/award[]
TRACE 2016-11-07 09:17:01# mall/award[]
TRACE 2016-11-07 09:18:01# mall/award[]
TRACE 2016-11-07 09:19:01# mall/award[]
TRACE 2016-11-07 09:20:01# mall/award[]
TRACE 2016-11-07 09:21:01# mall/award[]
TRACE 2016-11-07 09:22:01# mall/award[]
TRACE 2016-11-07 09:23:01# mall/award[]
TRACE 2016-11-07 09:24:01# mall/award[]
TRACE 2016-11-07 09:24:11# mall/index[]
TRACE 2016-11-07 09:25:01# mall/award[]
TRACE 2016-11-07 09:26:01# mall/award[]
TRACE 2016-11-07 09:27:01# mall/award[]
TRACE 2016-11-07 09:28:01# mall/award[]
TRACE 2016-11-07 09:29:01# mall/award[]
TRACE 2016-11-07 09:29:43# mall/index[]
TRACE 2016-11-07 09:29:50# mall/index[]
TRACE 2016-11-07 09:30:02# mall/award[]
TRACE 2016-11-07 09:31:01# mall/award[]
TRACE 2016-11-07 09:32:01# mall/award[]
TRACE 2016-11-07 09:33:01# mall/award[]
TRACE 2016-11-07 09:34:01# mall/award[]
TRACE 2016-11-07 09:35:01# mall/award[]
TRACE 2016-11-07 09:36:01# mall/award[]
TRACE 2016-11-07 09:37:01# mall/award[]
TRACE 2016-11-07 09:38:02# mall/award[]
TRACE 2016-11-07 09:39:01# mall/award[]
TRACE 2016-11-07 09:40:01# mall/award[]
TRACE 2016-11-07 09:41:01# mall/award[]
TRACE 2016-11-07 09:42:01# mall/award[]
TRACE 2016-11-07 09:43:01# mall/award[]
TRACE 2016-11-07 09:44:01# mall/award[]
TRACE 2016-11-07 09:45:01# mall/award[]
TRACE 2016-11-07 09:46:01# mall/award[]
TRACE 2016-11-07 09:47:01# mall/award[]
TRACE 2016-11-07 09:48:01# mall/award[]
TRACE 2016-11-07 09:49:01# mall/award[]
TRACE 2016-11-07 09:50:01# mall/award[]
TRACE 2016-11-07 09:51:01# mall/award[]
TRACE 2016-11-07 09:52:01# mall/award[]
TRACE 2016-11-07 09:53:01# mall/award[]
TRACE 2016-11-07 09:54:01# mall/award[]
TRACE 2016-11-07 09:55:01# mall/award[]
TRACE 2016-11-07 09:56:02# mall/award[]
TRACE 2016-11-07 09:57:01# mall/award[]
TRACE 2016-11-07 09:58:01# mall/award[]
TRACE 2016-11-07 09:59:01# mall/award[]
TRACE 2016-11-07 10:00:01# mall/award[]
TRACE 2016-11-07 10:01:01# mall/award[]
TRACE 2016-11-07 10:02:01# mall/award[]
TRACE 2016-11-07 10:03:01# mall/award[]
TRACE 2016-11-07 10:04:02# mall/award[]
TRACE 2016-11-07 10:05:01# mall/award[]
TRACE 2016-11-07 10:06:01# mall/award[]
TRACE 2016-11-07 10:07:01# mall/award[]
TRACE 2016-11-07 10:08:01# mall/award[]
TRACE 2016-11-07 10:08:35# mall/index[]
TRACE 2016-11-07 10:08:46# mall/index[]
TRACE 2016-11-07 10:09:01# mall/award[]
TRACE 2016-11-07 10:10:01# mall/award[]
TRACE 2016-11-07 10:11:01# mall/award[]
TRACE 2016-11-07 10:12:01# mall/award[]
TRACE 2016-11-07 10:13:01# mall/award[]
TRACE 2016-11-07 10:14:01# mall/award[]
TRACE 2016-11-07 10:15:01# mall/award[]
TRACE 2016-11-07 10:16:02# mall/award[]
TRACE 2016-11-07 10:17:01# mall/award[]
TRACE 2016-11-07 10:18:01# mall/award[]
TRACE 2016-11-07 10:18:14# mall/index[]
TRACE 2016-11-07 10:19:01# mall/award[]
TRACE 2016-11-07 10:20:01# mall/award[]
TRACE 2016-11-07 10:21:01# mall/award[]
TRACE 2016-11-07 10:22:01# mall/award[]
TRACE 2016-11-07 10:23:01# mall/award[]
TRACE 2016-11-07 10:24:02# mall/award[]
TRACE 2016-11-07 10:24:30# mall/index[]
TRACE 2016-11-07 10:25:01# mall/award[]
TRACE 2016-11-07 10:25:56# mall/index[]
TRACE 2016-11-07 10:26:01# mall/award[]
TRACE 2016-11-07 10:26:03# mall/index[]
TRACE 2016-11-07 10:26:58# mall/index[]
TRACE 2016-11-07 10:27:01# mall/award[]
TRACE 2016-11-07 10:27:12# mall/index[]
TRACE 2016-11-07 10:28:01# mall/award[]
TRACE 2016-11-07 10:29:01# mall/award[]
TRACE 2016-11-07 10:29:09# mall/index[]
TRACE 2016-11-07 10:30:01# mall/award[]
TRACE 2016-11-07 10:31:01# mall/award[]
TRACE 2016-11-07 10:32:01# mall/award[]
TRACE 2016-11-07 10:33:01# mall/award[]
TRACE 2016-11-07 10:34:01# mall/award[]
TRACE 2016-11-07 10:34:01# mall/index[]
TRACE 2016-11-07 10:34:22# mall/index[]
TRACE 2016-11-07 10:35:01# mall/award[]
TRACE 2016-11-07 10:36:01# mall/award[]
TRACE 2016-11-07 10:37:01# mall/award[]
TRACE 2016-11-07 10:38:01# mall/award[]
TRACE 2016-11-07 10:38:50# mall/index[]
TRACE 2016-11-07 10:39:01# mall/award[]
TRACE 2016-11-07 10:40:01# mall/award[]
TRACE 2016-11-07 10:41:01# mall/award[]
TRACE 2016-11-07 10:42:01# mall/award[]
TRACE 2016-11-07 10:43:01# mall/award[]
TRACE 2016-11-07 10:44:01# mall/award[]
TRACE 2016-11-07 10:45:01# mall/award[]
TRACE 2016-11-07 10:46:01# mall/award[]
TRACE 2016-11-07 10:47:01# mall/award[]
TRACE 2016-11-07 10:48:01# mall/award[]
TRACE 2016-11-07 10:49:01# mall/award[]
TRACE 2016-11-07 10:50:01# mall/award[]
TRACE 2016-11-07 10:51:02# mall/award[]
TRACE 2016-11-07 10:52:01# mall/award[]
TRACE 2016-11-07 10:53:01# mall/award[]
TRACE 2016-11-07 10:54:01# mall/award[]
TRACE 2016-11-07 10:55:01# mall/award[]
TRACE 2016-11-07 10:56:01# mall/award[]
TRACE 2016-11-07 10:56:25# mall/index[]
TRACE 2016-11-07 10:57:01# mall/award[]
TRACE 2016-11-07 10:58:01# mall/award[]
TRACE 2016-11-07 10:58:28# mall/index[]
TRACE 2016-11-07 10:59:01# mall/award[]
TRACE 2016-11-07 11:00:01# mall/award[]
TRACE 2016-11-07 11:01:01# mall/award[]
TRACE 2016-11-07 11:02:01# mall/award[]
TRACE 2016-11-07 11:03:01# mall/award[]
TRACE 2016-11-07 11:04:01# mall/award[]
TRACE 2016-11-07 11:05:01# mall/award[]
TRACE 2016-11-07 11:06:01# mall/award[]
TRACE 2016-11-07 11:07:01# mall/award[]
TRACE 2016-11-07 11:07:32# mall/index[]
TRACE 2016-11-07 11:08:01# mall/award[]
TRACE 2016-11-07 11:09:01# mall/award[]
TRACE 2016-11-07 11:10:01# mall/award[]
TRACE 2016-11-07 11:11:01# mall/award[]
TRACE 2016-11-07 11:12:01# mall/award[]
TRACE 2016-11-07 11:12:56# mall/index[]
TRACE 2016-11-07 11:13:01# mall/award[]
TRACE 2016-11-07 11:13:42# mall/index[]
TRACE 2016-11-07 11:14:01# mall/award[]
TRACE 2016-11-07 11:15:01# mall/award[]
TRACE 2016-11-07 11:15:32# mall/index[]
TRACE 2016-11-07 11:16:01# mall/award[]
TRACE 2016-11-07 11:16:37# mall/index[]
TRACE 2016-11-07 11:17:01# mall/award[]
TRACE 2016-11-07 11:17:09# mall/index[]
TRACE 2016-11-07 11:18:01# mall/award[]
TRACE 2016-11-07 11:19:01# mall/award[]
TRACE 2016-11-07 11:19:22# mall/index[]
TRACE 2016-11-07 11:19:34# mall/index[]
TRACE 2016-11-07 11:20:01# mall/award[]
TRACE 2016-11-07 11:20:29# mall/index[]
TRACE 2016-11-07 11:21:01# mall/award[]
TRACE 2016-11-07 11:22:01# mall/award[]
TRACE 2016-11-07 11:23:01# mall/award[]
TRACE 2016-11-07 11:24:01# mall/award[]
TRACE 2016-11-07 11:25:02# mall/award[]
TRACE 2016-11-07 11:26:01# mall/award[]
TRACE 2016-11-07 11:27:01# mall/award[]
TRACE 2016-11-07 11:27:21# mall/index[]
TRACE 2016-11-07 11:28:01# mall/award[]
TRACE 2016-11-07 11:29:01# mall/award[]
TRACE 2016-11-07 11:29:06# mall/index[]
TRACE 2016-11-07 11:30:01# mall/award[]
TRACE 2016-11-07 11:31:01# mall/award[]
TRACE 2016-11-07 11:32:01# mall/award[]
TRACE 2016-11-07 11:33:01# mall/award[]
TRACE 2016-11-07 11:34:01# mall/award[]
TRACE 2016-11-07 11:35:02# mall/award[]
TRACE 2016-11-07 11:36:01# mall/award[]
TRACE 2016-11-07 11:37:01# mall/award[]
TRACE 2016-11-07 11:38:01# mall/award[]
TRACE 2016-11-07 11:39:01# mall/award[]
TRACE 2016-11-07 11:40:01# mall/award[]
TRACE 2016-11-07 11:41:01# mall/award[]
TRACE 2016-11-07 11:42:01# mall/award[]
TRACE 2016-11-07 11:43:02# mall/award[]
TRACE 2016-11-07 11:44:01# mall/award[]
TRACE 2016-11-07 11:45:01# mall/award[]
TRACE 2016-11-07 11:46:01# mall/award[]
TRACE 2016-11-07 11:47:01# mall/award[]
TRACE 2016-11-07 11:47:57# mall/index[]
TRACE 2016-11-07 11:48:01# mall/award[]
TRACE 2016-11-07 11:49:01# mall/award[]
TRACE 2016-11-07 11:50:01# mall/award[]
TRACE 2016-11-07 11:51:01# mall/award[]
TRACE 2016-11-07 11:52:01# mall/award[]
TRACE 2016-11-07 11:53:01# mall/award[]
TRACE 2016-11-07 11:54:01# mall/award[]
TRACE 2016-11-07 11:55:01# mall/award[]
TRACE 2016-11-07 11:56:01# mall/award[]
TRACE 2016-11-07 11:56:06# mall/index[]
TRACE 2016-11-07 11:57:01# mall/award[]
TRACE 2016-11-07 11:58:01# mall/award[]
TRACE 2016-11-07 11:59:01# mall/award[]
TRACE 2016-11-07 12:00:01# mall/award[]
TRACE 2016-11-07 12:00:43# mall/index[]
TRACE 2016-11-07 12:01:01# mall/award[]
TRACE 2016-11-07 12:01:02# mall/index[]
TRACE 2016-11-07 12:02:01# mall/award[]
TRACE 2016-11-07 12:03:01# mall/award[]
TRACE 2016-11-07 12:03:29# mall/index[]
TRACE 2016-11-07 12:04:01# mall/award[]
TRACE 2016-11-07 12:05:02# mall/award[]
TRACE 2016-11-07 12:06:01# mall/award[]
TRACE 2016-11-07 12:07:01# mall/award[]
TRACE 2016-11-07 12:07:24# mall/index[]
TRACE 2016-11-07 12:08:01# mall/award[]
TRACE 2016-11-07 12:09:01# mall/award[]
TRACE 2016-11-07 12:10:01# mall/award[]
TRACE 2016-11-07 12:11:01# mall/award[]
TRACE 2016-11-07 12:12:01# mall/award[]
TRACE 2016-11-07 12:13:02# mall/award[]
TRACE 2016-11-07 12:14:01# mall/award[]
TRACE 2016-11-07 12:15:01# mall/award[]
TRACE 2016-11-07 12:16:01# mall/award[]
TRACE 2016-11-07 12:17:01# mall/award[]
TRACE 2016-11-07 12:18:01# mall/award[]
TRACE 2016-11-07 12:19:01# mall/award[]
TRACE 2016-11-07 12:20:01# mall/award[]
TRACE 2016-11-07 12:21:02# mall/award[]
TRACE 2016-11-07 12:22:01# mall/award[]
TRACE 2016-11-07 12:23:01# mall/award[]
TRACE 2016-11-07 12:24:01# mall/award[]
TRACE 2016-11-07 12:25:01# mall/award[]
TRACE 2016-11-07 12:25:18# mall/index[]
TRACE 2016-11-07 12:25:47# mall/index[]
TRACE 2016-11-07 12:25:59# mall/index[]
TRACE 2016-11-07 12:26:01# mall/award[]
TRACE 2016-11-07 12:27:01# mall/award[]
TRACE 2016-11-07 12:28:01# mall/award[]
TRACE 2016-11-07 12:29:01# mall/award[]
TRACE 2016-11-07 12:30:01# mall/award[]
TRACE 2016-11-07 12:31:01# mall/award[]
TRACE 2016-11-07 12:32:01# mall/award[]
TRACE 2016-11-07 12:33:01# mall/award[]
TRACE 2016-11-07 12:34:01# mall/award[]
TRACE 2016-11-07 12:35:01# mall/award[]
TRACE 2016-11-07 12:35:49# mall/index[]
TRACE 2016-11-07 12:36:01# mall/award[]
TRACE 2016-11-07 12:37:01# mall/award[]
TRACE 2016-11-07 12:38:01# mall/award[]
TRACE 2016-11-07 12:39:01# mall/award[]
TRACE 2016-11-07 12:40:01# mall/award[]
TRACE 2016-11-07 12:41:01# mall/award[]
TRACE 2016-11-07 12:42:01# mall/award[]
TRACE 2016-11-07 12:43:01# mall/award[]
TRACE 2016-11-07 12:43:36# mall/index[]
TRACE 2016-11-07 12:43:53# mall/index[]
TRACE 2016-11-07 12:44:01# mall/award[]
TRACE 2016-11-07 12:45:01# mall/award[]
TRACE 2016-11-07 12:46:01# mall/award[]
TRACE 2016-11-07 12:47:01# mall/award[]
TRACE 2016-11-07 12:48:01# mall/award[]
TRACE 2016-11-07 12:49:01# mall/award[]
TRACE 2016-11-07 12:50:01# mall/award[]
TRACE 2016-11-07 12:51:01# mall/award[]
TRACE 2016-11-07 12:52:01# mall/award[]
TRACE 2016-11-07 12:52:36# mall/index[]
TRACE 2016-11-07 12:53:01# mall/award[]
TRACE 2016-11-07 12:54:01# mall/award[]
TRACE 2016-11-07 12:55:01# mall/award[]
TRACE 2016-11-07 12:56:01# mall/award[]
TRACE 2016-11-07 12:57:01# mall/award[]
TRACE 2016-11-07 12:58:01# mall/award[]
TRACE 2016-11-07 12:59:01# mall/award[]
TRACE 2016-11-07 13:00:01# mall/award[]
TRACE 2016-11-07 13:01:01# mall/award[]
TRACE 2016-11-07 13:02:01# mall/award[]
TRACE 2016-11-07 13:02:39# mall/index[]
TRACE 2016-11-07 13:02:47# mall/index[]
TRACE 2016-11-07 13:03:01# mall/award[]
TRACE 2016-11-07 13:03:09# mall/index[]
TRACE 2016-11-07 13:03:14# mall/index[]
TRACE 2016-11-07 13:03:19# mall/index[]
TRACE 2016-11-07 13:04:01# mall/award[]
TRACE 2016-11-07 13:05:01# mall/award[]
TRACE 2016-11-07 13:05:35# mall/index[]
TRACE 2016-11-07 13:06:01# mall/award[]
TRACE 2016-11-07 13:07:01# mall/award[]
TRACE 2016-11-07 13:08:01# mall/award[]
TRACE 2016-11-07 13:09:01# mall/award[]
TRACE 2016-11-07 13:10:01# mall/award[]
TRACE 2016-11-07 13:11:01# mall/award[]
TRACE 2016-11-07 13:12:01# mall/award[]
TRACE 2016-11-07 13:13:01# mall/award[]
TRACE 2016-11-07 13:14:01# mall/award[]
TRACE 2016-11-07 13:14:32# mall/index[]
TRACE 2016-11-07 13:15:01# mall/award[]
TRACE 2016-11-07 13:16:01# mall/award[]
TRACE 2016-11-07 13:17:01# mall/award[]
TRACE 2016-11-07 13:18:01# mall/award[]
TRACE 2016-11-07 13:19:01# mall/award[]
TRACE 2016-11-07 13:20:01# mall/award[]
TRACE 2016-11-07 13:21:01# mall/award[]
TRACE 2016-11-07 13:22:01# mall/award[]
TRACE 2016-11-07 13:23:01# mall/award[]
TRACE 2016-11-07 13:24:01# mall/award[]
TRACE 2016-11-07 13:25:01# mall/award[]
TRACE 2016-11-07 13:26:01# mall/award[]
TRACE 2016-11-07 13:27:01# mall/award[]
TRACE 2016-11-07 13:28:01# mall/award[]
TRACE 2016-11-07 13:29:01# mall/award[]
TRACE 2016-11-07 13:30:01# mall/award[]
TRACE 2016-11-07 13:31:01# mall/award[]
TRACE 2016-11-07 13:32:01# mall/award[]
TRACE 2016-11-07 13:33:01# mall/award[]
TRACE 2016-11-07 13:34:01# mall/award[]
TRACE 2016-11-07 13:35:01# mall/award[]
TRACE 2016-11-07 13:36:01# mall/award[]
TRACE 2016-11-07 13:36:13# mall/index[]
TRACE 2016-11-07 13:37:01# mall/award[]
TRACE 2016-11-07 13:37:09# mall/index[]
TRACE 2016-11-07 13:38:01# mall/award[]
TRACE 2016-11-07 13:38:10# mall/index[]
TRACE 2016-11-07 13:39:01# mall/award[]
TRACE 2016-11-07 13:40:01# mall/award[]
TRACE 2016-11-07 13:40:51# mall/index[]
TRACE 2016-11-07 13:41:01# mall/award[]
TRACE 2016-11-07 13:41:10# mall/index[]
TRACE 2016-11-07 13:42:01# mall/award[]
TRACE 2016-11-07 13:43:01# mall/award[]
TRACE 2016-11-07 13:44:01# mall/award[]
TRACE 2016-11-07 13:45:01# mall/award[]
TRACE 2016-11-07 13:46:01# mall/award[]
TRACE 2016-11-07 13:47:01# mall/award[]
TRACE 2016-11-07 13:48:01# mall/award[]
TRACE 2016-11-07 13:49:01# mall/award[]
TRACE 2016-11-07 13:50:01# mall/award[]
TRACE 2016-11-07 13:51:01# mall/award[]
TRACE 2016-11-07 13:52:01# mall/award[]
TRACE 2016-11-07 13:53:01# mall/award[]
TRACE 2016-11-07 13:54:01# mall/award[]
TRACE 2016-11-07 13:55:01# mall/award[]
TRACE 2016-11-07 13:56:01# mall/award[]
TRACE 2016-11-07 13:57:01# mall/award[]
TRACE 2016-11-07 13:58:01# mall/award[]
TRACE 2016-11-07 13:59:01# mall/award[]
TRACE 2016-11-07 13:59:57# mall/index[]
TRACE 2016-11-07 14:00:01# mall/award[]
TRACE 2016-11-07 14:00:28# mall/index[]
TRACE 2016-11-07 14:01:01# mall/award[]
TRACE 2016-11-07 14:02:02# mall/award[]
TRACE 2016-11-07 14:03:01# mall/award[]
TRACE 2016-11-07 14:04:01# mall/award[]
TRACE 2016-11-07 14:05:01# mall/award[]
TRACE 2016-11-07 14:06:01# mall/award[]
TRACE 2016-11-07 14:07:01# mall/award[]
TRACE 2016-11-07 14:08:01# mall/award[]
TRACE 2016-11-07 14:09:01# mall/award[]
TRACE 2016-11-07 14:10:01# mall/award[]
TRACE 2016-11-07 14:11:01# mall/award[]
TRACE 2016-11-07 14:12:01# mall/award[]
TRACE 2016-11-07 14:13:01# mall/award[]
TRACE 2016-11-07 14:14:01# mall/award[]
TRACE 2016-11-07 14:15:01# mall/award[]
TRACE 2016-11-07 14:16:01# mall/award[]
TRACE 2016-11-07 14:16:43# mall/index[]
TRACE 2016-11-07 14:16:49# mall/product[]
TRACE 2016-11-07 14:16:57# mall/product[]
TRACE 2016-11-07 14:17:01# mall/award[]
TRACE 2016-11-07 14:17:02# mall/product{"category_id":"1"}
TRACE 2016-11-07 14:17:05# mall/product{"category_id":"2"}
TRACE 2016-11-07 14:17:12# mall/product{"category_id":"1"}
TRACE 2016-11-07 14:17:14# mall/product{"category_id":"2"}
TRACE 2016-11-07 14:18:01# mall/award[]
TRACE 2016-11-07 14:19:01# mall/award[]
TRACE 2016-11-07 14:19:04# mall/disclose[]
TRACE 2016-11-07 14:19:05# mall/product[]
TRACE 2016-11-07 14:19:07# member/display-order-list[]
TRACE 2016-11-07 14:19:08# mall/index[]
TRACE 2016-11-07 14:19:12# mall/detail{"id":"1"}
TRACE 2016-11-07 14:19:14# mall/disclose[]
TRACE 2016-11-07 14:19:14# mall/disclose[]
TRACE 2016-11-07 14:19:14# mall/disclose[]
TRACE 2016-11-07 14:19:14# mall/disclose[]
TRACE 2016-11-07 14:19:22# mall/detail{"id":"1"}
TRACE 2016-11-07 14:19:32# mall/product{"query":"\u82f9\u679c"}
TRACE 2016-11-07 14:19:42# mall/product
TRACE 2016-11-07 14:19:44# mall/product{"query":"QQ\u4f1a\u5458"}
TRACE 2016-11-07 14:19:54# mall/product{"query":"QQ??????"}
TRACE 2016-11-07 14:20:01# mall/award[]
TRACE 2016-11-07 14:20:06# mall/index[]
TRACE 2016-11-07 14:20:34# mall/index[]
TRACE 2016-11-07 14:20:58# user-passport/login-view[]
TRACE 2016-11-07 14:21:01# mall/award[]
TRACE 2016-11-07 14:22:01# mall/award[]
TRACE 2016-11-07 14:23:01# mall/award[]
TRACE 2016-11-07 14:24:01# mall/award[]
TRACE 2016-11-07 14:25:01# mall/award[]
TRACE 2016-11-07 14:26:01# mall/award[]
TRACE 2016-11-07 14:26:30# mall/index[]
TRACE 2016-11-07 14:27:01# mall/award[]
TRACE 2016-11-07 14:28:01# mall/award[]
TRACE 2016-11-07 14:28:59# mall/index[]
TRACE 2016-11-07 14:29:01# mall/award[]
TRACE 2016-11-07 14:30:01# mall/award[]
TRACE 2016-11-07 14:31:01# mall/award[]
TRACE 2016-11-07 14:31:10# mall/index[]
TRACE 2016-11-07 14:31:48# mall/index[]
TRACE 2016-11-07 14:32:01# mall/award[]
TRACE 2016-11-07 14:33:01# mall/award[]
TRACE 2016-11-07 14:34:01# mall/award[]
TRACE 2016-11-07 14:35:01# mall/award[]
TRACE 2016-11-07 14:36:01# mall/award[]
TRACE 2016-11-07 14:36:16# mall/index[]
TRACE 2016-11-07 14:36:32# mall/index[]
TRACE 2016-11-07 14:37:01# mall/award[]
TRACE 2016-11-07 14:37:48# mall/index[]
TRACE 2016-11-07 14:38:01# mall/award[]
TRACE 2016-11-07 14:38:07# mall/index[]
TRACE 2016-11-07 14:39:01# mall/award[]
TRACE 2016-11-07 14:39:10# mall/index[]
TRACE 2016-11-07 14:40:01# mall/award[]
TRACE 2016-11-07 14:40:05# mall/index[]
TRACE 2016-11-07 14:41:01# mall/award[]
TRACE 2016-11-07 14:41:43# mall/index[]
TRACE 2016-11-07 14:41:49# mall/index[]
TRACE 2016-11-07 14:42:01# mall/award[]
TRACE 2016-11-07 14:43:01# mall/award[]
TRACE 2016-11-07 14:43:31# mall/index[]
TRACE 2016-11-07 14:44:01# mall/award[]
TRACE 2016-11-07 14:45:02# mall/award[]
TRACE 2016-11-07 14:46:01# mall/award[]
TRACE 2016-11-07 14:47:01# mall/award[]
TRACE 2016-11-07 14:47:03# mall/index[]
TRACE 2016-11-07 14:47:24# mall/index[]
TRACE 2016-11-07 14:48:01# mall/award[]
TRACE 2016-11-07 14:49:01# mall/award[]
TRACE 2016-11-07 14:50:01# mall/award[]
TRACE 2016-11-07 14:51:01# mall/award[]
TRACE 2016-11-07 14:52:01# mall/award[]
TRACE 2016-11-07 14:53:01# mall/award[]
TRACE 2016-11-07 14:54:01# mall/award[]
TRACE 2016-11-07 14:55:01# mall/award[]
TRACE 2016-11-07 14:56:01# mall/award[]
TRACE 2016-11-07 14:57:01# mall/award[]
TRACE 2016-11-07 14:57:47# mall/index[]
TRACE 2016-11-07 14:58:01# mall/award[]
TRACE 2016-11-07 14:59:01# mall/award[]
TRACE 2016-11-07 15:00:01# mall/award[]
TRACE 2016-11-07 15:01:01# mall/award[]
TRACE 2016-11-07 15:02:01# mall/award[]
TRACE 2016-11-07 15:03:02# mall/award[]
TRACE 2016-11-07 15:03:22# mall/index[]
TRACE 2016-11-07 15:04:01# mall/award[]
TRACE 2016-11-07 15:05:01# mall/award[]
TRACE 2016-11-07 15:05:45# mall/index[]
TRACE 2016-11-07 15:06:01# mall/award[]
TRACE 2016-11-07 15:07:01# mall/award[]
TRACE 2016-11-07 15:08:01# mall/award[]
TRACE 2016-11-07 15:09:01# mall/award[]
TRACE 2016-11-07 15:10:01# mall/award[]
TRACE 2016-11-07 15:11:01# mall/award[]
TRACE 2016-11-07 15:11:24# mall/index[]
TRACE 2016-11-07 15:12:01# mall/award[]
TRACE 2016-11-07 15:13:01# mall/award[]
TRACE 2016-11-07 15:14:01# mall/award[]
TRACE 2016-11-07 15:15:01# mall/award[]
TRACE 2016-11-07 15:16:01# mall/award[]
TRACE 2016-11-07 15:17:01# mall/award[]
TRACE 2016-11-07 15:18:02# mall/award[]
TRACE 2016-11-07 15:19:01# mall/award[]
TRACE 2016-11-07 15:20:01# mall/award[]
TRACE 2016-11-07 15:21:01# mall/award[]
TRACE 2016-11-07 15:22:01# mall/award[]
TRACE 2016-11-07 15:23:01# mall/award[]
TRACE 2016-11-07 15:24:01# mall/award[]
TRACE 2016-11-07 15:24:08# mall/index[]
TRACE 2016-11-07 15:25:01# mall/award[]
TRACE 2016-11-07 15:26:01# mall/award[]
TRACE 2016-11-07 15:27:01# mall/award[]
TRACE 2016-11-07 15:27:04# mall/index[]
TRACE 2016-11-07 15:28:01# mall/award[]
TRACE 2016-11-07 15:28:51# mall/index[]
TRACE 2016-11-07 15:29:01# mall/award[]
TRACE 2016-11-07 15:30:01# mall/award[]
TRACE 2016-11-07 15:31:01# mall/award[]
TRACE 2016-11-07 15:32:01# mall/award[]
TRACE 2016-11-07 15:33:01# mall/award[]
TRACE 2016-11-07 15:34:01# mall/award[]
TRACE 2016-11-07 15:35:02# mall/award[]
TRACE 2016-11-07 15:36:01# mall/award[]
TRACE 2016-11-07 15:37:01# mall/award[]
TRACE 2016-11-07 15:38:01# mall/award[]
TRACE 2016-11-07 15:39:01# mall/award[]
TRACE 2016-11-07 15:40:01# mall/award[]
TRACE 2016-11-07 15:40:37# mall/index[]
TRACE 2016-11-07 15:41:01# mall/award[]
TRACE 2016-11-07 15:42:01# mall/award[]
TRACE 2016-11-07 15:43:01# mall/award[]
TRACE 2016-11-07 15:43:02# mall/index[]
TRACE 2016-11-07 15:43:38# mall/index[]
TRACE 2016-11-07 15:44:01# mall/award[]
TRACE 2016-11-07 15:45:01# mall/award[]
TRACE 2016-11-07 15:46:01# mall/award[]
TRACE 2016-11-07 15:47:01# mall/award[]
TRACE 2016-11-07 15:48:01# mall/award[]
TRACE 2016-11-07 15:49:01# mall/award[]
TRACE 2016-11-07 15:50:01# mall/award[]
TRACE 2016-11-07 15:51:01# mall/award[]
TRACE 2016-11-07 15:51:43# mall/index[]
TRACE 2016-11-07 15:52:01# mall/award[]
TRACE 2016-11-07 15:53:01# mall/award[]
TRACE 2016-11-07 15:53:10# mall/index[]
TRACE 2016-11-07 15:53:41# mall/index[]
TRACE 2016-11-07 15:54:01# mall/award[]
TRACE 2016-11-07 15:54:43# mall/index[]
TRACE 2016-11-07 15:55:01# mall/award[]
TRACE 2016-11-07 15:56:01# mall/award[]
TRACE 2016-11-07 15:57:01# mall/award[]
TRACE 2016-11-07 15:58:01# mall/award[]
TRACE 2016-11-07 15:59:01# mall/award[]
TRACE 2016-11-07 16:00:01# mall/award[]
TRACE 2016-11-07 16:01:01# mall/award[]
TRACE 2016-11-07 16:02:01# mall/award[]
TRACE 2016-11-07 16:03:01# mall/award[]
TRACE 2016-11-07 16:04:01# mall/award[]
TRACE 2016-11-07 16:05:01# mall/award[]
TRACE 2016-11-07 16:06:01# mall/award[]
TRACE 2016-11-07 16:06:07# mall/index[]
TRACE 2016-11-07 16:07:01# mall/award[]
TRACE 2016-11-07 16:07:54# mall/index[]
TRACE 2016-11-07 16:08:01# mall/award[]
TRACE 2016-11-07 16:09:01# mall/award[]
TRACE 2016-11-07 16:10:01# mall/award[]
TRACE 2016-11-07 16:10:21# mall/index[]
TRACE 2016-11-07 16:10:33# mall/index[]
TRACE 2016-11-07 16:10:48# mall/index[]
TRACE 2016-11-07 16:10:53# mall/index[]
TRACE 2016-11-07 16:11:01# mall/award[]
TRACE 2016-11-07 16:11:04# mall/index[]
TRACE 2016-11-07 16:11:22# mall/index[]
TRACE 2016-11-07 16:11:24# mall/index[]
TRACE 2016-11-07 16:12:01# mall/award[]
TRACE 2016-11-07 16:13:01# mall/award[]
TRACE 2016-11-07 16:13:47# mall/index[]
TRACE 2016-11-07 16:14:01# mall/award[]
TRACE 2016-11-07 16:15:01# mall/award[]
TRACE 2016-11-07 16:16:01# mall/award[]
TRACE 2016-11-07 16:17:01# mall/award[]
TRACE 2016-11-07 16:18:01# mall/award[]
TRACE 2016-11-07 16:19:01# mall/award[]
TRACE 2016-11-07 16:20:01# mall/award[]
TRACE 2016-11-07 16:20:45# mall/index[]
TRACE 2016-11-07 16:21:01# mall/award[]
TRACE 2016-11-07 16:22:01# mall/award[]
TRACE 2016-11-07 16:22:43# mall/index[]
TRACE 2016-11-07 16:23:01# mall/award[]
TRACE 2016-11-07 16:24:01# mall/award[]
TRACE 2016-11-07 16:25:01# mall/award[]
TRACE 2016-11-07 16:26:01# mall/award[]
TRACE 2016-11-07 16:27:01# mall/award[]
TRACE 2016-11-07 16:28:01# mall/award[]
TRACE 2016-11-07 16:29:02# mall/award[]
TRACE 2016-11-07 16:30:01# mall/award[]
TRACE 2016-11-07 16:31:01# mall/award[]
TRACE 2016-11-07 16:32:01# mall/award[]
TRACE 2016-11-07 16:33:01# mall/award[]
TRACE 2016-11-07 16:34:01# mall/award[]
TRACE 2016-11-07 16:35:01# mall/award[]
TRACE 2016-11-07 16:36:01# mall/award[]
TRACE 2016-11-07 16:37:01# mall/award[]
TRACE 2016-11-07 16:38:01# mall/award[]
TRACE 2016-11-07 16:39:01# mall/award[]
TRACE 2016-11-07 16:40:01# mall/award[]
TRACE 2016-11-07 16:41:01# mall/award[]
TRACE 2016-11-07 16:42:01# mall/award[]
TRACE 2016-11-07 16:43:01# mall/award[]
TRACE 2016-11-07 16:44:01# mall/award[]
TRACE 2016-11-07 16:45:01# mall/award[]
TRACE 2016-11-07 16:46:01# mall/award[]
TRACE 2016-11-07 16:46:12# mall/index[]
TRACE 2016-11-07 16:47:01# mall/award[]
TRACE 2016-11-07 16:48:01# mall/award[]
TRACE 2016-11-07 16:48:06# mall/index[]
TRACE 2016-11-07 16:49:01# mall/award[]
TRACE 2016-11-07 16:50:01# mall/award[]
TRACE 2016-11-07 16:50:38# mall/index[]
TRACE 2016-11-07 16:51:01# mall/award[]
TRACE 2016-11-07 16:52:01# mall/award[]
TRACE 2016-11-07 16:53:01# mall/award[]
TRACE 2016-11-07 16:54:01# mall/award[]
TRACE 2016-11-07 16:55:01# mall/award[]
TRACE 2016-11-07 16:56:01# mall/award[]
TRACE 2016-11-07 16:57:01# mall/award[]
TRACE 2016-11-07 16:58:01# mall/award[]
TRACE 2016-11-07 16:59:01# mall/award[]
TRACE 2016-11-07 17:00:01# mall/award[]
TRACE 2016-11-07 17:01:01# mall/award[]
TRACE 2016-11-07 17:02:01# mall/award[]
TRACE 2016-11-07 17:03:02# mall/award[]
TRACE 2016-11-07 17:04:01# mall/award[]
TRACE 2016-11-07 17:05:01# mall/award[]
TRACE 2016-11-07 17:06:01# mall/award[]
TRACE 2016-11-07 17:07:01# mall/award[]
TRACE 2016-11-07 17:08:01# mall/award[]
TRACE 2016-11-07 17:09:01# mall/award[]
TRACE 2016-11-07 17:10:01# mall/award[]
TRACE 2016-11-07 17:11:01# mall/award[]
TRACE 2016-11-07 17:12:02# mall/award[]
TRACE 2016-11-07 17:13:01# mall/award[]
TRACE 2016-11-07 17:14:01# mall/award[]
TRACE 2016-11-07 17:15:00# mall/index[]
TRACE 2016-11-07 17:15:01# mall/award[]
TRACE 2016-11-07 17:16:01# mall/award[]
TRACE 2016-11-07 17:16:55# mall/index[]
TRACE 2016-11-07 17:17:01# mall/award[]
TRACE 2016-11-07 17:17:29# mall/index[]
TRACE 2016-11-07 17:18:01# mall/award[]
TRACE 2016-11-07 17:19:01# mall/award[]
TRACE 2016-11-07 17:20:01# mall/award[]
TRACE 2016-11-07 17:21:02# mall/award[]
TRACE 2016-11-07 17:22:01# mall/award[]
TRACE 2016-11-07 17:23:01# mall/award[]
TRACE 2016-11-07 17:24:01# mall/award[]
TRACE 2016-11-07 17:25:01# mall/award[]
TRACE 2016-11-07 17:26:01# mall/award[]
TRACE 2016-11-07 17:27:01# mall/award[]
TRACE 2016-11-07 17:28:01# mall/award[]
TRACE 2016-11-07 17:29:01# mall/award[]
TRACE 2016-11-07 17:30:01# mall/award[]
TRACE 2016-11-07 17:31:01# mall/award[]
TRACE 2016-11-07 17:32:01# mall/award[]
TRACE 2016-11-07 17:33:01# mall/award[]
TRACE 2016-11-07 17:34:01# mall/award[]
TRACE 2016-11-07 17:35:01# mall/award[]
TRACE 2016-11-07 17:36:01# mall/award[]
TRACE 2016-11-07 17:36:07# mall/index[]
TRACE 2016-11-07 17:37:01# mall/award[]
TRACE 2016-11-07 17:38:01# mall/award[]
TRACE 2016-11-07 17:39:01# mall/award[]
TRACE 2016-11-07 17:40:01# mall/award[]
TRACE 2016-11-07 17:41:01# mall/award[]
TRACE 2016-11-07 17:42:01# mall/award[]
TRACE 2016-11-07 17:43:01# mall/award[]
TRACE 2016-11-07 17:44:01# mall/award[]
TRACE 2016-11-07 17:45:01# mall/award[]
TRACE 2016-11-07 17:46:01# mall/award[]
TRACE 2016-11-07 17:47:01# mall/award[]
TRACE 2016-11-07 17:48:01# mall/award[]
TRACE 2016-11-07 17:49:01# mall/award[]
TRACE 2016-11-07 17:50:01# mall/award[]
TRACE 2016-11-07 17:50:55# mall/index[]
TRACE 2016-11-07 17:51:01# mall/award[]
TRACE 2016-11-07 17:51:28# mall/index[]
TRACE 2016-11-07 17:52:01# mall/award[]
TRACE 2016-11-07 17:53:01# mall/award[]
TRACE 2016-11-07 17:54:01# mall/award[]
TRACE 2016-11-07 17:55:01# mall/award[]
TRACE 2016-11-07 17:56:01# mall/award[]
TRACE 2016-11-07 17:57:02# mall/award[]
TRACE 2016-11-07 17:58:01# mall/award[]
TRACE 2016-11-07 17:59:01# mall/award[]
TRACE 2016-11-07 18:00:01# mall/award[]
TRACE 2016-11-07 18:01:01# mall/award[]
TRACE 2016-11-07 18:02:01# mall/award[]
TRACE 2016-11-07 18:03:01# mall/award[]
TRACE 2016-11-07 18:04:01# mall/award[]
TRACE 2016-11-07 18:04:29# mall/index[]
TRACE 2016-11-07 18:05:02# mall/award[]
TRACE 2016-11-07 18:06:01# mall/award[]
TRACE 2016-11-07 18:06:40# mall/index[]
TRACE 2016-11-07 18:07:01# mall/award[]
TRACE 2016-11-07 18:08:01# mall/award[]
TRACE 2016-11-07 18:09:01# mall/award[]
TRACE 2016-11-07 18:09:33# mall/index[]
TRACE 2016-11-07 18:10:01# mall/award[]
TRACE 2016-11-07 18:10:21# mall/index[]
TRACE 2016-11-07 18:11:01# mall/award[]
TRACE 2016-11-07 18:12:01# mall/award[]
TRACE 2016-11-07 18:12:31# mall/index[]
TRACE 2016-11-07 18:13:01# mall/award[]
TRACE 2016-11-07 18:14:01# mall/award[]
TRACE 2016-11-07 18:15:02# mall/award[]
TRACE 2016-11-07 18:16:01# mall/award[]
TRACE 2016-11-07 18:17:01# mall/award[]
TRACE 2016-11-07 18:18:01# mall/award[]
TRACE 2016-11-07 18:19:01# mall/award[]
TRACE 2016-11-07 18:20:01# mall/award[]
TRACE 2016-11-07 18:21:01# mall/award[]
TRACE 2016-11-07 18:22:01# mall/award[]
TRACE 2016-11-07 18:23:01# mall/award[]
TRACE 2016-11-07 18:24:01# mall/award[]
TRACE 2016-11-07 18:25:01# mall/award[]
TRACE 2016-11-07 18:26:01# mall/award[]
TRACE 2016-11-07 18:27:01# mall/award[]
TRACE 2016-11-07 18:28:01# mall/award[]
TRACE 2016-11-07 18:28:24# mall/index[]
TRACE 2016-11-07 18:28:48# mall/index[]
TRACE 2016-11-07 18:29:01# mall/award[]
TRACE 2016-11-07 18:29:05# mall/index[]
TRACE 2016-11-07 18:29:36# mall/index[]
TRACE 2016-11-07 18:29:38# mall/index[]
TRACE 2016-11-07 18:29:39# mall/index[]
TRACE 2016-11-07 18:30:01# mall/award[]
TRACE 2016-11-07 18:31:01# mall/award[]
TRACE 2016-11-07 18:32:02# mall/award[]
TRACE 2016-11-07 18:33:01# mall/award[]
TRACE 2016-11-07 18:34:01# mall/award[]
TRACE 2016-11-07 18:35:01# mall/award[]
TRACE 2016-11-07 18:35:51# mall/index[]
TRACE 2016-11-07 18:36:01# mall/award[]
TRACE 2016-11-07 18:37:01# mall/award[]
TRACE 2016-11-07 18:38:01# mall/award[]
TRACE 2016-11-07 18:39:01# mall/award[]
TRACE 2016-11-07 18:40:01# mall/award[]
TRACE 2016-11-07 18:41:01# mall/award[]
TRACE 2016-11-07 18:42:01# mall/award[]
TRACE 2016-11-07 18:43:01# mall/award[]
TRACE 2016-11-07 18:44:01# mall/award[]
TRACE 2016-11-07 18:44:47# mall/index[]
TRACE 2016-11-07 18:45:01# mall/award[]
TRACE 2016-11-07 18:46:01# mall/award[]
TRACE 2016-11-07 18:47:01# mall/award[]
TRACE 2016-11-07 18:48:01# mall/award[]
TRACE 2016-11-07 18:49:01# mall/award[]
TRACE 2016-11-07 18:50:01# mall/award[]
TRACE 2016-11-07 18:51:01# mall/award[]
TRACE 2016-11-07 18:52:01# mall/award[]
TRACE 2016-11-07 18:53:02# mall/award[]
TRACE 2016-11-07 18:53:17# mall/index[]
TRACE 2016-11-07 18:53:17# mall/index[]
TRACE 2016-11-07 18:54:01# mall/award[]
TRACE 2016-11-07 18:55:01# mall/award[]
TRACE 2016-11-07 18:56:01# mall/award[]
TRACE 2016-11-07 18:57:01# mall/award[]
TRACE 2016-11-07 18:58:01# mall/award[]
TRACE 2016-11-07 18:59:01# mall/award[]
TRACE 2016-11-07 19:00:01# mall/award[]
TRACE 2016-11-07 19:01:01# mall/award[]
TRACE 2016-11-07 19:02:01# mall/award[]
TRACE 2016-11-07 19:03:01# mall/award[]
TRACE 2016-11-07 19:04:01# mall/award[]
TRACE 2016-11-07 19:04:34# mall/index[]
TRACE 2016-11-07 19:05:01# mall/award[]
TRACE 2016-11-07 19:06:01# mall/award[]
TRACE 2016-11-07 19:07:01# mall/award[]
TRACE 2016-11-07 19:07:53# mall/index[]
TRACE 2016-11-07 19:08:01# mall/award[]
TRACE 2016-11-07 19:09:01# mall/award[]
TRACE 2016-11-07 19:10:01# mall/award[]
TRACE 2016-11-07 19:11:01# mall/award[]
TRACE 2016-11-07 19:12:01# mall/award[]
TRACE 2016-11-07 19:13:01# mall/award[]
TRACE 2016-11-07 19:14:01# mall/award[]
TRACE 2016-11-07 19:15:01# mall/award[]
TRACE 2016-11-07 19:16:01# mall/award[]
TRACE 2016-11-07 19:17:01# mall/award[]
TRACE 2016-11-07 19:18:01# mall/award[]
TRACE 2016-11-07 19:19:01# mall/award[]
TRACE 2016-11-07 19:20:01# mall/award[]
TRACE 2016-11-07 19:21:01# mall/award[]
TRACE 2016-11-07 19:22:01# mall/award[]
TRACE 2016-11-07 19:23:01# mall/award[]
TRACE 2016-11-07 19:24:01# mall/award[]
TRACE 2016-11-07 19:25:01# mall/award[]
TRACE 2016-11-07 19:25:13# mall/index[]
TRACE 2016-11-07 19:25:22# mall/index[]
TRACE 2016-11-07 19:25:35# mall/index[]
TRACE 2016-11-07 19:25:48# mall/index[]
TRACE 2016-11-07 19:26:01# mall/award[]
TRACE 2016-11-07 19:26:09# mall/index[]
TRACE 2016-11-07 19:27:01# mall/award[]
TRACE 2016-11-07 19:28:01# mall/award[]
TRACE 2016-11-07 19:29:01# mall/award[]
TRACE 2016-11-07 19:30:01# mall/award[]
TRACE 2016-11-07 19:30:06# mall/index[]
TRACE 2016-11-07 19:31:02# mall/award[]
TRACE 2016-11-07 19:32:01# mall/award[]
TRACE 2016-11-07 19:33:01# mall/award[]
TRACE 2016-11-07 19:34:01# mall/award[]
TRACE 2016-11-07 19:35:01# mall/award[]
TRACE 2016-11-07 19:36:01# mall/award[]
TRACE 2016-11-07 19:37:01# mall/award[]
TRACE 2016-11-07 19:38:01# mall/award[]
TRACE 2016-11-07 19:39:01# mall/award[]
TRACE 2016-11-07 19:40:01# mall/award[]
TRACE 2016-11-07 19:41:01# mall/award[]
TRACE 2016-11-07 19:42:01# mall/award[]
TRACE 2016-11-07 19:42:04# mall/index[]
TRACE 2016-11-07 19:43:02# mall/award[]
TRACE 2016-11-07 19:44:01# mall/award[]
TRACE 2016-11-07 19:45:01# mall/award[]
TRACE 2016-11-07 19:46:01# mall/award[]
TRACE 2016-11-07 19:47:01# mall/award[]
TRACE 2016-11-07 19:47:07# mall/index[]
TRACE 2016-11-07 19:48:01# mall/award[]
TRACE 2016-11-07 19:49:01# mall/award[]
TRACE 2016-11-07 19:50:01# mall/award[]
TRACE 2016-11-07 19:51:01# mall/award[]
TRACE 2016-11-07 19:52:02# mall/award[]
TRACE 2016-11-07 19:53:01# mall/award[]
TRACE 2016-11-07 19:53:09# mall/index[]
TRACE 2016-11-07 19:53:13# mall/index[]
TRACE 2016-11-07 19:54:01# mall/award[]
TRACE 2016-11-07 19:55:01# mall/award[]
TRACE 2016-11-07 19:55:46# mall/index[]
TRACE 2016-11-07 19:56:01# mall/award[]
TRACE 2016-11-07 19:57:01# mall/award[]
TRACE 2016-11-07 19:57:44# mall/index[]
TRACE 2016-11-07 19:58:01# mall/award[]
TRACE 2016-11-07 19:59:01# mall/award[]
TRACE 2016-11-07 20:00:01# mall/award[]
TRACE 2016-11-07 20:01:01# mall/award[]
TRACE 2016-11-07 20:02:01# mall/award[]
TRACE 2016-11-07 20:03:01# mall/award[]
TRACE 2016-11-07 20:04:01# mall/award[]
TRACE 2016-11-07 20:05:01# mall/award[]
TRACE 2016-11-07 20:06:01# mall/award[]
TRACE 2016-11-07 20:07:01# mall/award[]
TRACE 2016-11-07 20:08:01# mall/award[]
TRACE 2016-11-07 20:09:01# mall/award[]
TRACE 2016-11-07 20:10:01# mall/award[]
TRACE 2016-11-07 20:11:01# mall/award[]
TRACE 2016-11-07 20:12:01# mall/award[]
TRACE 2016-11-07 20:13:01# mall/award[]
TRACE 2016-11-07 20:14:01# mall/award[]
TRACE 2016-11-07 20:15:01# mall/award[]
TRACE 2016-11-07 20:16:01# mall/award[]
TRACE 2016-11-07 20:17:01# mall/award[]
TRACE 2016-11-07 20:18:01# mall/award[]
TRACE 2016-11-07 20:19:01# mall/award[]
TRACE 2016-11-07 20:20:01# mall/award[]
TRACE 2016-11-07 20:21:01# mall/award[]
TRACE 2016-11-07 20:22:01# mall/award[]
TRACE 2016-11-07 20:23:01# mall/award[]
TRACE 2016-11-07 20:24:01# mall/award[]
TRACE 2016-11-07 20:25:01# mall/award[]
TRACE 2016-11-07 20:25:10# mall/index[]
TRACE 2016-11-07 20:26:01# mall/award[]
TRACE 2016-11-07 20:27:01# mall/award[]
TRACE 2016-11-07 20:28:01# mall/award[]
TRACE 2016-11-07 20:29:01# mall/award[]
TRACE 2016-11-07 20:30:01# mall/award[]
TRACE 2016-11-07 20:31:01# mall/award[]
TRACE 2016-11-07 20:32:01# mall/award[]
TRACE 2016-11-07 20:33:01# mall/award[]
TRACE 2016-11-07 20:34:01# mall/award[]
TRACE 2016-11-07 20:35:01# mall/award[]
TRACE 2016-11-07 20:36:01# mall/award[]
TRACE 2016-11-07 20:37:01# mall/award[]
TRACE 2016-11-07 20:38:01# mall/award[]
TRACE 2016-11-07 20:39:01# mall/award[]
TRACE 2016-11-07 20:40:01# mall/award[]
TRACE 2016-11-07 20:41:01# mall/award[]
TRACE 2016-11-07 20:42:01# mall/award[]
TRACE 2016-11-07 20:43:01# mall/award[]
TRACE 2016-11-07 20:44:01# mall/award[]
TRACE 2016-11-07 20:45:01# mall/award[]
TRACE 2016-11-07 20:45:21# mall/index[]
TRACE 2016-11-07 20:46:01# mall/award[]
TRACE 2016-11-07 20:47:01# mall/award[]
TRACE 2016-11-07 20:48:01# mall/award[]
TRACE 2016-11-07 20:49:01# mall/award[]
TRACE 2016-11-07 20:50:01# mall/award[]
TRACE 2016-11-07 20:51:01# mall/award[]
TRACE 2016-11-07 20:51:46# mall/index[]
TRACE 2016-11-07 20:52:01# mall/award[]
TRACE 2016-11-07 20:53:01# mall/award[]
TRACE 2016-11-07 20:54:01# mall/award[]
TRACE 2016-11-07 20:55:01# mall/award[]
TRACE 2016-11-07 20:56:01# mall/award[]
TRACE 2016-11-07 20:57:01# mall/award[]
TRACE 2016-11-07 20:58:01# mall/award[]
TRACE 2016-11-07 20:59:01# mall/award[]
TRACE 2016-11-07 21:00:01# mall/award[]
TRACE 2016-11-07 21:01:01# mall/award[]
TRACE 2016-11-07 21:02:01# mall/award[]
TRACE 2016-11-07 21:03:01# mall/award[]
TRACE 2016-11-07 21:04:01# mall/award[]
TRACE 2016-11-07 21:05:01# mall/award[]
TRACE 2016-11-07 21:06:01# mall/award[]
TRACE 2016-11-07 21:07:01# mall/award[]
TRACE 2016-11-07 21:08:01# mall/award[]
TRACE 2016-11-07 21:09:01# mall/award[]
TRACE 2016-11-07 21:09:12# mall/index[]
TRACE 2016-11-07 21:10:01# mall/award[]
TRACE 2016-11-07 21:11:02# mall/award[]
TRACE 2016-11-07 21:12:01# mall/award[]
TRACE 2016-11-07 21:13:01# mall/award[]
TRACE 2016-11-07 21:14:01# mall/award[]
TRACE 2016-11-07 21:15:01# mall/award[]
TRACE 2016-11-07 21:16:01# mall/award[]
TRACE 2016-11-07 21:17:01# mall/award[]
TRACE 2016-11-07 21:17:37# mall/index[]
TRACE 2016-11-07 21:18:01# mall/award[]
TRACE 2016-11-07 21:19:01# mall/award[]
TRACE 2016-11-07 21:19:59# mall/index[]
TRACE 2016-11-07 21:20:01# mall/award[]
TRACE 2016-11-07 21:21:01# mall/award[]
TRACE 2016-11-07 21:22:02# mall/award[]
TRACE 2016-11-07 21:23:01# mall/award[]
TRACE 2016-11-07 21:24:01# mall/award[]
TRACE 2016-11-07 21:25:01# mall/award[]
TRACE 2016-11-07 21:26:01# mall/award[]
TRACE 2016-11-07 21:27:01# mall/award[]
TRACE 2016-11-07 21:28:01# mall/award[]
TRACE 2016-11-07 21:29:01# mall/award[]
TRACE 2016-11-07 21:30:01# mall/award[]
TRACE 2016-11-07 21:31:01# mall/award[]
TRACE 2016-11-07 21:32:01# mall/award[]
TRACE 2016-11-07 21:33:01# mall/award[]
TRACE 2016-11-07 21:34:01# mall/award[]
TRACE 2016-11-07 21:35:01# mall/award[]
TRACE 2016-11-07 21:36:01# mall/index[]
TRACE 2016-11-07 21:36:01# mall/award[]
TRACE 2016-11-07 21:37:01# mall/award[]
TRACE 2016-11-07 21:38:01# mall/award[]
TRACE 2016-11-07 21:39:01# mall/award[]
TRACE 2016-11-07 21:40:01# mall/award[]
TRACE 2016-11-07 21:41:01# mall/award[]
TRACE 2016-11-07 21:42:01# mall/award[]
TRACE 2016-11-07 21:43:01# mall/award[]
TRACE 2016-11-07 21:44:01# mall/award[]
TRACE 2016-11-07 21:45:01# mall/award[]
TRACE 2016-11-07 21:46:01# mall/award[]
TRACE 2016-11-07 21:47:01# mall/award[]
TRACE 2016-11-07 21:48:01# mall/award[]
TRACE 2016-11-07 21:48:49# mall/index[]
TRACE 2016-11-07 21:49:01# mall/award[]
TRACE 2016-11-07 21:50:01# mall/award[]
TRACE 2016-11-07 21:51:01# mall/award[]
TRACE 2016-11-07 21:52:01# mall/award[]
TRACE 2016-11-07 21:53:01# mall/award[]
TRACE 2016-11-07 21:54:01# mall/award[]
TRACE 2016-11-07 21:55:01# mall/award[]
TRACE 2016-11-07 21:56:01# mall/award[]
TRACE 2016-11-07 21:57:01# mall/award[]
TRACE 2016-11-07 21:58:01# mall/award[]
TRACE 2016-11-07 21:58:10# mall/index[]
TRACE 2016-11-07 21:58:12# mall/index[]
TRACE 2016-11-07 21:59:01# mall/award[]
TRACE 2016-11-07 21:59:03# mall/index[]
TRACE 2016-11-07 22:00:01# mall/award[]
TRACE 2016-11-07 22:01:01# mall/award[]
TRACE 2016-11-07 22:02:01# mall/award[]
TRACE 2016-11-07 22:03:01# mall/award[]
TRACE 2016-11-07 22:04:01# mall/award[]
TRACE 2016-11-07 22:05:01# mall/award[]
TRACE 2016-11-07 22:06:01# mall/award[]
TRACE 2016-11-07 22:07:01# mall/award[]
TRACE 2016-11-07 22:08:01# mall/award[]
TRACE 2016-11-07 22:09:01# mall/award[]
TRACE 2016-11-07 22:09:42# mall/index[]
TRACE 2016-11-07 22:10:02# mall/award[]
TRACE 2016-11-07 22:11:01# mall/award[]
TRACE 2016-11-07 22:12:01# mall/award[]
TRACE 2016-11-07 22:13:01# mall/award[]
TRACE 2016-11-07 22:14:01# mall/award[]
TRACE 2016-11-07 22:15:01# mall/award[]
TRACE 2016-11-07 22:16:01# mall/award[]
TRACE 2016-11-07 22:17:01# mall/award[]
TRACE 2016-11-07 22:18:02# mall/award[]
TRACE 2016-11-07 22:19:01# mall/award[]
TRACE 2016-11-07 22:20:01# mall/award[]
TRACE 2016-11-07 22:21:01# mall/award[]
TRACE 2016-11-07 22:22:01# mall/award[]
TRACE 2016-11-07 22:23:01# mall/award[]
TRACE 2016-11-07 22:24:01# mall/award[]
TRACE 2016-11-07 22:25:01# mall/award[]
TRACE 2016-11-07 22:26:01# mall/award[]
TRACE 2016-11-07 22:27:02# mall/award[]
TRACE 2016-11-07 22:28:01# mall/award[]
TRACE 2016-11-07 22:29:01# mall/award[]
TRACE 2016-11-07 22:30:01# mall/award[]
TRACE 2016-11-07 22:30:31# mall/index[]
TRACE 2016-11-07 22:31:01# mall/award[]
TRACE 2016-11-07 22:32:01# mall/award[]
TRACE 2016-11-07 22:33:01# mall/award[]
TRACE 2016-11-07 22:34:01# mall/award[]
TRACE 2016-11-07 22:35:01# mall/award[]
TRACE 2016-11-07 22:35:59# mall/index[]
TRACE 2016-11-07 22:36:01# mall/award[]
TRACE 2016-11-07 22:37:01# mall/award[]
TRACE 2016-11-07 22:38:01# mall/award[]
TRACE 2016-11-07 22:39:01# mall/award[]
TRACE 2016-11-07 22:39:08# mall/index[]
TRACE 2016-11-07 22:40:01# mall/award[]
TRACE 2016-11-07 22:41:01# mall/award[]
TRACE 2016-11-07 22:42:01# mall/award[]
TRACE 2016-11-07 22:43:01# mall/award[]
TRACE 2016-11-07 22:44:02# mall/award[]
TRACE 2016-11-07 22:45:01# mall/award[]
TRACE 2016-11-07 22:46:01# mall/award[]
TRACE 2016-11-07 22:47:01# mall/award[]
TRACE 2016-11-07 22:48:01# mall/award[]
TRACE 2016-11-07 22:48:25# mall/index[]
TRACE 2016-11-07 22:49:01# mall/award[]
TRACE 2016-11-07 22:50:01# mall/award[]
TRACE 2016-11-07 22:51:01# mall/award[]
TRACE 2016-11-07 22:52:01# mall/award[]
TRACE 2016-11-07 22:53:02# mall/award[]
TRACE 2016-11-07 22:54:01# mall/award[]
TRACE 2016-11-07 22:55:01# mall/award[]
TRACE 2016-11-07 22:56:01# mall/award[]
TRACE 2016-11-07 22:57:01# mall/award[]
TRACE 2016-11-07 22:58:01# mall/award[]
TRACE 2016-11-07 22:59:01# mall/award[]
TRACE 2016-11-07 23:00:01# mall/award[]
TRACE 2016-11-07 23:01:01# mall/award[]
TRACE 2016-11-07 23:02:01# mall/award[]
TRACE 2016-11-07 23:03:01# mall/award[]
TRACE 2016-11-07 23:04:01# mall/award[]
TRACE 2016-11-07 23:05:01# mall/award[]
TRACE 2016-11-07 23:06:01# mall/award[]
TRACE 2016-11-07 23:07:01# mall/award[]
TRACE 2016-11-07 23:08:01# mall/award[]
TRACE 2016-11-07 23:09:01# mall/award[]
TRACE 2016-11-07 23:10:01# mall/award[]
TRACE 2016-11-07 23:11:01# mall/award[]
TRACE 2016-11-07 23:12:01# mall/award[]
TRACE 2016-11-07 23:13:01# mall/award[]
TRACE 2016-11-07 23:14:01# mall/award[]
TRACE 2016-11-07 23:15:01# mall/award[]
TRACE 2016-11-07 23:16:01# mall/award[]
TRACE 2016-11-07 23:17:01# mall/award[]
TRACE 2016-11-07 23:18:01# mall/award[]
TRACE 2016-11-07 23:19:01# mall/award[]
TRACE 2016-11-07 23:20:01# mall/award[]
TRACE 2016-11-07 23:21:01# mall/award[]
TRACE 2016-11-07 23:22:01# mall/award[]
TRACE 2016-11-07 23:23:01# mall/award[]
TRACE 2016-11-07 23:24:01# mall/award[]
TRACE 2016-11-07 23:25:01# mall/award[]
TRACE 2016-11-07 23:26:01# mall/award[]
TRACE 2016-11-07 23:27:01# mall/award[]
TRACE 2016-11-07 23:28:01# mall/award[]
TRACE 2016-11-07 23:29:01# mall/award[]
TRACE 2016-11-07 23:30:01# mall/award[]
TRACE 2016-11-07 23:31:01# mall/award[]
TRACE 2016-11-07 23:32:01# mall/award[]
TRACE 2016-11-07 23:33:02# mall/award[]
TRACE 2016-11-07 23:34:01# mall/award[]
TRACE 2016-11-07 23:35:01# mall/award[]
TRACE 2016-11-07 23:36:01# mall/award[]
TRACE 2016-11-07 23:36:28# mall/index[]
TRACE 2016-11-07 23:37:01# mall/award[]
TRACE 2016-11-07 23:38:01# mall/award[]
TRACE 2016-11-07 23:39:01# mall/award[]
TRACE 2016-11-07 23:40:01# mall/award[]
TRACE 2016-11-07 23:41:01# mall/award[]
TRACE 2016-11-07 23:42:02# mall/award[]
TRACE 2016-11-07 23:43:01# mall/award[]
TRACE 2016-11-07 23:44:01# mall/award[]
TRACE 2016-11-07 23:45:01# mall/award[]
TRACE 2016-11-07 23:46:01# mall/award[]
TRACE 2016-11-07 23:46:11# mall/index[]
TRACE 2016-11-07 23:47:01# mall/award[]
TRACE 2016-11-07 23:48:01# mall/award[]
TRACE 2016-11-07 23:49:01# mall/award[]
TRACE 2016-11-07 23:50:01# mall/award[]
TRACE 2016-11-07 23:51:01# mall/award[]
TRACE 2016-11-07 23:52:01# mall/award[]
TRACE 2016-11-07 23:52:06# mall/index[]
TRACE 2016-11-07 23:53:01# mall/award[]
TRACE 2016-11-07 23:54:01# mall/award[]
TRACE 2016-11-07 23:55:01# mall/award[]
TRACE 2016-11-07 23:56:01# mall/award[]
TRACE 2016-11-07 23:57:01# mall/award[]
TRACE 2016-11-07 23:57:06# mall/index[]
TRACE 2016-11-07 23:58:01# mall/award[]
TRACE 2016-11-07 23:59:01# mall/award[]
