TRACE 2016-08-27 08:13:44# user-passport/register-view[]
TRACE 2016-08-27 08:16:08# user-passport/login-view[]
TRACE 2016-08-27 08:23:39# user-passport/login-view[]
TRACE 2016-08-27 08:23:52# user-passport/login{"account":"18679404215","password":"123456"}
TRACE 2016-08-27 08:26:21# user-passport/login-view[]
TRACE 2016-08-27 08:26:29# user-passport/login{"account":"18679404215","password":"123456"}
TRACE 2016-08-27 08:28:45# user-passport/login-view[]
TRACE 2016-08-27 08:28:54# user-passport/login{"account":"18679404215","password":"123456"}
TRACE 2016-08-27 08:31:19# user-passport/login-view[]
TRACE 2016-08-27 08:31:26# user-passport/login{"account":"18679404215","password":"123456"}
TRACE 2016-08-27 08:31:50# user-passport/login{"account":"18679404215","password":"123456"}
TRACE 2016-08-27 08:36:45# user-passport/login{"account":"18679404215","password":"123456"}
TRACE 2016-08-27 08:37:01# user-passport/register-view[]
TRACE 2016-08-27 08:43:09# user-passport/register-view[]
TRACE 2016-08-27 08:43:27# user-passport/register{"account":"18679404215","auth_code":"123456","password":"123456","confirm_password":"123456"}
TRACE 2016-08-27 08:44:30# user-passport/register-view[]
TRACE 2016-08-27 08:44:43# user-passport/register{"account":"18679404215","auth_code":"123456","password":"123456","confirm_password":"123456"}
TRACE 2016-08-27 08:47:33# user-passport/register{"account":"18679404215","auth_code":"123456","password":"123456","confirm_password":"123456"}
TRACE 2016-08-27 08:47:42# user-passport/register{"account":"18679404216","auth_code":"123456","password":"123456","confirm_password":"123456"}
TRACE 2016-08-27 08:49:26# user-passport/register{"account":"18679404216","auth_code":"123456","password":"123456","confirm_password":"123456"}
TRACE 2016-08-27 08:52:59# user-passport/register{"account":"18679404216","auth_code":"123456","password":"123456","confirm_password":"123456"}
TRACE 2016-08-27 08:53:05# user-passport/register{"account":"18679404216","auth_code":"123456","password":"123456","confirm_password":"123456"}
TRACE 2016-08-27 08:54:07# user-passport/register{"account":"18679404216","auth_code":"123456","password":"123456","confirm_password":"123456"}
TRACE 2016-08-27 08:54:53# user-passport/register{"account":"18679404216","auth_code":"123456","password":"123456","confirm_password":"123456"}
TRACE 2016-08-27 08:55:11# user-passport/register{"account":"18679404216","auth_code":"123456","password":"123456","confirm_password":"123456"}
TRACE 2016-08-27 08:55:26# user-passport/register{"account":"18679404217","auth_code":"123456","password":"123456","confirm_password":"123456"}
TRACE 2016-08-27 08:55:41# user-passport/register-view[]
TRACE 2016-08-27 08:55:57# user-passport/register{"account":"18679421234","auth_code":"112345","password":"123456","confirm_password":"123456"}
TRACE 2016-08-27 09:02:35# user-passport/register-view[]
TRACE 2016-08-27 09:02:44# user-passport/get-code{"account":"18679404215"}
TRACE 2016-08-27 09:03:33# user-passport/get-code{"account":"18679404215"}
TRACE 2016-08-27 09:05:55# user-passport/get-code{"account":"18679404215"}
TRACE 2016-08-27 09:11:26# user-passport/login-view[]
TRACE 2016-08-27 09:18:12# user-passport/login-view[]
TRACE 2016-08-27 09:19:12# user-passport/register-view[]
TRACE 2016-08-27 09:19:20# user-passport/get-code{"account":"18679404215"}
TRACE 2016-08-27 09:20:24# user-passport/get-code{"account":"18679404215"}
TRACE 2016-08-27 09:22:19# user-passport/get-code{"account":"18679404215"}
TRACE 2016-08-27 09:23:13# user-passport/get-code{"account":"18679404215"}
TRACE 2016-08-27 09:26:54# user-passport/login-view[]
TRACE 2016-08-27 09:34:17# user-passport/login-view[]
TRACE 2016-08-27 09:34:21# user-passport/login-view[]
TRACE 2016-08-27 09:55:35# user-passport/login-view[]
TRACE 2016-08-27 09:56:13# user-passport/get-code{"account":"18679404215"}
TRACE 2016-08-27 09:57:43# user-passport/get-code{"account":"18679404215"}
TRACE 2016-08-27 09:58:47# user-passport/login-view[]
TRACE 2016-08-27 10:02:04# user-passport/login-view[]
TRACE 2016-08-27 10:14:26# user-passport/register-view[]
TRACE 2016-08-27 10:14:28# user-passport/login-view[]
TRACE 2016-08-27 10:15:09# user-passport/get-code{"account":"18679404215"}
TRACE 2016-08-27 10:26:04# user-passport/login-view[]
TRACE 2016-08-27 10:27:25# user-passport/get-code{"account":"18679404215"}
TRACE 2016-08-27 10:28:14# user-passport/register{"account":"18679404215","auth_code":"107800","password":"123456","confirm_password":"123456"}
TRACE 2016-08-27 10:30:10# user-passport/register{"account":"18679404215","auth_code":"107800","password":"123456","confirm_password":"123456"}
TRACE 2016-08-27 10:30:44# user-passport/register{"account":"18679404215","auth_code":"107800","password":"123456","confirm_password":"123456"}
TRACE 2016-08-27 10:31:44# user-passport/register{"account":"18679404215","auth_code":"107800","password":"123456","confirm_password":"123456"}
TRACE 2016-08-27 10:32:09# user-passport/register{"account":"18679404215","auth_code":"107800","password":"123456","confirm_password":"123456"}
TRACE 2016-08-27 10:32:40# user-passport/register{"account":"18679404215","auth_code":"107800","password":"123456","confirm_password":"123456"}
TRACE 2016-08-27 10:33:11# user-passport/register{"account":"18679404215","auth_code":"107800","password":"123456","confirm_password":"123456"}
TRACE 2016-08-27 10:33:29# user-passport/register{"account":"18679404215","auth_code":"107800","password":"123456","confirm_password":"123456"}
TRACE 2016-08-27 10:34:04# user-passport/register{"account":"18679404215","auth_code":"107800","password":"123456","confirm_password":"123456"}
TRACE 2016-08-27 10:35:30# user-passport/get-code{"account":"18679404215"}
TRACE 2016-08-27 10:35:45# user-passport/register{"account":"18679404215","auth_code":"445547","password":"123456","confirm_password":"123456"}
TRACE 2016-08-27 10:36:05# user-passport/register{"account":"18679404215","auth_code":"445547","password":"123456","confirm_password":"123456"}
TRACE 2016-08-27 10:36:15# user-passport/register{"account":"18679404215","auth_code":"445547","password":"123456","confirm_password":"123456"}
TRACE 2016-08-27 10:36:20# user-passport/register{"account":"18679404215","auth_code":"445547","password":"123456","confirm_password":"123456"}
TRACE 2016-08-27 10:36:37# user-passport/get-code{"account":"18679404219"}
TRACE 2016-08-27 10:36:48# user-passport/register{"account":"18679404219","auth_code":"795928","password":"123456","confirm_password":"123456"}
TRACE 2016-08-27 17:35:58# mall/index[]
TRACE 2016-08-27 17:39:42# mall/index[]
TRACE 2016-08-27 17:39:50# user-passport/login-view[]
TRACE 2016-08-27 17:39:54# user-passport/register-view[]
TRACE 2016-08-27 17:40:05# mall/index[]
TRACE 2016-08-27 17:43:49# mall/index[]
TRACE 2016-08-27 17:43:54# mall/index[]
TRACE 2016-08-27 17:57:54# mall/index[]
TRACE 2016-08-27 17:58:49# mall/index[]
TRACE 2016-08-27 17:58:51# mall/index[]
TRACE 2016-08-27 18:01:34# mall/index[]
TRACE 2016-08-27 18:09:08# mall/index[]
TRACE 2016-08-27 18:10:25# mall/index[]
TRACE 2016-08-27 18:13:08# mall/index[]
