TRACE 2016-10-20 00:45:56# mall/index[]
TRACE 2016-10-20 00:46:03# user-passport/login-view[]
TRACE 2016-10-20 00:46:15# user-passport/get-code{"account":"18610628953"}
TRACE 2016-10-20 00:46:23# user-passport/login{"account":"18610628953","auth_code":"181381"}
TRACE 2016-10-20 00:46:24# mall/index[]
TRACE 2016-10-20 00:46:38# shop-cart/list[]
TRACE 2016-10-20 00:46:49# order/create{"shop_cart_ids":"15"}
TRACE 2016-10-20 00:47:27# order/create{"shop_cart_ids":"15"}
TRACE 2016-10-20 00:49:47# order/create{"shop_cart_ids":"15"}
TRACE 2016-10-20 01:02:35# shop-cart/list[]
TRACE 2016-10-20 01:03:57# order/create{"shop_cart_ids":"14"}
TRACE 2016-10-20 01:04:53# shop-cart/list[]
TRACE 2016-10-20 01:06:11# mall/index[]
TRACE 2016-10-20 01:06:19# shop-cart/add{"indiana_good_id":"10","num":"1"}
TRACE 2016-10-20 01:06:21# shop-cart/list[]
TRACE 2016-10-20 01:06:31# order/create{"shop_cart_ids":"16"}
TRACE 2016-10-20 01:13:22# order/create{"shop_cart_ids":"16"}
TRACE 2016-10-20 01:14:16# order/create{"shop_cart_ids":"16"}
TRACE 2016-10-20 01:14:59# order/create{"shop_cart_ids":"16"}
TRACE 2016-10-20 01:16:57# order/create{"shop_cart_ids":"16"}
TRACE 2016-10-20 01:17:25# order/create{"shop_cart_ids":"16"}
TRACE 2016-10-20 01:18:26# order/create{"shop_cart_ids":"16"}
TRACE 2016-10-20 01:22:50# order/create{"shop_cart_ids":"16"}
TRACE 2016-10-20 01:22:52# user-center/order-list[]
TRACE 2016-10-20 01:25:51# shop-cart/list[]
TRACE 2016-10-20 01:25:55# mall/index[]
TRACE 2016-10-20 01:26:01# shop-cart/add{"indiana_good_id":"10","num":"1"}
TRACE 2016-10-20 01:26:03# shop-cart/list[]
TRACE 2016-10-20 01:26:10# order/create{"shop_cart_ids":"17"}
TRACE 2016-10-20 01:27:57# order/create{"shop_cart_ids":"17"}
TRACE 2016-10-20 01:28:47# order/create{"shop_cart_ids":"17"}
TRACE 2016-10-20 01:28:49# user-center/order-list[]
TRACE 2016-10-20 01:39:07# user-center/order-list[]
TRACE 2016-10-20 01:39:21# user-center/order-list[]
TRACE 2016-10-20 01:39:45# user-center/order-list[]
TRACE 2016-10-20 01:46:53# user-center/order-list[]
