TRACE 2016-11-06 00:02:38# mall/index[]
TRACE 2016-11-06 00:03:17# mall/index[]
TRACE 2016-11-06 00:04:25# mall/index[]
TRACE 2016-11-06 00:10:42# mall/index[]
TRACE 2016-11-06 00:11:49# mall/index[]
TRACE 2016-11-06 00:24:08# mall/index[]
TRACE 2016-11-06 00:26:06# mall/index[]
TRACE 2016-11-06 00:52:10# mall/index[]
TRACE 2016-11-06 00:52:11# mall/index[]
TRACE 2016-11-06 00:52:12# mall/index[]
TRACE 2016-11-06 00:52:15# mall/index[]
TRACE 2016-11-06 00:52:17# mall/index[]
TRACE 2016-11-06 01:01:57# mall/index[]
TRACE 2016-11-06 01:09:36# mall/index[]
TRACE 2016-11-06 01:09:41# mall/index[]
TRACE 2016-11-06 01:17:46# mall/index[]
TRACE 2016-11-06 01:45:36# mall/index[]
TRACE 2016-11-06 01:47:43# mall/index[]
TRACE 2016-11-06 02:22:30# mall/index[]
TRACE 2016-11-06 02:45:55# mall/index[]
TRACE 2016-11-06 03:09:18# mall/index[]
TRACE 2016-11-06 03:14:04# mall/index[]
TRACE 2016-11-06 03:17:47# mall/index[]
TRACE 2016-11-06 03:23:20# mall/index[]
TRACE 2016-11-06 03:32:02# mall/index[]
TRACE 2016-11-06 03:34:45# mall/index[]
TRACE 2016-11-06 03:51:32# mall/index[]
TRACE 2016-11-06 03:53:48# mall/index[]
TRACE 2016-11-06 03:54:17# mall/index[]
TRACE 2016-11-06 04:04:45# mall/index[]
TRACE 2016-11-06 04:05:38# mall/index[]
TRACE 2016-11-06 04:09:32# mall/index[]
TRACE 2016-11-06 04:13:13# mall/index[]
TRACE 2016-11-06 04:21:23# mall/index[]
TRACE 2016-11-06 04:36:37# mall/index[]
TRACE 2016-11-06 05:04:06# mall/index[]
TRACE 2016-11-06 05:07:47# mall/index[]
TRACE 2016-11-06 05:26:40# mall/index[]
TRACE 2016-11-06 05:28:26# mall/index[]
TRACE 2016-11-06 05:33:10# mall/index[]
TRACE 2016-11-06 05:45:07# mall/index[]
TRACE 2016-11-06 05:57:37# mall/index[]
TRACE 2016-11-06 06:15:05# mall/index[]
TRACE 2016-11-06 06:23:48# mall/index[]
TRACE 2016-11-06 06:26:18# mall/index[]
TRACE 2016-11-06 06:35:54# mall/index[]
TRACE 2016-11-06 06:56:03# mall/index[]
TRACE 2016-11-06 06:56:07# mall/index[]
TRACE 2016-11-06 07:01:08# mall/index[]
TRACE 2016-11-06 07:03:56# mall/index[]
TRACE 2016-11-06 07:09:36# mall/index[]
TRACE 2016-11-06 07:09:38# mall/index[]
TRACE 2016-11-06 07:10:04# mall/index[]
TRACE 2016-11-06 07:16:06# mall/index[]
TRACE 2016-11-06 07:43:56# mall/index[]
TRACE 2016-11-06 08:06:21# mall/index[]
TRACE 2016-11-06 08:20:53# mall/index[]
TRACE 2016-11-06 08:21:28# mall/index[]
TRACE 2016-11-06 08:22:50# mall/index[]
TRACE 2016-11-06 08:29:02# mall/index[]
TRACE 2016-11-06 09:16:18# mall/index[]
TRACE 2016-11-06 09:23:55# mall/index[]
TRACE 2016-11-06 09:29:53# mall/index[]
TRACE 2016-11-06 09:55:34# mall/index[]
TRACE 2016-11-06 09:57:22# mall/index[]
TRACE 2016-11-06 09:58:02# mall/index[]
TRACE 2016-11-06 10:04:30# mall/index[]
TRACE 2016-11-06 10:04:36# mall/index[]
TRACE 2016-11-06 10:11:11# mall/index[]
TRACE 2016-11-06 10:19:22# mall/index[]
TRACE 2016-11-06 10:19:38# mall/index[]
TRACE 2016-11-06 10:20:47# mall/index[]
TRACE 2016-11-06 10:21:46# mall/index[]
TRACE 2016-11-06 10:21:57# mall/index[]
TRACE 2016-11-06 10:21:58# mall/index[]
TRACE 2016-11-06 10:22:02# mall/index[]
TRACE 2016-11-06 10:22:05# mall/index[]
TRACE 2016-11-06 10:22:06# mall/index[]
TRACE 2016-11-06 10:24:00# mall/index[]
TRACE 2016-11-06 10:37:54# mall/index[]
TRACE 2016-11-06 11:10:20# mall/index[]
TRACE 2016-11-06 11:13:17# mall/index[]
TRACE 2016-11-06 11:37:55# mall/index[]
TRACE 2016-11-06 11:41:48# mall/index[]
TRACE 2016-11-06 11:54:57# mall/index[]
TRACE 2016-11-06 12:04:53# mall/index[]
TRACE 2016-11-06 12:07:33# mall/index[]
TRACE 2016-11-06 12:18:53# mall/index[]
TRACE 2016-11-06 12:32:32# mall/index[]
TRACE 2016-11-06 12:34:56# mall/index[]
TRACE 2016-11-06 12:37:00# mall/index[]
TRACE 2016-11-06 12:42:17# mall/index[]
TRACE 2016-11-06 12:53:15# mall/index[]
TRACE 2016-11-06 13:20:44# mall/index[]
TRACE 2016-11-06 13:21:08# mall/index[]
TRACE 2016-11-06 13:56:50# mall/index[]
TRACE 2016-11-06 13:59:36# mall/index[]
TRACE 2016-11-06 14:06:00# mall/index[]
TRACE 2016-11-06 14:06:01# mall/index[]
TRACE 2016-11-06 14:23:26# mall/index[]
TRACE 2016-11-06 14:26:43# mall/index[]
TRACE 2016-11-06 14:28:37# mall/index[]
TRACE 2016-11-06 14:32:27# mall/index[]
TRACE 2016-11-06 14:35:23# mall/index[]
TRACE 2016-11-06 14:37:05# mall/index[]
TRACE 2016-11-06 14:37:39# mall/index[]
TRACE 2016-11-06 14:37:57# mall/index[]
TRACE 2016-11-06 14:42:29# mall/index[]
TRACE 2016-11-06 14:42:39# mall/index[]
TRACE 2016-11-06 14:42:40# mall/product[]
TRACE 2016-11-06 14:42:41# mall/product{"orderBy":"is_hot"}
TRACE 2016-11-06 14:42:43# mall/product{"orderBy":"is_lattest"}
TRACE 2016-11-06 14:42:44# mall/product{"orderBy":"price"}
TRACE 2016-11-06 14:42:45# mall/product{"orderBy":"end_time"}
TRACE 2016-11-06 14:42:47# shop-cart/add{"indiana_good_id":"1","num":"1"}
TRACE 2016-11-06 14:42:47# mall/detail{"id":"1"}
TRACE 2016-11-06 14:42:50# mall/product[]
TRACE 2016-11-06 14:42:51# mall/product{"orderBy":"is_hot"}
TRACE 2016-11-06 14:42:53# mall/product{"orderBy":"is_lattest"}
TRACE 2016-11-06 14:42:54# mall/product{"orderBy":"price"}
TRACE 2016-11-06 14:42:54# mall/detail{"id":"1"}
TRACE 2016-11-06 14:42:55# mall/product{"orderBy":"end_time"}
TRACE 2016-11-06 14:42:57# mall/detail{"id":"1"}
TRACE 2016-11-06 14:42:59# mall/detail{"id":"1"}
TRACE 2016-11-06 14:43:45# shop-cart/list[]
TRACE 2016-11-06 14:43:48# mall/index[]
TRACE 2016-11-06 14:43:52# mall/detail{"id":"1"}
TRACE 2016-11-06 14:49:34# mall/index[]
TRACE 2016-11-06 14:49:36# mall/detail{"id":"1"}
TRACE 2016-11-06 14:51:59# mall/detail{"id":"1"}
TRACE 2016-11-06 14:52:03# mall/detail{"id":"1"}
TRACE 2016-11-06 14:52:24# mall/product[]
TRACE 2016-11-06 14:52:25# mall/disclose[]
TRACE 2016-11-06 14:52:27# member/display-order-list[]
TRACE 2016-11-06 14:52:31# mall/index[]
TRACE 2016-11-06 14:52:35# mall/disclose[]
TRACE 2016-11-06 14:52:36# mall/product{"page_type":"hot"}
TRACE 2016-11-06 14:52:37# member/display-order-list[]
TRACE 2016-11-06 14:52:42# mall/index[]
TRACE 2016-11-06 14:52:46# mall/product{"page_type":"hot"}
TRACE 2016-11-06 14:52:48# mall/product{"category_id":"1"}
TRACE 2016-11-06 14:52:52# mall/index[]
TRACE 2016-11-06 14:52:58# mall/product{"category_id":"1"}
TRACE 2016-11-06 14:53:06# shop-cart/list[]
TRACE 2016-11-06 14:53:10# mall/product[]
TRACE 2016-11-06 14:53:13# shop-cart/list[]
TRACE 2016-11-06 14:53:20# mall/product[]
TRACE 2016-11-06 14:53:23# shop-cart/list[]
TRACE 2016-11-06 14:53:56# shop-cart/list[]
TRACE 2016-11-06 14:53:58# epay/recharge[]
TRACE 2016-11-06 14:54:06# shop-cart/list[]
TRACE 2016-11-06 14:55:22# user-passport/login-view[]
TRACE 2016-11-06 14:55:23# user-passport/login-view[]
TRACE 2016-11-06 14:55:45# user-center/order-list[]
TRACE 2016-11-06 14:55:48# user-passport/login-view[]
TRACE 2016-11-06 14:55:55# user-center/order-list[]
TRACE 2016-11-06 14:56:01# user-center/indianaed-list[]
TRACE 2016-11-06 14:56:03# shop-cart/list[]
TRACE 2016-11-06 14:56:05# user-center/display-order-list[]
TRACE 2016-11-06 14:56:06# shop-cart/list[]
TRACE 2016-11-06 14:56:08# user-center/address-list[]
TRACE 2016-11-06 14:56:10# shop-cart/list[]
TRACE 2016-11-06 14:56:11# user-center/indianaed-list[]
TRACE 2016-11-06 14:56:15# user-center/display-order-list[]
TRACE 2016-11-06 14:56:18# user-center/address-list[]
TRACE 2016-11-06 14:57:20# user-passport/login-view[]
TRACE 2016-11-06 14:57:23# mall/index[]
TRACE 2016-11-06 14:57:42# mall/product{"category_id":"2"}
TRACE 2016-11-06 14:57:46# mall/product{"category_id":"1"}
TRACE 2016-11-06 14:57:48# mall/product{"category_id":"3"}
TRACE 2016-11-06 14:57:51# mall/product{"category_id":"4"}
TRACE 2016-11-06 14:57:52# mall/product{"category_id":"2"}
TRACE 2016-11-06 14:57:58# mall/product{"category_id":"3"}
TRACE 2016-11-06 14:58:01# mall/product{"category_id":"4"}
TRACE 2016-11-06 14:59:01# mall/index[]
TRACE 2016-11-06 15:00:45# member/display-order-list[]
TRACE 2016-11-06 15:01:04# mall/index[]
TRACE 2016-11-06 15:01:31# member/display-order-list[]
TRACE 2016-11-06 15:01:43# mall/index[]
TRACE 2016-11-06 15:04:19# mall/index[]
TRACE 2016-11-06 15:06:00# mall/index[]
TRACE 2016-11-06 15:06:06# mall/index[]
TRACE 2016-11-06 15:06:07# mall/index[]
TRACE 2016-11-06 15:07:19# mall/index[]
TRACE 2016-11-06 15:32:52# mall/index[]
TRACE 2016-11-06 15:46:26# mall/index[]
TRACE 2016-11-06 15:47:11# mall/index[]
TRACE 2016-11-06 15:48:22# mall/index[]
TRACE 2016-11-06 16:11:14# mall/index[]
TRACE 2016-11-06 16:11:33# mall/index[]
TRACE 2016-11-06 16:20:02# mall/index[]
TRACE 2016-11-06 16:31:16# mall/index[]
TRACE 2016-11-06 16:32:36# mall/index[]
TRACE 2016-11-06 16:38:58# mall/index[]
TRACE 2016-11-06 16:42:06# mall/index[]
TRACE 2016-11-06 16:54:08# mall/index[]
TRACE 2016-11-06 17:07:03# mall/index[]
TRACE 2016-11-06 17:08:16# mall/index[]
TRACE 2016-11-06 17:12:03# mall/index[]
TRACE 2016-11-06 17:12:54# mall/index[]
TRACE 2016-11-06 17:23:23# mall/index[]
TRACE 2016-11-06 17:25:38# mall/index[]
TRACE 2016-11-06 17:32:03# mall/index[]
TRACE 2016-11-06 17:32:58# mall/index[]
TRACE 2016-11-06 17:49:20# mall/index[]
TRACE 2016-11-06 17:49:32# mall/index[]
TRACE 2016-11-06 17:49:36# mall/index[]
TRACE 2016-11-06 17:58:50# mall/index[]
TRACE 2016-11-06 18:18:40# mall/index[]
TRACE 2016-11-06 18:31:29# mall/index[]
TRACE 2016-11-06 18:37:17# mall/index[]
TRACE 2016-11-06 18:37:20# mall/index[]
TRACE 2016-11-06 19:25:09# mall/index[]
TRACE 2016-11-06 19:28:08# mall/index[]
TRACE 2016-11-06 19:56:07# mall/index[]
TRACE 2016-11-06 20:28:39# mall/index[]
TRACE 2016-11-06 21:07:06# mall/index[]
TRACE 2016-11-06 21:27:43# mall/index[]
TRACE 2016-11-06 21:31:53# mall/index[]
TRACE 2016-11-06 21:41:37# mall/index[]
TRACE 2016-11-06 21:44:27# mall/index[]
TRACE 2016-11-06 22:06:33# mall/index[]
TRACE 2016-11-06 22:07:57# mall/index[]
TRACE 2016-11-06 22:09:54# mall/index[]
TRACE 2016-11-06 22:14:37# mall/index[]
TRACE 2016-11-06 23:38:17# mall/index[]
TRACE 2016-11-06 23:40:57# mall/index[]
TRACE 2016-11-06 23:41:43# mall/index[]
TRACE 2016-11-06 23:43:11# mall/index[]
TRACE 2016-11-06 23:58:32# mall/index[]
TRACE 2016-11-06 23:59:10# mall/index[]
