TRACE 2016-11-05 00:10:40# mall/index[]
TRACE 2016-11-05 00:24:05# mall/index[]
TRACE 2016-11-05 00:52:13# mall/index[]
TRACE 2016-11-05 00:56:12# mall/index[]
TRACE 2016-11-05 01:02:20# mall/index[]
TRACE 2016-11-05 01:05:15# mall/index[]
TRACE 2016-11-05 01:33:15# mall/index[]
TRACE 2016-11-05 01:45:20# mall/index[]
TRACE 2016-11-05 01:45:49# mall/detail{"id":"1"}
TRACE 2016-11-05 02:08:53# mall/index[]
TRACE 2016-11-05 02:21:49# mall/index[]
TRACE 2016-11-05 02:50:58# mall/index[]
TRACE 2016-11-05 02:59:57# mall/index[]
TRACE 2016-11-05 03:13:16# mall/index[]
TRACE 2016-11-05 03:19:57# mall/index[]
TRACE 2016-11-05 03:20:18# mall/index[]
TRACE 2016-11-05 03:26:08# mall/index[]
TRACE 2016-11-05 03:28:35# mall/index[]
TRACE 2016-11-05 03:35:10# mall/index[]
TRACE 2016-11-05 03:56:49# mall/index[]
TRACE 2016-11-05 04:02:32# mall/index[]
TRACE 2016-11-05 04:04:53# mall/index[]
TRACE 2016-11-05 04:09:48# mall/index[]
TRACE 2016-11-05 04:31:38# mall/index[]
TRACE 2016-11-05 04:34:02# mall/index[]
TRACE 2016-11-05 04:37:20# mall/index[]
TRACE 2016-11-05 04:40:25# mall/index[]
TRACE 2016-11-05 04:53:11# mall/index[]
TRACE 2016-11-05 05:04:23# mall/index[]
TRACE 2016-11-05 05:04:56# mall/index[]
TRACE 2016-11-05 05:10:36# mall/index[]
TRACE 2016-11-05 05:30:08# mall/index[]
TRACE 2016-11-05 06:01:03# mall/index[]
TRACE 2016-11-05 06:55:20# mall/index[]
TRACE 2016-11-05 07:13:14# mall/index[]
TRACE 2016-11-05 07:18:39# mall/index[]
TRACE 2016-11-05 07:26:53# mall/index[]
TRACE 2016-11-05 07:53:09# mall/index[]
TRACE 2016-11-05 07:55:45# mall/index[]
TRACE 2016-11-05 07:57:30# mall/index[]
TRACE 2016-11-05 07:59:28# mall/index[]
TRACE 2016-11-05 08:07:13# mall/index[]
TRACE 2016-11-05 08:23:21# mall/index[]
TRACE 2016-11-05 08:23:21# mall/index[]
TRACE 2016-11-05 08:23:23# mall/index[]
TRACE 2016-11-05 08:31:57# mall/index[]
TRACE 2016-11-05 08:41:17# mall/index[]
TRACE 2016-11-05 08:47:00# mall/index[]
TRACE 2016-11-05 09:04:28# mall/index[]
TRACE 2016-11-05 09:17:27# mall/index[]
TRACE 2016-11-05 09:17:47# mall/index[]
TRACE 2016-11-05 09:17:48# mall/index[]
TRACE 2016-11-05 09:17:51# mall/index[]
TRACE 2016-11-05 09:17:52# mall/index[]
TRACE 2016-11-05 09:17:54# mall/index[]
TRACE 2016-11-05 09:17:55# mall/index[]
TRACE 2016-11-05 09:18:12# mall/index[]
TRACE 2016-11-05 09:20:12# mall/index[]
TRACE 2016-11-05 09:20:17# mall/index[]
TRACE 2016-11-05 09:23:47# mall/index[]
TRACE 2016-11-05 09:33:44# mall/index[]
TRACE 2016-11-05 09:34:09# mall/index[]
TRACE 2016-11-05 09:38:50# mall/index[]
TRACE 2016-11-05 09:47:43# mall/index[]
TRACE 2016-11-05 09:54:09# mall/index[]
TRACE 2016-11-05 10:16:23# mall/index[]
TRACE 2016-11-05 10:19:18# mall/index[]
TRACE 2016-11-05 10:19:57# mall/index[]
TRACE 2016-11-05 10:39:00# mall/index[]
TRACE 2016-11-05 10:39:19# mall/index[]
TRACE 2016-11-05 10:55:17# mall/index[]
TRACE 2016-11-05 10:56:04# mall/index[]
TRACE 2016-11-05 11:00:02# mall/index[]
TRACE 2016-11-05 11:01:31# mall/index[]
TRACE 2016-11-05 11:02:12# mall/index[]
TRACE 2016-11-05 11:07:48# mall/index[]
TRACE 2016-11-05 11:11:10# mall/index[]
TRACE 2016-11-05 11:13:43# mall/index[]
TRACE 2016-11-05 11:23:43# mall/index[]
TRACE 2016-11-05 11:26:29# mall/index[]
TRACE 2016-11-05 11:26:35# mall/index[]
TRACE 2016-11-05 11:26:52# mall/index[]
TRACE 2016-11-05 11:26:55# mall/index[]
TRACE 2016-11-05 11:28:20# mall/index[]
TRACE 2016-11-05 12:17:03# mall/index[]
TRACE 2016-11-05 12:18:55# mall/index[]
TRACE 2016-11-05 12:25:30# mall/index[]
TRACE 2016-11-05 12:25:32# mall/index[]
TRACE 2016-11-05 12:25:33# mall/index[]
TRACE 2016-11-05 12:25:36# mall/index[]
TRACE 2016-11-05 12:25:38# mall/index[]
TRACE 2016-11-05 12:31:57# mall/index[]
TRACE 2016-11-05 12:32:30# mall/index[]
TRACE 2016-11-05 12:55:33# mall/index[]
TRACE 2016-11-05 13:03:28# mall/index[]
TRACE 2016-11-05 13:06:14# mall/index[]
TRACE 2016-11-05 13:50:45# mall/index[]
TRACE 2016-11-05 14:26:24# mall/index[]
TRACE 2016-11-05 14:42:43# mall/index[]
TRACE 2016-11-05 14:50:06# mall/index[]
TRACE 2016-11-05 15:04:07# mall/index[]
TRACE 2016-11-05 15:06:23# mall/index[]
TRACE 2016-11-05 15:09:46# mall/index[]
TRACE 2016-11-05 15:12:15# mall/index[]
TRACE 2016-11-05 15:36:04# mall/index[]
TRACE 2016-11-05 15:46:59# mall/index[]
TRACE 2016-11-05 15:47:05# mall/index[]
TRACE 2016-11-05 15:47:12# mall/index[]
TRACE 2016-11-05 15:47:12# mall/index[]
TRACE 2016-11-05 15:47:15# mall/index[]
TRACE 2016-11-05 15:47:19# mall/index[]
TRACE 2016-11-05 15:47:32# mall/index[]
TRACE 2016-11-05 15:48:18# mall/index[]
TRACE 2016-11-05 15:49:41# mall/index[]
TRACE 2016-11-05 15:50:09# mall/index[]
TRACE 2016-11-05 15:50:19# mall/index[]
TRACE 2016-11-05 15:50:43# mall/index[]
TRACE 2016-11-05 15:51:11# mall/index[]
TRACE 2016-11-05 15:52:03# mall/index[]
TRACE 2016-11-05 16:04:56# mall/index[]
TRACE 2016-11-05 16:16:08# mall/index[]
TRACE 2016-11-05 16:31:14# mall/index[]
TRACE 2016-11-05 16:31:34# mall/index[]
TRACE 2016-11-05 16:37:05# mall/index[]
TRACE 2016-11-05 16:38:16# mall/index[]
TRACE 2016-11-05 16:38:31# mall/index[]
TRACE 2016-11-05 16:38:39# mall/index[]
TRACE 2016-11-05 16:41:03# mall/index[]
TRACE 2016-11-05 16:47:44# mall/index[]
TRACE 2016-11-05 16:49:09# mall/index[]
TRACE 2016-11-05 17:09:05# mall/index[]
TRACE 2016-11-05 17:09:13# mall/index[]
TRACE 2016-11-05 17:12:18# mall/index[]
TRACE 2016-11-05 17:13:36# mall/index[]
TRACE 2016-11-05 17:14:23# mall/index[]
TRACE 2016-11-05 17:17:12# mall/index[]
TRACE 2016-11-05 17:20:46# mall/index{"Q\/MPwozKYOlwt1EPdRr2vkcWdJmSqwD\/H3DIWkp9EKIr8wpxWI4tRmvD5pniFdfCve7caqf\/KkMUWlFwGsSeEM8YUJVtGhzZL\/EmsZnNd6NktT8VbzD3edEo7W0NgTxZoJthoG\/BeCJ3ENdnSuF5ElbgQmiIkxpo6pTVgHBmBs14OyKbvp7KUxnrqDAn_D1s5VWwMtc9\/AZYAiRdQXeti93YUTWDfpGO7lTLxRqpwQkBD364pOeauTT5czoVnk\/_lK22rLr7fBoCiuRwjNrzVj6SNiO7G75g39LvVKc4wpFYEX_2ykMDpCEp3lz2K\/eYSFxCeUp4hEcR75jxn0\/cJG0rDkvM5oReiCTuMY_6Csw":""}
TRACE 2016-11-05 17:21:32# mall/index{"FK1akoicY9f8czkBDMp0kI1ygPSiNmXv55Cu7kfbcs7zEfCJPxjaFPOjgvVtjD9jhkMCi0pZidW4pKMWdQizl0xezy6Gws40EutK\/lV5Kf5eeCBxZHcAWt7gJ1Vkr_\/HmTLeeI1tPPSWRktfyK5m3CcxmvkO\/b8xKP6U_aEl5\/nCP4FfCXXyUC38S1FmBtQVhTJceqjJaCDXrDS\/1cRLeyQYWvimPm1Bp3BFGDMAoE0cAvoJmhqF_7UOCfLU6yrv1MydKbijW7Zls8a3ARZViY4fYie3yjI_DL9wgIikfkVEW1UG1BZKVgw7js0yFoPUoGP9GcX3dfiURcnq8hhZPSniPdEvJavNN3Q":""}
TRACE 2016-11-05 17:22:20# mall/index{"QqZXl9_eZGjwpfSUAamN4D8V5UwGQWkJDYCclMALZNmkU3zSiGZ6RiVrcC5iMiiOzyOQpTvCsl\/yM1wthx7OH5RNLm8EkppDDGekDN\/5q6ZIKunChXeJ_UfjDoYx4kiq83qpCacw4KfFC\/WxpjJO6Xyri4qZ66fo4onbCk99j_xRpY2LHu2HideKhZZuCPqFNMBNLWchNoZGdVpjZPCJ1Evr8P30iDzpN3kngNQvNwxuNZJDBpwrkwKNtt5AQNisMmXpfY\/aSekPPxPPfRxvGmH_py_lxuH6n9sCVa4f_aN0gcL7Yl4TA6kRbCVQFD0f6i9M8Jqb_mUyX\/TC72kXUWLPSeGcbS0yLv9JWw":"="}
TRACE 2016-11-05 17:23:05# mall/index{"QvBZk97BYsDKeUuMtMQYdcDHYha9l_\/DszQhtFjKFclPVGfpVzaqSAbyCDfKnIBf8LTjxgEM9Yjk7e6wTIMd0up950fRbtirsCt5wu9j1Evm18XsN_lsYUaVxEa5gykAlvmvdGmyd5gCSvXojBtsD5JVqsS1deIiur\/8qSR0GL5FOTm3jHnbIucHjoGXYFz8NCcYIh5i\/QGARqBjdBb8Tvo3gResIHdcuQ1zoglEAIX25HCeuHvaltZ\/MaNFzHvipWZytc3klmH4vBiKtnW_qO8ngek9QOrFwDCrPJzlDb_jPEeHs44hjGkPEFdXYXAliumjVFn7yXFf1aL1xqh\/xwrh_wnaTqYEcVX0jovNyz3lMymfYRBgYcccptFbBJrRgexcQm1MZuI":""}
TRACE 2016-11-05 17:23:51# mall/index{"FKILwtubZLqCXHm9q68foUkDEADTqbJsR8Aalh74MVu2T4DcjLCyqZIqOv7y5kTUYO\/pkNrClIV0tb3GhQa0cckJA2m4fzOCT10NRZtShZ6vQZx8e8CCzZCpqeCTBOJnAOsi4tzyy\/W1js_BI_XhyCPqP9Ved0IKnFjuLoFW7Z1u1uA9tzhvKAXG2W3eaxTBH8WP0dR69gZdvF1k6gE_cvxXJt5afBqzwQEiIUHNEgxyy4UlayLmWqH6ZoS47IYjoTPPdf009e9yP5kgO0sgBEN2bzARy7hcWLNpzmfO7i1YeUJ3go0Q6n2nQmhj0M06EaY\/bQkJt\/J7kP4zumWTLbjzKr4p0foIUtFK706jKunORFDb1kA":""}
TRACE 2016-11-05 17:24:37# mall/index{"EaJcx9PAYuEUV\/H5nqG7CY1lJD1mp1p2hGp8bzu\/84f5Cj\/mOfZkL4UN06p9FnYqlH2U39WCIq8zaCXiyymZ\/kFNwIPA9ZzNC5RoGOTfuztI65R8hIXobDVjTTiWqfqLuKhU7NuqKwy2A_CGbwgUwzaE7b5cMJpZ20rqNBd5GtI6ZXM6Kg\/zdRKxRnGSVwYhA0jj7m5M0KvLCCiZoIBmmp3hOsj\/hhfgb3BoSb27YL7soDYsUZ0wq1Xu0GD2JzwZGftchtEnIxDW1vBXoe0QWZh376Dh2CiwlPlAFN27qhwc1NXarag2BmEANAxkuMUySZQoo\/MnaUbH4MVzjuQliX\/52N4_zkhYlVCwd8F42co":""}
TRACE 2016-11-05 17:25:22# mall/index{"Q\/cLld\/ANhY4woWnL\/JpH6idKPRLCviH5ePRh4MWEYkjWB3AHtKN8xzKh\/g6clWcnYiS0WgcSY85z\/Six0kUJpoJS1bzHda6lNg1pVDbyeS30K1Bq0_tYmNBanyKRaxoe9xViXmHo92hBpp2kZXLVJuZagLuA25YYvsZ2fn4PY4ljLsHJLenbXYIbUjkNL\/ekhhRNwTuVsNGHZj1DEkn\/D3YEzIA__3NGBdrajDLzuZ3kmwtMVUXgidN37WYp1UB8q1\/m6s6fONOGcxIILMX\/swft_sOtSOXjsklt7BxkaFeRzLwPnQB6YX1AaOagRXjccpNlqjBc9hJWnH92Jd63xT7Zmr3YqI26y9Gn38e":""}
TRACE 2016-11-05 17:26:08# mall/index{"RaxewN\/ONeJ\/OB0wnfZFFA2dzBwEC1KYpBhsoRzrZhF677DSX9zoV8V7oeeQud77OiZUlNyazzGlUHWneFwSMwr1KN3a5HdIIs6fiAKpTen\/0rTJ9brHORwTNbcg1JgTww1VgaAGeOJeyTXgWc6NHZ1Mp8DL4\/MBp_mkIQag8bA4Ih8W9TkutbzSsJvh6zb3hmOMgJLc4yWNdzwRbDRC4nkmU2pi5kKo_ydWHN18w2kQJymjzz0GYz6ErPCIzAhmKmSBpLENsdH3XS4i_vTEflWmtTfVVIDIqsBTi2KJoXRQiFKIH7MrfHXWMQBTxUpQdxRZJtprNBb4MWYzYIqebuH7oRuyvtNo4NjRQ1_N9Ds":""}
TRACE 2016-11-05 17:26:45# mall/index[]
TRACE 2016-11-05 17:26:53# mall/index{"RPdZxI_bbUEF2tQSCwEdVeasgRL5fqI_cMRurKIoOrDUxWH3Q0rlqWPLENuKfaBd6XR0v5y5lFvfRgVgYi\/7\/1ldviV0hzXPDQpDcG\/YvcjowMFPcqKiizi7LPoAysP92o4dc0uDKQxs7c53nNdhTPGPf7jTz4aXks8gDXjIfGJb97neQMku_Kiqw56TlADJzEoCDG3gB5bkW7H86s3eRyW\/9r15yy_1oMLo3jhCyggFYuGWz5BEIHhN\/oJQQZujkXA3RKF_D4A2a0lCgIRPgGAOHXJ41E53beJsd8rmci8_OHxMYhJ_5y28_OWvH\/I1JK4d61krEbKjd2NRI8hrGaUI2FZQI8a08JC3BsxTrBEnp3BJ27yvSuCraw":"="}
TRACE 2016-11-05 17:27:39# mall/index{"F61dyI7BMOEYU9uUkzUIgrB8Wo1k\/vPBIpily1rTvld1Q4QNK1pqu2wSxnpS69RQ256tL20R0ke8TLQhPNd3kZd6Dd62\/DoLuunlZPqvLlxNaMgyIdTcUtmeIviIhHZZNjsv9wvxvNRWKnAM_50bxJSDQulGWSPKSx0YBAqYVHV3gAQ35yUSfwymh\/OTTPV_JVjDAGjob_JMU1voGGNpgGl_KOqjmIOjosroiwYZRkAJU4pBkBT5I94d51Myt2tz31dgvKxO2c0NaXB9wYELmFYXRe\/PlnsFCiBS3Mhc1QWLtoLxnMHXxGaexVBkh71cXPoLAYxoawlPA71iywHQz9t0TZsS2kZ4i_YMDAY8EzQTOQ9Qc72uxA":"="}
TRACE 2016-11-05 17:28:24# mall/index{"E6ELk9maZjw5qnZfssffdRvrCDbP4i4xk9751wEBWFEFJJbex\/ojAnA\/yknpKGLiwgspbkPK14J2lsb\/xMLjwI3M0vbmAS_33moDWA\/sG5ACMrh8QfaEzEcSOLBvj8SpAR6MqbjiFQJX5FSzfVqzVh36tGQknghN5ZyFGAHscvejdV6FozIggG7PENxCEqGDtxsmEeq2pdXftyk6_cKadh36TYSzZw63YyVv61koD4qE52_97F15n0J0TLa13IONcP5VtP_AAWxuRAIXHmGOL9i\/s7ujVC3tGB6yx9ks64aWitI8OY6lhILdpOIeGqAZvRD6DjL\/UCo3cpDQWnUKJx4\/ceNHJ8cKkr9qGw":"="}
TRACE 2016-11-05 17:29:10# mall/index{"S6ddktKbMQ6IktuZUupyl7TWR\/BGxgwjZt19uHb5vhmybptYo\/YcuSIUK6\/EHCIgJGeFZBLwDHf9bpUQb8S3Nxw_02E7skfKz7egdhONXoHTABzADJXpOM7diLu6iHNtwhAABVyUDCgDa41PwCn1llQHgsijHQCWXDjPQRqM\/kcTjp9ANx_Bg0T7qx6Rx\/AN8CbBRxAZRgsuxpaRgWf6ipak7w5vEd\/2GhPf3eHsx0RHk63Cqj7qNs0aYjzAUokzza\/ivWUQJDtVcvrWNyrczwUn2pbC4U6UZGmMRW29IkYx62PxWXUN1Qyl\/kjgB9o_UAGVaFFxWw8W5p0sGFImPg_UQ0MAWdxXkjSkuHZLd_Sl1vimyHnuQNW2BZtPrdX8sDPmFObB":""}
TRACE 2016-11-05 17:29:46# mall/index[]
TRACE 2016-11-05 17:29:55# mall/index{"RfMLyNPLYYBkTdTUXsuilNcDlXJjKlfevGQ48nU_6IxxRH\/O082tc4rtAg0Dlhq1gots5n_5QOGZSeKzJC0ESWN8lbwioBO20FrT8ooF1oKQbixo\/hVQDiL1d8i1CPar4Ninj9v6H1ky8Fr1y3z\/PkbpT2uBnVggd7JpCUN8u10PCootfSBnLzwTUinT_IuW0g6PN0XCXAtOY4kB2AufOaH6t5l86HDBCwNdab3dLGftpGX8DCtOF1Ce4yVPuE5Nb2m84N1VeKB1OMxmDxU6OmQEG8JH7VHM2PUWcgNTqGDw8id08FFB6K\/uub3ANf0gMM_tWhNr1GJklhjl4kLEKQpvJ9E4Lbpo82F_olQECg":"="}
TRACE 2016-11-05 17:30:40# mall/index{"RqQNw4_aYDSGVdpg3H1U78_F9I5Ekpqkzfc7_yzestpy9JB51JFOiBX43UFhTjGvLuTeBajHA0dA\/c4hE3KPUZcpt_YkJqgCMi_eUwcLxrdm\/btbAJ5T7Sz6tNhWd5unvKpw841pc4ow7IHtEJx_2WEWW7xoIoOZAb8SK2qd0T_94au5I_gSW92VJwgMgJ9A\/WdQ6DRxg0amVgsFAVIX\/0Gk9A1yreVRPJswyOy78AHFGhUphknEu4dg8Uj0AEVoLgKWw\/Kflp_a1VzGeQFtiKXWkAXrLlG29pHDS_IRFaJQXqTVq3JIH61xWufOCRM5xPCH4l8gb0nJc4YOGIlIUdhCoV\/UUsseJjWrUjcwYJIu2Ql3ftKyyQRHJuiTeKV6t0VWGU4v4g":"="}
TRACE 2016-11-05 17:31:26# mall/index{"FqIIldzPY8NbD6gITi4w\/mOLIZBiNJTFRs1L\/pbgVTD2Ox5qpnm5XaOYU\/yn7jENeCPyWMvuMwGAkiBECIw3pTq1XT4oFo4oZClUPrB63dpfmznAe9EgghOR3gEvDHthmwuNGYSfqT2UByvqilqScWc7CXD4v_57uWHukjtwMea7hdivCC\/9Yyhq3wkXMvT2q6Qe52NrxjtZj48zRY6T_FNnPlrH0OSF05GYtTMnIijq7NN7y6AjLmFwJZp6tddKucHu_uK4PcFEpfmotldBYECoLE4LfnaD2e\/oqJ_BhzDCek6xBmC7xNi7DjQ7uoDhC\/PohVA8DTzsl\/D69I0NEUMGPkx\/HSJU8KCI0pZBDamCBHU7p8s64yaRi4TTWoI":""}
TRACE 2016-11-05 17:32:11# mall/index{"EKJZxtmcNhv_3F77PvyJ\/WREPluVkF3L7mXtSuOL4qCXOiFd\/yNdgXpluXUbyeVjDCkXJt68k1yY4rqJrjl9vUyLoGEu_Cv7N8C1RGig8\/ZzRsoYLS7laDg8DjnnT8tZDBbgHl3HOCZf64utpp4afncoCh2Vh85gTmOXCWS73vwuaZ2bbQywYyqcor1YqOcvqnXXfILGJ4VeseSei3aT4O2Y4KMPW_9OAA2E1AVH_T5V4SQgvH6QwDb9vO3YWIj4qUMOygfxffZJa9kgKpcsNNYtosr26VH29\/9Gu8xPqxrr\/fqO2D4Dck5EcmZDVRQa8YgQmMJXaQHplS91E\/rlKL63T7KB6wxPlQRQiLaDDwnOX7E\/QI0PGWlOSu9jMtHIBA":"="}
TRACE 2016-11-05 17:32:56# mall/index{"RPAMlI7KMKgjMU0UgC\/umPOLkO6XSu5obxLH_hHpdk3zc3FfUSiuFqAKW03Y_RQfS1e1yM3M5zdRtaiBnKcvV_Z6lchIhSda8QBCd03PTUiOu33PfS7d7rdxV6j0AN_\/3DEpfj76bCOJqJlwU\/gYPVzZ4p9iMwTEEfi3Woi7cdN3fb5Py6\/dxjN0Q9W1CuL1TSHUHQrJanqOQLp60zgOH8DIWAa7NXXw_QPQ74T8uWunHJ93Ml8p9fS8_\/6mjbp_fapMqgE0PtOtO3mhNJ_kHcc7Pn1IRytXQgog2dCZkiDhkuKvtKWylV9\/ebpQ_GYS\/GOOqcp6CLuTcJGTSXvuKcH0tyIUTz6zLxuUOVODj3ge":""}
TRACE 2016-11-05 17:33:42# mall/index{"R\/MKldiaYknPugjTW8zlItKUSwq1ZoIsCMRSBRP5lZ4BR\/2YKvN62Yq2PumINittezZrUomyIaG7KJ3POEOoYqILAPIHMpCgBQilVh08OwNw1lXYUAAX90auUVZCf_zOMd0N2YcOa96cRNYp24iddJ\/5q4IpXJGJekbYlM258WYkCmywfGb98T7x6axKL5kOio\/0sU6dF5BXLE1EBBPkmX3zdhCxffZq06Cj0\/2iIGJzOgDzJjF8BvRe1BVTxBcAvWaI1zkB3OoTWi1CsXDJvR8vtfa3vtrG5SpPSrLztu7NYqG5OCgSdT5PnIaqXW69I8ip9LRcPFmjkRg7mFopdWeADOzqCq8FjvltnclM00yDynC04ojIjjG9GGjIHK5g6aRHuzv4U5u8qA":"="}
TRACE 2016-11-05 17:34:27# mall/index{"F\/FYkIjMNT_ICUej77vPZmn8meRAJH4Z91q23h06pxmzXoG7Pv6GTNlji0\/AdJV05hO_Glv58Ep68ipzIBX3hBlYONUCDHXrve8HbUHN7gt6OH6_3QLRy2BKLqzQa2Q1mg\/q5TIC7G3\/DxT3oSE_4Rc7F1ZaEGLBKhGOx7fyW_uJeDM69ErzTsbJ9hxKXwKR006oOp3rI5PxLmLb69HGZ4J53VrcVhKOcYnTQL0zzxStegrVcoemci1_bXTq0xK4s7JNcQUZ18aFmqMf0TAevhCxk6Wg4QHUlqoJdm5B7CZF8y\/qNwddUCKHfIXSNP5piPd_4KNHfNayP_\/Xkinf1OJYiGKAiBqmXr9YmC4wg1f4Ug2ysBu4kGFLUOGezYlWg_X54\/wA33SoWKI":""}
TRACE 2016-11-05 17:35:13# mall/index{"FPEMwNnMNn\/QQhOvVTMU1A_zbFG3Fp_t6je5WGWLhnNiJSSFlhxFTWc1zxWVQ7eOdxAXonQOTeLmJxiFNUR1xianblCUfrr2i7JH2\/IPmYJxK9Y\/AijAiwnnw4VI5KHwGaHcQxCMMrERqJ65w2evaH0uQhZFzwxPc6E5ZSalAOEjn\/edtbIJFwIRKT5yAC6cGBez_nF2KTJqk7PMccrPo4NnZz316_4v4yoWHLv7770aw17Qtx4k_EHe1CeAuV20qKHYQq_VW1J6XuG84MRIfo33xu6PwaF38RFHdVVN4zYtQzdC6BpHaD3TKpujMh7r6TDmxrNGCmAaSA6ugmwre2\/bfEUKv3zsYTHgzkbuBr5RMrjtHWDRwSHrRRXvD2dEUJqnbDA":""}
TRACE 2016-11-05 17:35:42# mall/index[]
TRACE 2016-11-05 17:35:59# mall/index{"SvBdxI7OYzCVozvG5zTRhCCU_TIW9U6n4fiw8FkVigu61IFJ652P42MLhb9J7iQLryvoL7_igB_JAv1iXy\/asRUJXrI1GcZDlaMPbY0w2tUSe9ai1hx9QToIjAMr\/J6Po\/gBuwmvwzdnQmIW1koZPXxEkgWdBQF01fu7lE3Pm8tG1NqAnVRpQ5ktfyRBQBfqxhw5iOYfaMdl1IXJCfIngUAsu5o9RTI9SfPkPfWmMrvF3bytgLlAwrRxsSV6hBuAVOj06PyfuVln32_yqMmDdW2w1cmHB5CF_8F3C92jDlkrbVypE0MNzYL2DQLwmuI0A1pbksS7PQi53tes_v_WV\/8aiiZ9IbIx7ujFezKh33SUZO5ZsDyI3UX6YHng3KTTn\/vLVzf\/EA":"="}
TRACE 2016-11-05 17:36:44# mall/index{"QPAKx4ubZgKecv5V2qMwqM6ygusKUhaUzmeJXeZOeudRVEzH2B24naZsrXvPyXeRnBwt9dF3JRIu4RpvVuWnjRy64seUqIl_zXryZAQxBoNhtoGp\/xa1Gt24UCPcWOPWkti3nWYu2jJr_IyXCkvxK0vIFMFzbPs43l0JVA0z1tIWVSCb2I_5Kr5sG_YmgDwSUikRlivbilyJ\/IflpdNy5jUI2BeSrPXdI55Kas5HlN6DH4QYXEm\/wTj3xogHOGwLfrQe1GMqpC_8FM4NUqBdN1590nVVjKpluBrvGHGpyjaruTWtljcNVybNfP8mdQLG38uSTdgNXbIbybv\/eAjxHO\/g\/sNYzGit2p24xQFfvzeRUMBd8o4OUeT09\/lnhm0ZJC4GdjY":""}
TRACE 2016-11-05 17:37:30# mall/index{"FKYMwNLPYZF58X4ZBnym6Kv0rRSMIQtOKsCEnByWiLDPYYvaxGwAo9J6ckpIqpGCkt\/80TqtLhIIabhOL4NQcSI4NxUOtJMXQWYnoXtjeBxQ5z\/RIDwQK3OOuIAgKAzbCa_aAL6lifJ3xVhcSWl1h9srimHmExaYvQx5iOIRGlmsjlhdkEGR7vemV1_OYjnz0n5uE\/KDs5PxkHv19maepNC6ICb42UhMkIcP\/MNax9bPph\/vnQ4fCHtFYBa\/fufrAAohjSj8oo1yjDLdngi5kkpMe9wgajPAzRTPqY4cCmEoUhs3wXO2IDLba4w6_L88wzmn5EOPdJ53KRMcSAPAz\/40WBSz2q8F\/\/azY6ENG5cT7A":"="}
TRACE 2016-11-05 17:38:15# mall/index{"F6Zfx9qaMl6qOBq19vKgWu2R9CUXjyoEXIdTwEe7e8GaPwbKUId4nRSP\/P3Xvr3ziZCWFnqjjV6fDgA_zYciuGTk56L6XUImPtchJFucYMFEptwHe9795ZtuwNNgHIBMefk3Gu\/O0oErk4kP_GtoM0YyGOLZ1NiNAu7v3K_jMelpEreKRGFYmEzA\/dsnlwoQb\/8wQeX7f3i80nXt8VgBZQhA6iT4UUfN7ijAfi5FaZydp4jdqQNA9EC8XFmoFv5Og7PqPPqCepv21ClFmywRdzhhDOARs7xT9SFFV109DW9Fyg4IkYwdg1jp9hZ7Z9dVv6UR0qqiNdt_cLzeXf\/UTY7eZt141TkV7en4NZ1u":""}
TRACE 2016-11-05 17:39:00# mall/index{"QvRWwducMb4C4Nu5E7MwgygAn_OmXpy3ts60P4mt1sZFTfAadm_iwJ4iZuVHTZNuDBS3ZQ4BGS8z9b_ZNPWDPBufgj7YtYJvxVJOrqH_497eXHPFaQpWrJCSirWBZlibaJEFMzmY1uiqH9RAeptAjJtOId1d64eIsviz8FE4EHBX8ik87cGkUVmEJjo3e\/\/l0Vx7prDANKkt\/5gHudBDYz6daGqWVrUW\/YFYs4SV3QEdVZ3J3bQ6OhVHwu9x1uRQm\/W1zdQcSRAp53SzJXTCTUhBBafEhr6fRaaWXnvnWX16ppl0sTVo39dHNhaNak8iyoEnHgFCl2Dnm1srzm\/KlIv6ap4i1F8AlH3WrfWsNDs48fy0l8_hAnTZnUlasw":"="}
TRACE 2016-11-05 17:39:46# mall/index{"QvANxN7IN99dGMj705K6wbE5Xpjb9DobxEtDZWXaj9rcJ1WwaQgUg_cjF1pU1cXNPA8_0xHn2ZWut1axddk7SbiAS2eXufIheWcQhcQPc0vvDzZoEKfo\/zAyOxnyc3wzwplb2zdkBQ7nrTHeqhflTL6OYykHwxkquMLeGDEGm8Jlfr\/jDQ6zqZXBptRwfU0mL6NPlwoSmpX5j2xCnUZc54ZhplGZZs8LuyzW0JEYKgB4VRCaR_wpZEbONDezI\/3zhcSPp0UvQRIqNkYCn\/He5_5TIIz3Omkwm\/4U\/ck4prkoYJZY5FIE2\/bbQF0eydflIE3jdTfFDU6jPJX\/\/yO57cdkZ6EtQE2hjpVVeqBEM23eWrs5Bos6TSOTtLFpbw":"="}
TRACE 2016-11-05 17:40:32# mall/index{"QPELx46ZYPxrLfVeVNn479cOJnZmeicsF3LGgTELyt0OSil1PCa83yqhi9_9PU4X53ubsJUwnncP6tRW0AALEpwZQhqdN35wlqFgBCKt4Rob1hkic2Kq5dje6J4R3_rS7JUyE462VuPVr\/ee2cVJmV05YR0jOUk66u1yeKrOpQt1R8yoUn1m5n6hN0dS9qatfLovPQU1qgBzh0Ebja44U0CjwWYIxlR7zBLulmv9jSKNpmz1_X_0ZgdX5AKhbpnoX0gIgjxYWaRqPrtoX8NjveeoQBwYeRO5r_0yznEiDRGLSQH3h2DKxZGNbErQoU6ZUGrMtw\/vHsuTDvY1jbyr7_kkKpoViaOEPScHQGI5lrej9wvzNofQdxc9V3lJpU82zNSsuf\/NgLxSHw":"="}
TRACE 2016-11-05 17:41:17# mall/index{"SvBdlN_dNwMAnH7GtnJ\/vsZ8odJ48rIJdO8IjEHvpHT__h_qstBWU1FwKzh3T2QQUjeu0eQGq_\/JGbq_6va1Z3DK3uTC_7B3FBC5\/FealRAZcsTJHxTQfoXnuyhyJ90VxIvzdxnYdfzFNtTPpi4wu1IjYN7FQ5N2uGc\/qY1rHhhXhzsVHH\/XGl_8Tlvcf0W00paiikvZiZIHaZ8IMUIIx\/ldQPyfB\/he\/aEta4g3lX9gzS82zl3bWrMsH0B\/9gxQJJv0yq2jV1zfD\/ao4hdh_icg_xDFs\/gzqf2vlZe4uR4yGDCpsjZEzi0LahSnWguzkHlxjcQmm4KA0Czmu17Cz74ffHI9UvhVXeqGq_ZG":""}
TRACE 2016-11-05 17:41:42# mall/index[]
TRACE 2016-11-05 17:42:02# mall/index{"F6RZlI7JNuF1UDCaFcAWxHqliMLeQJ1MCUOMIDAbRrQWHnj2HjlwzPz2WjJjKt6KfLLtWzPBnsOwlVwAS6rumOZZoAn\/CCJsr5CZHxpR6rtOo524p8IX0p5jayWdg6RHbNYAhwvrW1izpug160Q\/P76Sd3bMsE5yY9KREEVT\/t\/2_gISuFwe3dG0AHWDPZXSHCiemilJvoTG0LCWAZ14oXDLfxikze8NRZzCGGoWZCuW3CM9vrnG\/bY44O_getJEV5bm8aCRlNMzLBsgrM9tsst9DVDyrlCNQp52tH97ZQMJqMiK8aeV31nWKmTsPQAVEdClvFxW1kp9IkWXLF1cKogV\/rWwrHFlux7SwHQ":""}
TRACE 2016-11-05 17:42:48# mall/index{"RqdbktvAYsVvTG8LfMrg7Ia3kP7kvMT5jbeLJ7tYRrLZ4zzCZKVMC0wjhW5KxcewVRAf2gMptN\/_0L3HdaOzPRCJiv0SWtECohXZbxY4rTXeLgxVN8hRVQ_mLgcfXLtVJa0Z7RXlDfGVUoCmX7RKsUlnbXS8lfSDMCMnubu9r2tqvJ0hUJtYDv4A6ioeO\/JP3vquO4MrziBpXqgIc7l1TSfClrVUwuoExh7h4dpVFFzIG3rTmKbnweF5ktBCW_2xHxR8T9D31LqN3BXOxCIsY9w2jjx0atO\/QWVpJh4rJHASPJe0CWsVOHLu\/sUQk3WKcGbFceRtj4X6J4m\/9EhNND1iTn28os0N1kVDV4Fy8mmaPAoI5yRJL0aEfp_aJ0PdpA":"="}
TRACE 2016-11-05 17:42:58# mall/index[]
TRACE 2016-11-05 17:55:24# mall/index[]
TRACE 2016-11-05 18:10:31# mall/index[]
TRACE 2016-11-05 18:11:05# mall/index[]
TRACE 2016-11-05 18:26:48# mall/index[]
TRACE 2016-11-05 18:40:30# mall/index[]
TRACE 2016-11-05 18:52:59# mall/index[]
TRACE 2016-11-05 19:07:52# mall/index[]
TRACE 2016-11-05 19:34:43# mall/index[]
TRACE 2016-11-05 19:35:08# mall/index[]
TRACE 2016-11-05 19:53:36# mall/index[]
TRACE 2016-11-05 19:55:28# mall/index[]
TRACE 2016-11-05 20:01:22# mall/index[]
TRACE 2016-11-05 20:10:08# mall/index[]
TRACE 2016-11-05 20:13:39# mall/index[]
TRACE 2016-11-05 20:21:28# mall/index[]
TRACE 2016-11-05 20:40:05# mall/index[]
TRACE 2016-11-05 20:59:34# mall/index[]
TRACE 2016-11-05 21:13:52# mall/index[]
TRACE 2016-11-05 21:16:06# mall/index[]
TRACE 2016-11-05 21:16:17# mall/index[]
TRACE 2016-11-05 21:58:00# mall/index[]
TRACE 2016-11-05 22:11:28# mall/index[]
TRACE 2016-11-05 22:14:55# mall/index[]
TRACE 2016-11-05 22:22:45# mall/index[]
TRACE 2016-11-05 22:25:31# mall/index[]
TRACE 2016-11-05 22:34:53# mall/index[]
TRACE 2016-11-05 22:59:39# mall/index[]
TRACE 2016-11-05 23:10:18# mall/index[]
TRACE 2016-11-05 23:11:04# mall/index[]
TRACE 2016-11-05 23:16:59# mall/index[]
TRACE 2016-11-05 23:22:29# mall/index[]
TRACE 2016-11-05 23:31:19# mall/index[]
TRACE 2016-11-05 23:40:15# mall/index[]
TRACE 2016-11-05 23:45:55# mall/index[]
